<?xml version="1.0" encoding="UTF-8"?>
<testsuites name="jest tests" tests="2766" failures="1" errors="0" time="108.102">
  <testsuite name="getBundleSizeStats" errors="0" failures="1" skipped="0" timestamp="2023-08-29T07:21:57" time="1.168" tests="1">
    <testcase classname="getBundleSizeStats collects bundle stats based on bundlesize config" name="getBundleSizeStats collects bundle stats based on bundlesize config" time="0.02">
      <failure>Error: expect(received).toEqual(expected) // deep equality

- Expected  - 2
+ Received  + 2

@@ -5,21 +5,21 @@
      &quot;isCss&quot;: false,
      &quot;isDefaultVendors&quot;: false,
      &quot;isDynamicImport&quot;: false,
      &quot;isInitial&quot;: true,
      &quot;isJs&quot;: true,
-     &quot;raw&quot;: 15,
+     &quot;raw&quot;: 37777,
    },
    &quot;scripts/sg_home.js&quot;: Object {
      &quot;brotli&quot;: 4,
      &quot;gzip&quot;: 6,
      &quot;isCss&quot;: false,
      &quot;isDefaultVendors&quot;: false,
      &quot;isDynamicImport&quot;: true,
      &quot;isInitial&quot;: false,
      &quot;isJs&quot;: true,
-     &quot;raw&quot;: 15,
+     &quot;raw&quot;: 37777,
    },
    &quot;styles/app.123.bundle.css&quot;: Object {
      &quot;brotli&quot;: 4,
      &quot;gzip&quot;: 6,
      &quot;isCss&quot;: true,
    at Object.toEqual (/Users/muhawenimanajanvier/dev/gitstart-new/client-sourcegraph-front-end/client/observability-server/src/webBundleSize/getBundleSizeStats.test.ts:41:23)
    at Promise.then.completed (/Users/muhawenimanajanvier/dev/gitstart-new/client-sourcegraph-front-end/node_modules/.pnpm/jest-circus@28.1.3/node_modules/jest-circus/build/utils.js:333:28)
    at new Promise (&lt;anonymous&gt;)
    at callAsyncCircusFn (/Users/muhawenimanajanvier/dev/gitstart-new/client-sourcegraph-front-end/node_modules/.pnpm/jest-circus@28.1.3/node_modules/jest-circus/build/utils.js:259:10)
    at _callCircusTest (/Users/muhawenimanajanvier/dev/gitstart-new/client-sourcegraph-front-end/node_modules/.pnpm/jest-circus@28.1.3/node_modules/jest-circus/build/run.js:277:40)
    at processTicksAndRejections (node:internal/process/task_queues:96:5)
    at _runTest (/Users/muhawenimanajanvier/dev/gitstart-new/client-sourcegraph-front-end/node_modules/.pnpm/jest-circus@28.1.3/node_modules/jest-circus/build/run.js:209:3)
    at _runTestsForDescribeBlock (/Users/muhawenimanajanvier/dev/gitstart-new/client-sourcegraph-front-end/node_modules/.pnpm/jest-circus@28.1.3/node_modules/jest-circus/build/run.js:97:9)
    at _runTestsForDescribeBlock (/Users/muhawenimanajanvier/dev/gitstart-new/client-sourcegraph-front-end/node_modules/.pnpm/jest-circus@28.1.3/node_modules/jest-circus/build/run.js:91:9)
    at run (/Users/muhawenimanajanvier/dev/gitstart-new/client-sourcegraph-front-end/node_modules/.pnpm/jest-circus@28.1.3/node_modules/jest-circus/build/run.js:31:3)
    at runAndTransformResultsToJestFormat (/Users/muhawenimanajanvier/dev/gitstart-new/client-sourcegraph-front-end/node_modules/.pnpm/jest-circus@28.1.3/node_modules/jest-circus/build/legacy-code-todo-rewrite/jestAdapterInit.js:135:21)
    at jestAdapter (/Users/muhawenimanajanvier/dev/gitstart-new/client-sourcegraph-front-end/node_modules/.pnpm/jest-circus@28.1.3/node_modules/jest-circus/build/legacy-code-todo-rewrite/jestAdapter.js:92:19)
    at runTestInternal (/Users/muhawenimanajanvier/dev/gitstart-new/client-sourcegraph-front-end/node_modules/.pnpm/jest-runner@28.1.3/node_modules/jest-runner/build/runTest.js:411:16)
    at runTest (/Users/muhawenimanajanvier/dev/gitstart-new/client-sourcegraph-front-end/node_modules/.pnpm/jest-runner@28.1.3/node_modules/jest-runner/build/runTest.js:499:34)
    at Object.worker (/Users/muhawenimanajanvier/dev/gitstart-new/client-sourcegraph-front-end/node_modules/.pnpm/jest-runner@28.1.3/node_modules/jest-runner/build/testWorker.js:135:12)</failure>
    </testcase>
  </testsuite>
  <testsuite name="Bitbucket DOM functions" errors="0" failures="0" skipped="0" timestamp="2023-08-29T07:21:58" time="3.69" tests="38">
    <testcase classname="Bitbucket DOM functions diffDOMFunctions Split view line number 54 in head diff part getLineElementFromLineNumber() should return the right line element given the line number" name="Bitbucket DOM functions diffDOMFunctions Split view line number 54 in head diff part getLineElementFromLineNumber() should return the right line element given the line number" time="0.219">
    </testcase>
    <testcase classname="Bitbucket DOM functions diffDOMFunctions Split view line number 54 in head diff part getCodeElementFromLineNumber() should return the right code element given the line number" name="Bitbucket DOM functions diffDOMFunctions Split view line number 54 in head diff part getCodeElementFromLineNumber() should return the right code element given the line number" time="0.162">
    </testcase>
    <testcase classname="Bitbucket DOM functions diffDOMFunctions Split view line number 54 in head diff part getLineNumberFromCodeElement() should return the right line number given the code element" name="Bitbucket DOM functions diffDOMFunctions Split view line number 54 in head diff part getLineNumberFromCodeElement() should return the right line number given the code element" time="0.092">
    </testcase>
    <testcase classname="Bitbucket DOM functions diffDOMFunctions Split view line number 54 in head diff part getDiffCodePart() should return &quot;head&quot; when given the code element" name="Bitbucket DOM functions diffDOMFunctions Split view line number 54 in head diff part getDiffCodePart() should return &quot;head&quot; when given the code element" time="0.091">
    </testcase>
    <testcase classname="Bitbucket DOM functions diffDOMFunctions Split view line number 54 in head diff part isFirstCharacterDiffIndicator() should return correctly whether the first character is a diff indicator" name="Bitbucket DOM functions diffDOMFunctions Split view line number 54 in head diff part isFirstCharacterDiffIndicator() should return correctly whether the first character is a diff indicator" time="0.127">
    </testcase>
    <testcase classname="Bitbucket DOM functions diffDOMFunctions Split view line number 60 in head diff part getLineElementFromLineNumber() should return the right line element given the line number" name="Bitbucket DOM functions diffDOMFunctions Split view line number 60 in head diff part getLineElementFromLineNumber() should return the right line element given the line number" time="0.107">
    </testcase>
    <testcase classname="Bitbucket DOM functions diffDOMFunctions Split view line number 60 in head diff part getCodeElementFromLineNumber() should return the right code element given the line number" name="Bitbucket DOM functions diffDOMFunctions Split view line number 60 in head diff part getCodeElementFromLineNumber() should return the right code element given the line number" time="0.112">
    </testcase>
    <testcase classname="Bitbucket DOM functions diffDOMFunctions Split view line number 60 in head diff part getLineNumberFromCodeElement() should return the right line number given the code element" name="Bitbucket DOM functions diffDOMFunctions Split view line number 60 in head diff part getLineNumberFromCodeElement() should return the right line number given the code element" time="0.079">
    </testcase>
    <testcase classname="Bitbucket DOM functions diffDOMFunctions Split view line number 60 in head diff part getDiffCodePart() should return &quot;head&quot; when given the code element" name="Bitbucket DOM functions diffDOMFunctions Split view line number 60 in head diff part getDiffCodePart() should return &quot;head&quot; when given the code element" time="0.098">
    </testcase>
    <testcase classname="Bitbucket DOM functions diffDOMFunctions Split view line number 60 in head diff part isFirstCharacterDiffIndicator() should return correctly whether the first character is a diff indicator" name="Bitbucket DOM functions diffDOMFunctions Split view line number 60 in head diff part isFirstCharacterDiffIndicator() should return correctly whether the first character is a diff indicator" time="0.109">
    </testcase>
    <testcase classname="Bitbucket DOM functions diffDOMFunctions Split view line number 102 in base diff part getLineElementFromLineNumber() should return the right line element given the line number" name="Bitbucket DOM functions diffDOMFunctions Split view line number 102 in base diff part getLineElementFromLineNumber() should return the right line element given the line number" time="0.327">
    </testcase>
    <testcase classname="Bitbucket DOM functions diffDOMFunctions Split view line number 102 in base diff part getCodeElementFromLineNumber() should return the right code element given the line number" name="Bitbucket DOM functions diffDOMFunctions Split view line number 102 in base diff part getCodeElementFromLineNumber() should return the right code element given the line number" time="0.42">
    </testcase>
    <testcase classname="Bitbucket DOM functions diffDOMFunctions Split view line number 102 in base diff part getLineNumberFromCodeElement() should return the right line number given the code element" name="Bitbucket DOM functions diffDOMFunctions Split view line number 102 in base diff part getLineNumberFromCodeElement() should return the right line number given the code element" time="0.161">
    </testcase>
    <testcase classname="Bitbucket DOM functions diffDOMFunctions Split view line number 102 in base diff part getDiffCodePart() should return &quot;base&quot; when given the code element" name="Bitbucket DOM functions diffDOMFunctions Split view line number 102 in base diff part getDiffCodePart() should return &quot;base&quot; when given the code element" time="0.196">
    </testcase>
    <testcase classname="Bitbucket DOM functions diffDOMFunctions Split view line number 102 in base diff part isFirstCharacterDiffIndicator() should return correctly whether the first character is a diff indicator" name="Bitbucket DOM functions diffDOMFunctions Split view line number 102 in base diff part isFirstCharacterDiffIndicator() should return correctly whether the first character is a diff indicator" time="0.107">
    </testcase>
    <testcase classname="Bitbucket DOM functions diffDOMFunctions Unified view line number 54 in head diff part getLineElementFromLineNumber() should return the right line element given the line number" name="Bitbucket DOM functions diffDOMFunctions Unified view line number 54 in head diff part getLineElementFromLineNumber() should return the right line element given the line number" time="0.05">
    </testcase>
    <testcase classname="Bitbucket DOM functions diffDOMFunctions Unified view line number 54 in head diff part getCodeElementFromLineNumber() should return the right code element given the line number" name="Bitbucket DOM functions diffDOMFunctions Unified view line number 54 in head diff part getCodeElementFromLineNumber() should return the right code element given the line number" time="0.057">
    </testcase>
    <testcase classname="Bitbucket DOM functions diffDOMFunctions Unified view line number 54 in head diff part getLineNumberFromCodeElement() should return the right line number given the code element" name="Bitbucket DOM functions diffDOMFunctions Unified view line number 54 in head diff part getLineNumberFromCodeElement() should return the right line number given the code element" time="0.062">
    </testcase>
    <testcase classname="Bitbucket DOM functions diffDOMFunctions Unified view line number 54 in head diff part getDiffCodePart() should return &quot;head&quot; when given the code element" name="Bitbucket DOM functions diffDOMFunctions Unified view line number 54 in head diff part getDiffCodePart() should return &quot;head&quot; when given the code element" time="0.05">
    </testcase>
    <testcase classname="Bitbucket DOM functions diffDOMFunctions Unified view line number 54 in head diff part isFirstCharacterDiffIndicator() should return correctly whether the first character is a diff indicator" name="Bitbucket DOM functions diffDOMFunctions Unified view line number 54 in head diff part isFirstCharacterDiffIndicator() should return correctly whether the first character is a diff indicator" time="0.035">
    </testcase>
    <testcase classname="Bitbucket DOM functions diffDOMFunctions Unified view line number 60 in head diff part getLineElementFromLineNumber() should return the right line element given the line number" name="Bitbucket DOM functions diffDOMFunctions Unified view line number 60 in head diff part getLineElementFromLineNumber() should return the right line element given the line number" time="0.1">
    </testcase>
    <testcase classname="Bitbucket DOM functions diffDOMFunctions Unified view line number 60 in head diff part getCodeElementFromLineNumber() should return the right code element given the line number" name="Bitbucket DOM functions diffDOMFunctions Unified view line number 60 in head diff part getCodeElementFromLineNumber() should return the right code element given the line number" time="0.074">
    </testcase>
    <testcase classname="Bitbucket DOM functions diffDOMFunctions Unified view line number 60 in head diff part getLineNumberFromCodeElement() should return the right line number given the code element" name="Bitbucket DOM functions diffDOMFunctions Unified view line number 60 in head diff part getLineNumberFromCodeElement() should return the right line number given the code element" time="0.046">
    </testcase>
    <testcase classname="Bitbucket DOM functions diffDOMFunctions Unified view line number 60 in head diff part getDiffCodePart() should return &quot;head&quot; when given the code element" name="Bitbucket DOM functions diffDOMFunctions Unified view line number 60 in head diff part getDiffCodePart() should return &quot;head&quot; when given the code element" time="0.024">
    </testcase>
    <testcase classname="Bitbucket DOM functions diffDOMFunctions Unified view line number 60 in head diff part isFirstCharacterDiffIndicator() should return correctly whether the first character is a diff indicator" name="Bitbucket DOM functions diffDOMFunctions Unified view line number 60 in head diff part isFirstCharacterDiffIndicator() should return correctly whether the first character is a diff indicator" time="0.045">
    </testcase>
    <testcase classname="Bitbucket DOM functions diffDOMFunctions Unified view line number 102 in base diff part getLineElementFromLineNumber() should return the right line element given the line number" name="Bitbucket DOM functions diffDOMFunctions Unified view line number 102 in base diff part getLineElementFromLineNumber() should return the right line element given the line number" time="0.104">
    </testcase>
    <testcase classname="Bitbucket DOM functions diffDOMFunctions Unified view line number 102 in base diff part getCodeElementFromLineNumber() should return the right code element given the line number" name="Bitbucket DOM functions diffDOMFunctions Unified view line number 102 in base diff part getCodeElementFromLineNumber() should return the right code element given the line number" time="0.047">
    </testcase>
    <testcase classname="Bitbucket DOM functions diffDOMFunctions Unified view line number 102 in base diff part getLineNumberFromCodeElement() should return the right line number given the code element" name="Bitbucket DOM functions diffDOMFunctions Unified view line number 102 in base diff part getLineNumberFromCodeElement() should return the right line number given the code element" time="0.035">
    </testcase>
    <testcase classname="Bitbucket DOM functions diffDOMFunctions Unified view line number 102 in base diff part getDiffCodePart() should return &quot;base&quot; when given the code element" name="Bitbucket DOM functions diffDOMFunctions Unified view line number 102 in base diff part getDiffCodePart() should return &quot;base&quot; when given the code element" time="0.029">
    </testcase>
    <testcase classname="Bitbucket DOM functions diffDOMFunctions Unified view line number 102 in base diff part isFirstCharacterDiffIndicator() should return correctly whether the first character is a diff indicator" name="Bitbucket DOM functions diffDOMFunctions Unified view line number 102 in base diff part isFirstCharacterDiffIndicator() should return correctly whether the first character is a diff indicator" time="0.025">
    </testcase>
    <testcase classname="Bitbucket DOM functions singleFileDOMFunctions line number 1 getLineElementFromLineNumber() should return the right line element given the line number" name="Bitbucket DOM functions singleFileDOMFunctions line number 1 getLineElementFromLineNumber() should return the right line element given the line number" time="0.01">
    </testcase>
    <testcase classname="Bitbucket DOM functions singleFileDOMFunctions line number 1 getCodeElementFromLineNumber() should return the right code element given the line number" name="Bitbucket DOM functions singleFileDOMFunctions line number 1 getCodeElementFromLineNumber() should return the right code element given the line number" time="0.006">
    </testcase>
    <testcase classname="Bitbucket DOM functions singleFileDOMFunctions line number 1 getLineNumberFromCodeElement() should return the right line number given the code element" name="Bitbucket DOM functions singleFileDOMFunctions line number 1 getLineNumberFromCodeElement() should return the right line number given the code element" time="0.005">
    </testcase>
    <testcase classname="Bitbucket DOM functions singleFileDOMFunctions line number 1 isFirstCharacterDiffIndicator() should return correctly whether the first character is a diff indicator" name="Bitbucket DOM functions singleFileDOMFunctions line number 1 isFirstCharacterDiffIndicator() should return correctly whether the first character is a diff indicator" time="0.007">
    </testcase>
    <testcase classname="Bitbucket DOM functions singleFileDOMFunctions line number 18 getLineElementFromLineNumber() should return the right line element given the line number" name="Bitbucket DOM functions singleFileDOMFunctions line number 18 getLineElementFromLineNumber() should return the right line element given the line number" time="0.007">
    </testcase>
    <testcase classname="Bitbucket DOM functions singleFileDOMFunctions line number 18 getCodeElementFromLineNumber() should return the right code element given the line number" name="Bitbucket DOM functions singleFileDOMFunctions line number 18 getCodeElementFromLineNumber() should return the right code element given the line number" time="0.006">
    </testcase>
    <testcase classname="Bitbucket DOM functions singleFileDOMFunctions line number 18 getLineNumberFromCodeElement() should return the right line number given the code element" name="Bitbucket DOM functions singleFileDOMFunctions line number 18 getLineNumberFromCodeElement() should return the right line number given the code element" time="0.009">
    </testcase>
    <testcase classname="Bitbucket DOM functions singleFileDOMFunctions line number 18 isFirstCharacterDiffIndicator() should return correctly whether the first character is a diff indicator" name="Bitbucket DOM functions singleFileDOMFunctions line number 18 isFirstCharacterDiffIndicator() should return correctly whether the first character is a diff indicator" time="0.005">
    </testcase>
  </testsuite>
  <testsuite name="GitHub DOM functions" errors="0" failures="0" skipped="0" timestamp="2023-08-29T07:21:57" time="7.107" tests="292">
    <testcase classname="GitHub DOM functions diffDomFunctions ghe-2.14.11 Commit page Vanilla Split view line number 80 in head diff part getLineElementFromLineNumber() should return the right line element given the line number" name="GitHub DOM functions diffDomFunctions ghe-2.14.11 Commit page Vanilla Split view line number 80 in head diff part getLineElementFromLineNumber() should return the right line element given the line number" time="0.06">
    </testcase>
    <testcase classname="GitHub DOM functions diffDomFunctions ghe-2.14.11 Commit page Vanilla Split view line number 80 in head diff part getCodeElementFromLineNumber() should return the right code element given the line number" name="GitHub DOM functions diffDomFunctions ghe-2.14.11 Commit page Vanilla Split view line number 80 in head diff part getCodeElementFromLineNumber() should return the right code element given the line number" time="0.027">
    </testcase>
    <testcase classname="GitHub DOM functions diffDomFunctions ghe-2.14.11 Commit page Vanilla Split view line number 80 in head diff part getLineNumberFromCodeElement() should return the right line number given the code element" name="GitHub DOM functions diffDomFunctions ghe-2.14.11 Commit page Vanilla Split view line number 80 in head diff part getLineNumberFromCodeElement() should return the right line number given the code element" time="0.019">
    </testcase>
    <testcase classname="GitHub DOM functions diffDomFunctions ghe-2.14.11 Commit page Vanilla Split view line number 80 in head diff part getDiffCodePart() should return &quot;head&quot; when given the code element" name="GitHub DOM functions diffDomFunctions ghe-2.14.11 Commit page Vanilla Split view line number 80 in head diff part getDiffCodePart() should return &quot;head&quot; when given the code element" time="0.01">
    </testcase>
    <testcase classname="GitHub DOM functions diffDomFunctions ghe-2.14.11 Commit page Vanilla Split view line number 80 in head diff part isFirstCharacterDiffIndicator() should return correctly whether the first character is a diff indicator" name="GitHub DOM functions diffDomFunctions ghe-2.14.11 Commit page Vanilla Split view line number 80 in head diff part isFirstCharacterDiffIndicator() should return correctly whether the first character is a diff indicator" time="0.013">
    </testcase>
    <testcase classname="GitHub DOM functions diffDomFunctions ghe-2.14.11 Commit page Vanilla Split view line number 82 in head diff part getLineElementFromLineNumber() should return the right line element given the line number" name="GitHub DOM functions diffDomFunctions ghe-2.14.11 Commit page Vanilla Split view line number 82 in head diff part getLineElementFromLineNumber() should return the right line element given the line number" time="0.014">
    </testcase>
    <testcase classname="GitHub DOM functions diffDomFunctions ghe-2.14.11 Commit page Vanilla Split view line number 82 in head diff part getCodeElementFromLineNumber() should return the right code element given the line number" name="GitHub DOM functions diffDomFunctions ghe-2.14.11 Commit page Vanilla Split view line number 82 in head diff part getCodeElementFromLineNumber() should return the right code element given the line number" time="0.01">
    </testcase>
    <testcase classname="GitHub DOM functions diffDomFunctions ghe-2.14.11 Commit page Vanilla Split view line number 82 in head diff part getLineNumberFromCodeElement() should return the right line number given the code element" name="GitHub DOM functions diffDomFunctions ghe-2.14.11 Commit page Vanilla Split view line number 82 in head diff part getLineNumberFromCodeElement() should return the right line number given the code element" time="0.015">
    </testcase>
    <testcase classname="GitHub DOM functions diffDomFunctions ghe-2.14.11 Commit page Vanilla Split view line number 82 in head diff part getDiffCodePart() should return &quot;head&quot; when given the code element" name="GitHub DOM functions diffDomFunctions ghe-2.14.11 Commit page Vanilla Split view line number 82 in head diff part getDiffCodePart() should return &quot;head&quot; when given the code element" time="0.013">
    </testcase>
    <testcase classname="GitHub DOM functions diffDomFunctions ghe-2.14.11 Commit page Vanilla Split view line number 82 in head diff part isFirstCharacterDiffIndicator() should return correctly whether the first character is a diff indicator" name="GitHub DOM functions diffDomFunctions ghe-2.14.11 Commit page Vanilla Split view line number 82 in head diff part isFirstCharacterDiffIndicator() should return correctly whether the first character is a diff indicator" time="0.006">
    </testcase>
    <testcase classname="GitHub DOM functions diffDomFunctions ghe-2.14.11 Commit page Vanilla Split view line number 82 in base diff part getLineElementFromLineNumber() should return the right line element given the line number" name="GitHub DOM functions diffDomFunctions ghe-2.14.11 Commit page Vanilla Split view line number 82 in base diff part getLineElementFromLineNumber() should return the right line element given the line number" time="0.01">
    </testcase>
    <testcase classname="GitHub DOM functions diffDomFunctions ghe-2.14.11 Commit page Vanilla Split view line number 82 in base diff part getCodeElementFromLineNumber() should return the right code element given the line number" name="GitHub DOM functions diffDomFunctions ghe-2.14.11 Commit page Vanilla Split view line number 82 in base diff part getCodeElementFromLineNumber() should return the right code element given the line number" time="0.007">
    </testcase>
    <testcase classname="GitHub DOM functions diffDomFunctions ghe-2.14.11 Commit page Vanilla Split view line number 82 in base diff part getLineNumberFromCodeElement() should return the right line number given the code element" name="GitHub DOM functions diffDomFunctions ghe-2.14.11 Commit page Vanilla Split view line number 82 in base diff part getLineNumberFromCodeElement() should return the right line number given the code element" time="0.009">
    </testcase>
    <testcase classname="GitHub DOM functions diffDomFunctions ghe-2.14.11 Commit page Vanilla Split view line number 82 in base diff part getDiffCodePart() should return &quot;base&quot; when given the code element" name="GitHub DOM functions diffDomFunctions ghe-2.14.11 Commit page Vanilla Split view line number 82 in base diff part getDiffCodePart() should return &quot;base&quot; when given the code element" time="0.009">
    </testcase>
    <testcase classname="GitHub DOM functions diffDomFunctions ghe-2.14.11 Commit page Vanilla Split view line number 82 in base diff part isFirstCharacterDiffIndicator() should return correctly whether the first character is a diff indicator" name="GitHub DOM functions diffDomFunctions ghe-2.14.11 Commit page Vanilla Split view line number 82 in base diff part isFirstCharacterDiffIndicator() should return correctly whether the first character is a diff indicator" time="0.008">
    </testcase>
    <testcase classname="GitHub DOM functions diffDomFunctions ghe-2.14.11 Commit page Vanilla Unified view line number 80 in head diff part getLineElementFromLineNumber() should return the right line element given the line number" name="GitHub DOM functions diffDomFunctions ghe-2.14.11 Commit page Vanilla Unified view line number 80 in head diff part getLineElementFromLineNumber() should return the right line element given the line number" time="0.006">
    </testcase>
    <testcase classname="GitHub DOM functions diffDomFunctions ghe-2.14.11 Commit page Vanilla Unified view line number 80 in head diff part getCodeElementFromLineNumber() should return the right code element given the line number" name="GitHub DOM functions diffDomFunctions ghe-2.14.11 Commit page Vanilla Unified view line number 80 in head diff part getCodeElementFromLineNumber() should return the right code element given the line number" time="0.007">
    </testcase>
    <testcase classname="GitHub DOM functions diffDomFunctions ghe-2.14.11 Commit page Vanilla Unified view line number 80 in head diff part getLineNumberFromCodeElement() should return the right line number given the code element" name="GitHub DOM functions diffDomFunctions ghe-2.14.11 Commit page Vanilla Unified view line number 80 in head diff part getLineNumberFromCodeElement() should return the right line number given the code element" time="0.006">
    </testcase>
    <testcase classname="GitHub DOM functions diffDomFunctions ghe-2.14.11 Commit page Vanilla Unified view line number 80 in head diff part getDiffCodePart() should return &quot;head&quot; when given the code element" name="GitHub DOM functions diffDomFunctions ghe-2.14.11 Commit page Vanilla Unified view line number 80 in head diff part getDiffCodePart() should return &quot;head&quot; when given the code element" time="0.004">
    </testcase>
    <testcase classname="GitHub DOM functions diffDomFunctions ghe-2.14.11 Commit page Vanilla Unified view line number 80 in head diff part isFirstCharacterDiffIndicator() should return correctly whether the first character is a diff indicator" name="GitHub DOM functions diffDomFunctions ghe-2.14.11 Commit page Vanilla Unified view line number 80 in head diff part isFirstCharacterDiffIndicator() should return correctly whether the first character is a diff indicator" time="0.006">
    </testcase>
    <testcase classname="GitHub DOM functions diffDomFunctions ghe-2.14.11 Commit page Vanilla Unified view line number 82 in head diff part getLineElementFromLineNumber() should return the right line element given the line number" name="GitHub DOM functions diffDomFunctions ghe-2.14.11 Commit page Vanilla Unified view line number 82 in head diff part getLineElementFromLineNumber() should return the right line element given the line number" time="0.006">
    </testcase>
    <testcase classname="GitHub DOM functions diffDomFunctions ghe-2.14.11 Commit page Vanilla Unified view line number 82 in head diff part getCodeElementFromLineNumber() should return the right code element given the line number" name="GitHub DOM functions diffDomFunctions ghe-2.14.11 Commit page Vanilla Unified view line number 82 in head diff part getCodeElementFromLineNumber() should return the right code element given the line number" time="0.007">
    </testcase>
    <testcase classname="GitHub DOM functions diffDomFunctions ghe-2.14.11 Commit page Vanilla Unified view line number 82 in head diff part getLineNumberFromCodeElement() should return the right line number given the code element" name="GitHub DOM functions diffDomFunctions ghe-2.14.11 Commit page Vanilla Unified view line number 82 in head diff part getLineNumberFromCodeElement() should return the right line number given the code element" time="0.004">
    </testcase>
    <testcase classname="GitHub DOM functions diffDomFunctions ghe-2.14.11 Commit page Vanilla Unified view line number 82 in head diff part getDiffCodePart() should return &quot;head&quot; when given the code element" name="GitHub DOM functions diffDomFunctions ghe-2.14.11 Commit page Vanilla Unified view line number 82 in head diff part getDiffCodePart() should return &quot;head&quot; when given the code element" time="0.004">
    </testcase>
    <testcase classname="GitHub DOM functions diffDomFunctions ghe-2.14.11 Commit page Vanilla Unified view line number 82 in head diff part isFirstCharacterDiffIndicator() should return correctly whether the first character is a diff indicator" name="GitHub DOM functions diffDomFunctions ghe-2.14.11 Commit page Vanilla Unified view line number 82 in head diff part isFirstCharacterDiffIndicator() should return correctly whether the first character is a diff indicator" time="0.006">
    </testcase>
    <testcase classname="GitHub DOM functions diffDomFunctions ghe-2.14.11 Commit page Vanilla Unified view line number 82 in base diff part getLineElementFromLineNumber() should return the right line element given the line number" name="GitHub DOM functions diffDomFunctions ghe-2.14.11 Commit page Vanilla Unified view line number 82 in base diff part getLineElementFromLineNumber() should return the right line element given the line number" time="0.008">
    </testcase>
    <testcase classname="GitHub DOM functions diffDomFunctions ghe-2.14.11 Commit page Vanilla Unified view line number 82 in base diff part getCodeElementFromLineNumber() should return the right code element given the line number" name="GitHub DOM functions diffDomFunctions ghe-2.14.11 Commit page Vanilla Unified view line number 82 in base diff part getCodeElementFromLineNumber() should return the right code element given the line number" time="0.006">
    </testcase>
    <testcase classname="GitHub DOM functions diffDomFunctions ghe-2.14.11 Commit page Vanilla Unified view line number 82 in base diff part getLineNumberFromCodeElement() should return the right line number given the code element" name="GitHub DOM functions diffDomFunctions ghe-2.14.11 Commit page Vanilla Unified view line number 82 in base diff part getLineNumberFromCodeElement() should return the right line number given the code element" time="0.003">
    </testcase>
    <testcase classname="GitHub DOM functions diffDomFunctions ghe-2.14.11 Commit page Vanilla Unified view line number 82 in base diff part getDiffCodePart() should return &quot;base&quot; when given the code element" name="GitHub DOM functions diffDomFunctions ghe-2.14.11 Commit page Vanilla Unified view line number 82 in base diff part getDiffCodePart() should return &quot;base&quot; when given the code element" time="0.005">
    </testcase>
    <testcase classname="GitHub DOM functions diffDomFunctions ghe-2.14.11 Commit page Vanilla Unified view line number 82 in base diff part isFirstCharacterDiffIndicator() should return correctly whether the first character is a diff indicator" name="GitHub DOM functions diffDomFunctions ghe-2.14.11 Commit page Vanilla Unified view line number 82 in base diff part isFirstCharacterDiffIndicator() should return correctly whether the first character is a diff indicator" time="0.006">
    </testcase>
    <testcase classname="GitHub DOM functions diffDomFunctions ghe-2.14.11 Commit page Refined Github Split view line number 80 in head diff part getLineElementFromLineNumber() should return the right line element given the line number" name="GitHub DOM functions diffDomFunctions ghe-2.14.11 Commit page Refined Github Split view line number 80 in head diff part getLineElementFromLineNumber() should return the right line element given the line number" time="0.008">
    </testcase>
    <testcase classname="GitHub DOM functions diffDomFunctions ghe-2.14.11 Commit page Refined Github Split view line number 80 in head diff part getCodeElementFromLineNumber() should return the right code element given the line number" name="GitHub DOM functions diffDomFunctions ghe-2.14.11 Commit page Refined Github Split view line number 80 in head diff part getCodeElementFromLineNumber() should return the right code element given the line number" time="0.023">
    </testcase>
    <testcase classname="GitHub DOM functions diffDomFunctions ghe-2.14.11 Commit page Refined Github Split view line number 80 in head diff part getLineNumberFromCodeElement() should return the right line number given the code element" name="GitHub DOM functions diffDomFunctions ghe-2.14.11 Commit page Refined Github Split view line number 80 in head diff part getLineNumberFromCodeElement() should return the right line number given the code element" time="0.008">
    </testcase>
    <testcase classname="GitHub DOM functions diffDomFunctions ghe-2.14.11 Commit page Refined Github Split view line number 80 in head diff part getDiffCodePart() should return &quot;head&quot; when given the code element" name="GitHub DOM functions diffDomFunctions ghe-2.14.11 Commit page Refined Github Split view line number 80 in head diff part getDiffCodePart() should return &quot;head&quot; when given the code element" time="0.005">
    </testcase>
    <testcase classname="GitHub DOM functions diffDomFunctions ghe-2.14.11 Commit page Refined Github Split view line number 80 in head diff part isFirstCharacterDiffIndicator() should return correctly whether the first character is a diff indicator" name="GitHub DOM functions diffDomFunctions ghe-2.14.11 Commit page Refined Github Split view line number 80 in head diff part isFirstCharacterDiffIndicator() should return correctly whether the first character is a diff indicator" time="0.005">
    </testcase>
    <testcase classname="GitHub DOM functions diffDomFunctions ghe-2.14.11 Commit page Refined Github Split view line number 82 in head diff part getLineElementFromLineNumber() should return the right line element given the line number" name="GitHub DOM functions diffDomFunctions ghe-2.14.11 Commit page Refined Github Split view line number 82 in head diff part getLineElementFromLineNumber() should return the right line element given the line number" time="0.008">
    </testcase>
    <testcase classname="GitHub DOM functions diffDomFunctions ghe-2.14.11 Commit page Refined Github Split view line number 82 in head diff part getCodeElementFromLineNumber() should return the right code element given the line number" name="GitHub DOM functions diffDomFunctions ghe-2.14.11 Commit page Refined Github Split view line number 82 in head diff part getCodeElementFromLineNumber() should return the right code element given the line number" time="0.007">
    </testcase>
    <testcase classname="GitHub DOM functions diffDomFunctions ghe-2.14.11 Commit page Refined Github Split view line number 82 in head diff part getLineNumberFromCodeElement() should return the right line number given the code element" name="GitHub DOM functions diffDomFunctions ghe-2.14.11 Commit page Refined Github Split view line number 82 in head diff part getLineNumberFromCodeElement() should return the right line number given the code element" time="0.005">
    </testcase>
    <testcase classname="GitHub DOM functions diffDomFunctions ghe-2.14.11 Commit page Refined Github Split view line number 82 in head diff part getDiffCodePart() should return &quot;head&quot; when given the code element" name="GitHub DOM functions diffDomFunctions ghe-2.14.11 Commit page Refined Github Split view line number 82 in head diff part getDiffCodePart() should return &quot;head&quot; when given the code element" time="0.007">
    </testcase>
    <testcase classname="GitHub DOM functions diffDomFunctions ghe-2.14.11 Commit page Refined Github Split view line number 82 in head diff part isFirstCharacterDiffIndicator() should return correctly whether the first character is a diff indicator" name="GitHub DOM functions diffDomFunctions ghe-2.14.11 Commit page Refined Github Split view line number 82 in head diff part isFirstCharacterDiffIndicator() should return correctly whether the first character is a diff indicator" time="0.007">
    </testcase>
    <testcase classname="GitHub DOM functions diffDomFunctions ghe-2.14.11 Commit page Refined Github Split view line number 82 in base diff part getLineElementFromLineNumber() should return the right line element given the line number" name="GitHub DOM functions diffDomFunctions ghe-2.14.11 Commit page Refined Github Split view line number 82 in base diff part getLineElementFromLineNumber() should return the right line element given the line number" time="0.005">
    </testcase>
    <testcase classname="GitHub DOM functions diffDomFunctions ghe-2.14.11 Commit page Refined Github Split view line number 82 in base diff part getCodeElementFromLineNumber() should return the right code element given the line number" name="GitHub DOM functions diffDomFunctions ghe-2.14.11 Commit page Refined Github Split view line number 82 in base diff part getCodeElementFromLineNumber() should return the right code element given the line number" time="0.01">
    </testcase>
    <testcase classname="GitHub DOM functions diffDomFunctions ghe-2.14.11 Commit page Refined Github Split view line number 82 in base diff part getLineNumberFromCodeElement() should return the right line number given the code element" name="GitHub DOM functions diffDomFunctions ghe-2.14.11 Commit page Refined Github Split view line number 82 in base diff part getLineNumberFromCodeElement() should return the right line number given the code element" time="0.005">
    </testcase>
    <testcase classname="GitHub DOM functions diffDomFunctions ghe-2.14.11 Commit page Refined Github Split view line number 82 in base diff part getDiffCodePart() should return &quot;base&quot; when given the code element" name="GitHub DOM functions diffDomFunctions ghe-2.14.11 Commit page Refined Github Split view line number 82 in base diff part getDiffCodePart() should return &quot;base&quot; when given the code element" time="0.006">
    </testcase>
    <testcase classname="GitHub DOM functions diffDomFunctions ghe-2.14.11 Commit page Refined Github Split view line number 82 in base diff part isFirstCharacterDiffIndicator() should return correctly whether the first character is a diff indicator" name="GitHub DOM functions diffDomFunctions ghe-2.14.11 Commit page Refined Github Split view line number 82 in base diff part isFirstCharacterDiffIndicator() should return correctly whether the first character is a diff indicator" time="0.01">
    </testcase>
    <testcase classname="GitHub DOM functions diffDomFunctions ghe-2.14.11 Commit page Refined Github Unified view line number 80 in head diff part getLineElementFromLineNumber() should return the right line element given the line number" name="GitHub DOM functions diffDomFunctions ghe-2.14.11 Commit page Refined Github Unified view line number 80 in head diff part getLineElementFromLineNumber() should return the right line element given the line number" time="0.004">
    </testcase>
    <testcase classname="GitHub DOM functions diffDomFunctions ghe-2.14.11 Commit page Refined Github Unified view line number 80 in head diff part getCodeElementFromLineNumber() should return the right code element given the line number" name="GitHub DOM functions diffDomFunctions ghe-2.14.11 Commit page Refined Github Unified view line number 80 in head diff part getCodeElementFromLineNumber() should return the right code element given the line number" time="0.005">
    </testcase>
    <testcase classname="GitHub DOM functions diffDomFunctions ghe-2.14.11 Commit page Refined Github Unified view line number 80 in head diff part getLineNumberFromCodeElement() should return the right line number given the code element" name="GitHub DOM functions diffDomFunctions ghe-2.14.11 Commit page Refined Github Unified view line number 80 in head diff part getLineNumberFromCodeElement() should return the right line number given the code element" time="0.009">
    </testcase>
    <testcase classname="GitHub DOM functions diffDomFunctions ghe-2.14.11 Commit page Refined Github Unified view line number 80 in head diff part getDiffCodePart() should return &quot;head&quot; when given the code element" name="GitHub DOM functions diffDomFunctions ghe-2.14.11 Commit page Refined Github Unified view line number 80 in head diff part getDiffCodePart() should return &quot;head&quot; when given the code element" time="0.008">
    </testcase>
    <testcase classname="GitHub DOM functions diffDomFunctions ghe-2.14.11 Commit page Refined Github Unified view line number 80 in head diff part isFirstCharacterDiffIndicator() should return correctly whether the first character is a diff indicator" name="GitHub DOM functions diffDomFunctions ghe-2.14.11 Commit page Refined Github Unified view line number 80 in head diff part isFirstCharacterDiffIndicator() should return correctly whether the first character is a diff indicator" time="0.003">
    </testcase>
    <testcase classname="GitHub DOM functions diffDomFunctions ghe-2.14.11 Commit page Refined Github Unified view line number 82 in head diff part getLineElementFromLineNumber() should return the right line element given the line number" name="GitHub DOM functions diffDomFunctions ghe-2.14.11 Commit page Refined Github Unified view line number 82 in head diff part getLineElementFromLineNumber() should return the right line element given the line number" time="0.005">
    </testcase>
    <testcase classname="GitHub DOM functions diffDomFunctions ghe-2.14.11 Commit page Refined Github Unified view line number 82 in head diff part getCodeElementFromLineNumber() should return the right code element given the line number" name="GitHub DOM functions diffDomFunctions ghe-2.14.11 Commit page Refined Github Unified view line number 82 in head diff part getCodeElementFromLineNumber() should return the right code element given the line number" time="0.01">
    </testcase>
    <testcase classname="GitHub DOM functions diffDomFunctions ghe-2.14.11 Commit page Refined Github Unified view line number 82 in head diff part getLineNumberFromCodeElement() should return the right line number given the code element" name="GitHub DOM functions diffDomFunctions ghe-2.14.11 Commit page Refined Github Unified view line number 82 in head diff part getLineNumberFromCodeElement() should return the right line number given the code element" time="0.005">
    </testcase>
    <testcase classname="GitHub DOM functions diffDomFunctions ghe-2.14.11 Commit page Refined Github Unified view line number 82 in head diff part getDiffCodePart() should return &quot;head&quot; when given the code element" name="GitHub DOM functions diffDomFunctions ghe-2.14.11 Commit page Refined Github Unified view line number 82 in head diff part getDiffCodePart() should return &quot;head&quot; when given the code element" time="0.006">
    </testcase>
    <testcase classname="GitHub DOM functions diffDomFunctions ghe-2.14.11 Commit page Refined Github Unified view line number 82 in head diff part isFirstCharacterDiffIndicator() should return correctly whether the first character is a diff indicator" name="GitHub DOM functions diffDomFunctions ghe-2.14.11 Commit page Refined Github Unified view line number 82 in head diff part isFirstCharacterDiffIndicator() should return correctly whether the first character is a diff indicator" time="0.006">
    </testcase>
    <testcase classname="GitHub DOM functions diffDomFunctions ghe-2.14.11 Commit page Refined Github Unified view line number 82 in base diff part getLineElementFromLineNumber() should return the right line element given the line number" name="GitHub DOM functions diffDomFunctions ghe-2.14.11 Commit page Refined Github Unified view line number 82 in base diff part getLineElementFromLineNumber() should return the right line element given the line number" time="0.008">
    </testcase>
    <testcase classname="GitHub DOM functions diffDomFunctions ghe-2.14.11 Commit page Refined Github Unified view line number 82 in base diff part getCodeElementFromLineNumber() should return the right code element given the line number" name="GitHub DOM functions diffDomFunctions ghe-2.14.11 Commit page Refined Github Unified view line number 82 in base diff part getCodeElementFromLineNumber() should return the right code element given the line number" time="0.004">
    </testcase>
    <testcase classname="GitHub DOM functions diffDomFunctions ghe-2.14.11 Commit page Refined Github Unified view line number 82 in base diff part getLineNumberFromCodeElement() should return the right line number given the code element" name="GitHub DOM functions diffDomFunctions ghe-2.14.11 Commit page Refined Github Unified view line number 82 in base diff part getLineNumberFromCodeElement() should return the right line number given the code element" time="0.003">
    </testcase>
    <testcase classname="GitHub DOM functions diffDomFunctions ghe-2.14.11 Commit page Refined Github Unified view line number 82 in base diff part getDiffCodePart() should return &quot;base&quot; when given the code element" name="GitHub DOM functions diffDomFunctions ghe-2.14.11 Commit page Refined Github Unified view line number 82 in base diff part getDiffCodePart() should return &quot;base&quot; when given the code element" time="0.005">
    </testcase>
    <testcase classname="GitHub DOM functions diffDomFunctions ghe-2.14.11 Commit page Refined Github Unified view line number 82 in base diff part isFirstCharacterDiffIndicator() should return correctly whether the first character is a diff indicator" name="GitHub DOM functions diffDomFunctions ghe-2.14.11 Commit page Refined Github Unified view line number 82 in base diff part isFirstCharacterDiffIndicator() should return correctly whether the first character is a diff indicator" time="0.006">
    </testcase>
    <testcase classname="GitHub DOM functions diffDomFunctions ghe-2.14.11 Pull Request page Vanilla Split view line number 63 in head diff part getLineElementFromLineNumber() should return the right line element given the line number" name="GitHub DOM functions diffDomFunctions ghe-2.14.11 Pull Request page Vanilla Split view line number 63 in head diff part getLineElementFromLineNumber() should return the right line element given the line number" time="0.058">
    </testcase>
    <testcase classname="GitHub DOM functions diffDomFunctions ghe-2.14.11 Pull Request page Vanilla Split view line number 63 in head diff part getCodeElementFromLineNumber() should return the right code element given the line number" name="GitHub DOM functions diffDomFunctions ghe-2.14.11 Pull Request page Vanilla Split view line number 63 in head diff part getCodeElementFromLineNumber() should return the right code element given the line number" time="0.06">
    </testcase>
    <testcase classname="GitHub DOM functions diffDomFunctions ghe-2.14.11 Pull Request page Vanilla Split view line number 63 in head diff part getLineNumberFromCodeElement() should return the right line number given the code element" name="GitHub DOM functions diffDomFunctions ghe-2.14.11 Pull Request page Vanilla Split view line number 63 in head diff part getLineNumberFromCodeElement() should return the right line number given the code element" time="0.037">
    </testcase>
    <testcase classname="GitHub DOM functions diffDomFunctions ghe-2.14.11 Pull Request page Vanilla Split view line number 63 in head diff part getDiffCodePart() should return &quot;head&quot; when given the code element" name="GitHub DOM functions diffDomFunctions ghe-2.14.11 Pull Request page Vanilla Split view line number 63 in head diff part getDiffCodePart() should return &quot;head&quot; when given the code element" time="0.037">
    </testcase>
    <testcase classname="GitHub DOM functions diffDomFunctions ghe-2.14.11 Pull Request page Vanilla Split view line number 63 in head diff part isFirstCharacterDiffIndicator() should return correctly whether the first character is a diff indicator" name="GitHub DOM functions diffDomFunctions ghe-2.14.11 Pull Request page Vanilla Split view line number 63 in head diff part isFirstCharacterDiffIndicator() should return correctly whether the first character is a diff indicator" time="0.036">
    </testcase>
    <testcase classname="GitHub DOM functions diffDomFunctions ghe-2.14.11 Pull Request page Vanilla Split view line number 64 in head diff part getLineElementFromLineNumber() should return the right line element given the line number" name="GitHub DOM functions diffDomFunctions ghe-2.14.11 Pull Request page Vanilla Split view line number 64 in head diff part getLineElementFromLineNumber() should return the right line element given the line number" time="0.043">
    </testcase>
    <testcase classname="GitHub DOM functions diffDomFunctions ghe-2.14.11 Pull Request page Vanilla Split view line number 64 in head diff part getCodeElementFromLineNumber() should return the right code element given the line number" name="GitHub DOM functions diffDomFunctions ghe-2.14.11 Pull Request page Vanilla Split view line number 64 in head diff part getCodeElementFromLineNumber() should return the right code element given the line number" time="0.04">
    </testcase>
    <testcase classname="GitHub DOM functions diffDomFunctions ghe-2.14.11 Pull Request page Vanilla Split view line number 64 in head diff part getLineNumberFromCodeElement() should return the right line number given the code element" name="GitHub DOM functions diffDomFunctions ghe-2.14.11 Pull Request page Vanilla Split view line number 64 in head diff part getLineNumberFromCodeElement() should return the right line number given the code element" time="0.033">
    </testcase>
    <testcase classname="GitHub DOM functions diffDomFunctions ghe-2.14.11 Pull Request page Vanilla Split view line number 64 in head diff part getDiffCodePart() should return &quot;head&quot; when given the code element" name="GitHub DOM functions diffDomFunctions ghe-2.14.11 Pull Request page Vanilla Split view line number 64 in head diff part getDiffCodePart() should return &quot;head&quot; when given the code element" time="0.04">
    </testcase>
    <testcase classname="GitHub DOM functions diffDomFunctions ghe-2.14.11 Pull Request page Vanilla Split view line number 64 in head diff part isFirstCharacterDiffIndicator() should return correctly whether the first character is a diff indicator" name="GitHub DOM functions diffDomFunctions ghe-2.14.11 Pull Request page Vanilla Split view line number 64 in head diff part isFirstCharacterDiffIndicator() should return correctly whether the first character is a diff indicator" time="0.039">
    </testcase>
    <testcase classname="GitHub DOM functions diffDomFunctions ghe-2.14.11 Pull Request page Vanilla Unified view line number 63 in head diff part getLineElementFromLineNumber() should return the right line element given the line number" name="GitHub DOM functions diffDomFunctions ghe-2.14.11 Pull Request page Vanilla Unified view line number 63 in head diff part getLineElementFromLineNumber() should return the right line element given the line number" time="0.053">
    </testcase>
    <testcase classname="GitHub DOM functions diffDomFunctions ghe-2.14.11 Pull Request page Vanilla Unified view line number 63 in head diff part getCodeElementFromLineNumber() should return the right code element given the line number" name="GitHub DOM functions diffDomFunctions ghe-2.14.11 Pull Request page Vanilla Unified view line number 63 in head diff part getCodeElementFromLineNumber() should return the right code element given the line number" time="0.037">
    </testcase>
    <testcase classname="GitHub DOM functions diffDomFunctions ghe-2.14.11 Pull Request page Vanilla Unified view line number 63 in head diff part getLineNumberFromCodeElement() should return the right line number given the code element" name="GitHub DOM functions diffDomFunctions ghe-2.14.11 Pull Request page Vanilla Unified view line number 63 in head diff part getLineNumberFromCodeElement() should return the right line number given the code element" time="0.035">
    </testcase>
    <testcase classname="GitHub DOM functions diffDomFunctions ghe-2.14.11 Pull Request page Vanilla Unified view line number 63 in head diff part getDiffCodePart() should return &quot;head&quot; when given the code element" name="GitHub DOM functions diffDomFunctions ghe-2.14.11 Pull Request page Vanilla Unified view line number 63 in head diff part getDiffCodePart() should return &quot;head&quot; when given the code element" time="0.04">
    </testcase>
    <testcase classname="GitHub DOM functions diffDomFunctions ghe-2.14.11 Pull Request page Vanilla Unified view line number 63 in head diff part isFirstCharacterDiffIndicator() should return correctly whether the first character is a diff indicator" name="GitHub DOM functions diffDomFunctions ghe-2.14.11 Pull Request page Vanilla Unified view line number 63 in head diff part isFirstCharacterDiffIndicator() should return correctly whether the first character is a diff indicator" time="0.038">
    </testcase>
    <testcase classname="GitHub DOM functions diffDomFunctions ghe-2.14.11 Pull Request page Vanilla Unified view line number 64 in head diff part getLineElementFromLineNumber() should return the right line element given the line number" name="GitHub DOM functions diffDomFunctions ghe-2.14.11 Pull Request page Vanilla Unified view line number 64 in head diff part getLineElementFromLineNumber() should return the right line element given the line number" time="0.048">
    </testcase>
    <testcase classname="GitHub DOM functions diffDomFunctions ghe-2.14.11 Pull Request page Vanilla Unified view line number 64 in head diff part getCodeElementFromLineNumber() should return the right code element given the line number" name="GitHub DOM functions diffDomFunctions ghe-2.14.11 Pull Request page Vanilla Unified view line number 64 in head diff part getCodeElementFromLineNumber() should return the right code element given the line number" time="0.041">
    </testcase>
    <testcase classname="GitHub DOM functions diffDomFunctions ghe-2.14.11 Pull Request page Vanilla Unified view line number 64 in head diff part getLineNumberFromCodeElement() should return the right line number given the code element" name="GitHub DOM functions diffDomFunctions ghe-2.14.11 Pull Request page Vanilla Unified view line number 64 in head diff part getLineNumberFromCodeElement() should return the right line number given the code element" time="0.031">
    </testcase>
    <testcase classname="GitHub DOM functions diffDomFunctions ghe-2.14.11 Pull Request page Vanilla Unified view line number 64 in head diff part getDiffCodePart() should return &quot;head&quot; when given the code element" name="GitHub DOM functions diffDomFunctions ghe-2.14.11 Pull Request page Vanilla Unified view line number 64 in head diff part getDiffCodePart() should return &quot;head&quot; when given the code element" time="0.032">
    </testcase>
    <testcase classname="GitHub DOM functions diffDomFunctions ghe-2.14.11 Pull Request page Vanilla Unified view line number 64 in head diff part isFirstCharacterDiffIndicator() should return correctly whether the first character is a diff indicator" name="GitHub DOM functions diffDomFunctions ghe-2.14.11 Pull Request page Vanilla Unified view line number 64 in head diff part isFirstCharacterDiffIndicator() should return correctly whether the first character is a diff indicator" time="0.033">
    </testcase>
    <testcase classname="GitHub DOM functions diffDomFunctions ghe-2.14.11 Pull Request page Refined Github Split view line number 63 in head diff part getLineElementFromLineNumber() should return the right line element given the line number" name="GitHub DOM functions diffDomFunctions ghe-2.14.11 Pull Request page Refined Github Split view line number 63 in head diff part getLineElementFromLineNumber() should return the right line element given the line number" time="0.052">
    </testcase>
    <testcase classname="GitHub DOM functions diffDomFunctions ghe-2.14.11 Pull Request page Refined Github Split view line number 63 in head diff part getCodeElementFromLineNumber() should return the right code element given the line number" name="GitHub DOM functions diffDomFunctions ghe-2.14.11 Pull Request page Refined Github Split view line number 63 in head diff part getCodeElementFromLineNumber() should return the right code element given the line number" time="0.046">
    </testcase>
    <testcase classname="GitHub DOM functions diffDomFunctions ghe-2.14.11 Pull Request page Refined Github Split view line number 63 in head diff part getLineNumberFromCodeElement() should return the right line number given the code element" name="GitHub DOM functions diffDomFunctions ghe-2.14.11 Pull Request page Refined Github Split view line number 63 in head diff part getLineNumberFromCodeElement() should return the right line number given the code element" time="0.043">
    </testcase>
    <testcase classname="GitHub DOM functions diffDomFunctions ghe-2.14.11 Pull Request page Refined Github Split view line number 63 in head diff part getDiffCodePart() should return &quot;head&quot; when given the code element" name="GitHub DOM functions diffDomFunctions ghe-2.14.11 Pull Request page Refined Github Split view line number 63 in head diff part getDiffCodePart() should return &quot;head&quot; when given the code element" time="0.048">
    </testcase>
    <testcase classname="GitHub DOM functions diffDomFunctions ghe-2.14.11 Pull Request page Refined Github Split view line number 63 in head diff part isFirstCharacterDiffIndicator() should return correctly whether the first character is a diff indicator" name="GitHub DOM functions diffDomFunctions ghe-2.14.11 Pull Request page Refined Github Split view line number 63 in head diff part isFirstCharacterDiffIndicator() should return correctly whether the first character is a diff indicator" time="0.057">
    </testcase>
    <testcase classname="GitHub DOM functions diffDomFunctions ghe-2.14.11 Pull Request page Refined Github Split view line number 64 in head diff part getLineElementFromLineNumber() should return the right line element given the line number" name="GitHub DOM functions diffDomFunctions ghe-2.14.11 Pull Request page Refined Github Split view line number 64 in head diff part getLineElementFromLineNumber() should return the right line element given the line number" time="0.247">
    </testcase>
    <testcase classname="GitHub DOM functions diffDomFunctions ghe-2.14.11 Pull Request page Refined Github Split view line number 64 in head diff part getCodeElementFromLineNumber() should return the right code element given the line number" name="GitHub DOM functions diffDomFunctions ghe-2.14.11 Pull Request page Refined Github Split view line number 64 in head diff part getCodeElementFromLineNumber() should return the right code element given the line number" time="0.222">
    </testcase>
    <testcase classname="GitHub DOM functions diffDomFunctions ghe-2.14.11 Pull Request page Refined Github Split view line number 64 in head diff part getLineNumberFromCodeElement() should return the right line number given the code element" name="GitHub DOM functions diffDomFunctions ghe-2.14.11 Pull Request page Refined Github Split view line number 64 in head diff part getLineNumberFromCodeElement() should return the right line number given the code element" time="0.114">
    </testcase>
    <testcase classname="GitHub DOM functions diffDomFunctions ghe-2.14.11 Pull Request page Refined Github Split view line number 64 in head diff part getDiffCodePart() should return &quot;head&quot; when given the code element" name="GitHub DOM functions diffDomFunctions ghe-2.14.11 Pull Request page Refined Github Split view line number 64 in head diff part getDiffCodePart() should return &quot;head&quot; when given the code element" time="0.05">
    </testcase>
    <testcase classname="GitHub DOM functions diffDomFunctions ghe-2.14.11 Pull Request page Refined Github Split view line number 64 in head diff part isFirstCharacterDiffIndicator() should return correctly whether the first character is a diff indicator" name="GitHub DOM functions diffDomFunctions ghe-2.14.11 Pull Request page Refined Github Split view line number 64 in head diff part isFirstCharacterDiffIndicator() should return correctly whether the first character is a diff indicator" time="0.053">
    </testcase>
    <testcase classname="GitHub DOM functions diffDomFunctions ghe-2.14.11 Pull Request page Refined Github Unified view line number 63 in head diff part getLineElementFromLineNumber() should return the right line element given the line number" name="GitHub DOM functions diffDomFunctions ghe-2.14.11 Pull Request page Refined Github Unified view line number 63 in head diff part getLineElementFromLineNumber() should return the right line element given the line number" time="0.074">
    </testcase>
    <testcase classname="GitHub DOM functions diffDomFunctions ghe-2.14.11 Pull Request page Refined Github Unified view line number 63 in head diff part getCodeElementFromLineNumber() should return the right code element given the line number" name="GitHub DOM functions diffDomFunctions ghe-2.14.11 Pull Request page Refined Github Unified view line number 63 in head diff part getCodeElementFromLineNumber() should return the right code element given the line number" time="0.072">
    </testcase>
    <testcase classname="GitHub DOM functions diffDomFunctions ghe-2.14.11 Pull Request page Refined Github Unified view line number 63 in head diff part getLineNumberFromCodeElement() should return the right line number given the code element" name="GitHub DOM functions diffDomFunctions ghe-2.14.11 Pull Request page Refined Github Unified view line number 63 in head diff part getLineNumberFromCodeElement() should return the right line number given the code element" time="0.088">
    </testcase>
    <testcase classname="GitHub DOM functions diffDomFunctions ghe-2.14.11 Pull Request page Refined Github Unified view line number 63 in head diff part getDiffCodePart() should return &quot;head&quot; when given the code element" name="GitHub DOM functions diffDomFunctions ghe-2.14.11 Pull Request page Refined Github Unified view line number 63 in head diff part getDiffCodePart() should return &quot;head&quot; when given the code element" time="0.087">
    </testcase>
    <testcase classname="GitHub DOM functions diffDomFunctions ghe-2.14.11 Pull Request page Refined Github Unified view line number 63 in head diff part isFirstCharacterDiffIndicator() should return correctly whether the first character is a diff indicator" name="GitHub DOM functions diffDomFunctions ghe-2.14.11 Pull Request page Refined Github Unified view line number 63 in head diff part isFirstCharacterDiffIndicator() should return correctly whether the first character is a diff indicator" time="0.056">
    </testcase>
    <testcase classname="GitHub DOM functions diffDomFunctions ghe-2.14.11 Pull Request page Refined Github Unified view line number 64 in head diff part getLineElementFromLineNumber() should return the right line element given the line number" name="GitHub DOM functions diffDomFunctions ghe-2.14.11 Pull Request page Refined Github Unified view line number 64 in head diff part getLineElementFromLineNumber() should return the right line element given the line number" time="0.062">
    </testcase>
    <testcase classname="GitHub DOM functions diffDomFunctions ghe-2.14.11 Pull Request page Refined Github Unified view line number 64 in head diff part getCodeElementFromLineNumber() should return the right code element given the line number" name="GitHub DOM functions diffDomFunctions ghe-2.14.11 Pull Request page Refined Github Unified view line number 64 in head diff part getCodeElementFromLineNumber() should return the right code element given the line number" time="0.043">
    </testcase>
    <testcase classname="GitHub DOM functions diffDomFunctions ghe-2.14.11 Pull Request page Refined Github Unified view line number 64 in head diff part getLineNumberFromCodeElement() should return the right line number given the code element" name="GitHub DOM functions diffDomFunctions ghe-2.14.11 Pull Request page Refined Github Unified view line number 64 in head diff part getLineNumberFromCodeElement() should return the right line number given the code element" time="0.056">
    </testcase>
    <testcase classname="GitHub DOM functions diffDomFunctions ghe-2.14.11 Pull Request page Refined Github Unified view line number 64 in head diff part getDiffCodePart() should return &quot;head&quot; when given the code element" name="GitHub DOM functions diffDomFunctions ghe-2.14.11 Pull Request page Refined Github Unified view line number 64 in head diff part getDiffCodePart() should return &quot;head&quot; when given the code element" time="0.049">
    </testcase>
    <testcase classname="GitHub DOM functions diffDomFunctions ghe-2.14.11 Pull Request page Refined Github Unified view line number 64 in head diff part isFirstCharacterDiffIndicator() should return correctly whether the first character is a diff indicator" name="GitHub DOM functions diffDomFunctions ghe-2.14.11 Pull Request page Refined Github Unified view line number 64 in head diff part isFirstCharacterDiffIndicator() should return correctly whether the first character is a diff indicator" time="0.076">
    </testcase>
    <testcase classname="GitHub DOM functions diffDomFunctions ghe-2.14.11 Pull Request Discussion page Vanilla line number 64 in head diff part getLineElementFromLineNumber() should return the right line element given the line number" name="GitHub DOM functions diffDomFunctions ghe-2.14.11 Pull Request Discussion page Vanilla line number 64 in head diff part getLineElementFromLineNumber() should return the right line element given the line number" time="0.078">
    </testcase>
    <testcase classname="GitHub DOM functions diffDomFunctions ghe-2.14.11 Pull Request Discussion page Vanilla line number 64 in head diff part getCodeElementFromLineNumber() should return the right code element given the line number" name="GitHub DOM functions diffDomFunctions ghe-2.14.11 Pull Request Discussion page Vanilla line number 64 in head diff part getCodeElementFromLineNumber() should return the right code element given the line number" time="0.069">
    </testcase>
    <testcase classname="GitHub DOM functions diffDomFunctions ghe-2.14.11 Pull Request Discussion page Vanilla line number 64 in head diff part getLineNumberFromCodeElement() should return the right line number given the code element" name="GitHub DOM functions diffDomFunctions ghe-2.14.11 Pull Request Discussion page Vanilla line number 64 in head diff part getLineNumberFromCodeElement() should return the right line number given the code element" time="0.036">
    </testcase>
    <testcase classname="GitHub DOM functions diffDomFunctions ghe-2.14.11 Pull Request Discussion page Vanilla line number 64 in head diff part getDiffCodePart() should return &quot;head&quot; when given the code element" name="GitHub DOM functions diffDomFunctions ghe-2.14.11 Pull Request Discussion page Vanilla line number 64 in head diff part getDiffCodePart() should return &quot;head&quot; when given the code element" time="0.049">
    </testcase>
    <testcase classname="GitHub DOM functions diffDomFunctions ghe-2.14.11 Pull Request Discussion page Vanilla line number 64 in head diff part isFirstCharacterDiffIndicator() should return correctly whether the first character is a diff indicator" name="GitHub DOM functions diffDomFunctions ghe-2.14.11 Pull Request Discussion page Vanilla line number 64 in head diff part isFirstCharacterDiffIndicator() should return correctly whether the first character is a diff indicator" time="0.018">
    </testcase>
    <testcase classname="GitHub DOM functions diffDomFunctions ghe-2.14.11 Pull Request Discussion page Refined Github line number 64 in head diff part getLineElementFromLineNumber() should return the right line element given the line number" name="GitHub DOM functions diffDomFunctions ghe-2.14.11 Pull Request Discussion page Refined Github line number 64 in head diff part getLineElementFromLineNumber() should return the right line element given the line number" time="0.057">
    </testcase>
    <testcase classname="GitHub DOM functions diffDomFunctions ghe-2.14.11 Pull Request Discussion page Refined Github line number 64 in head diff part getCodeElementFromLineNumber() should return the right code element given the line number" name="GitHub DOM functions diffDomFunctions ghe-2.14.11 Pull Request Discussion page Refined Github line number 64 in head diff part getCodeElementFromLineNumber() should return the right code element given the line number" time="0.022">
    </testcase>
    <testcase classname="GitHub DOM functions diffDomFunctions ghe-2.14.11 Pull Request Discussion page Refined Github line number 64 in head diff part getLineNumberFromCodeElement() should return the right line number given the code element" name="GitHub DOM functions diffDomFunctions ghe-2.14.11 Pull Request Discussion page Refined Github line number 64 in head diff part getLineNumberFromCodeElement() should return the right line number given the code element" time="0.04">
    </testcase>
    <testcase classname="GitHub DOM functions diffDomFunctions ghe-2.14.11 Pull Request Discussion page Refined Github line number 64 in head diff part getDiffCodePart() should return &quot;head&quot; when given the code element" name="GitHub DOM functions diffDomFunctions ghe-2.14.11 Pull Request Discussion page Refined Github line number 64 in head diff part getDiffCodePart() should return &quot;head&quot; when given the code element" time="0.052">
    </testcase>
    <testcase classname="GitHub DOM functions diffDomFunctions ghe-2.14.11 Pull Request Discussion page Refined Github line number 64 in head diff part isFirstCharacterDiffIndicator() should return correctly whether the first character is a diff indicator" name="GitHub DOM functions diffDomFunctions ghe-2.14.11 Pull Request Discussion page Refined Github line number 64 in head diff part isFirstCharacterDiffIndicator() should return correctly whether the first character is a diff indicator" time="0.045">
    </testcase>
    <testcase classname="GitHub DOM functions diffDomFunctions github.com Commit page Vanilla Split view line number 41 in head diff part getLineElementFromLineNumber() should return the right line element given the line number" name="GitHub DOM functions diffDomFunctions github.com Commit page Vanilla Split view line number 41 in head diff part getLineElementFromLineNumber() should return the right line element given the line number" time="0.012">
    </testcase>
    <testcase classname="GitHub DOM functions diffDomFunctions github.com Commit page Vanilla Split view line number 41 in head diff part getCodeElementFromLineNumber() should return the right code element given the line number" name="GitHub DOM functions diffDomFunctions github.com Commit page Vanilla Split view line number 41 in head diff part getCodeElementFromLineNumber() should return the right code element given the line number" time="0.017">
    </testcase>
    <testcase classname="GitHub DOM functions diffDomFunctions github.com Commit page Vanilla Split view line number 41 in head diff part getLineNumberFromCodeElement() should return the right line number given the code element" name="GitHub DOM functions diffDomFunctions github.com Commit page Vanilla Split view line number 41 in head diff part getLineNumberFromCodeElement() should return the right line number given the code element" time="0.024">
    </testcase>
    <testcase classname="GitHub DOM functions diffDomFunctions github.com Commit page Vanilla Split view line number 41 in head diff part getDiffCodePart() should return &quot;head&quot; when given the code element" name="GitHub DOM functions diffDomFunctions github.com Commit page Vanilla Split view line number 41 in head diff part getDiffCodePart() should return &quot;head&quot; when given the code element" time="0.012">
    </testcase>
    <testcase classname="GitHub DOM functions diffDomFunctions github.com Commit page Vanilla Split view line number 41 in head diff part isFirstCharacterDiffIndicator() should return correctly whether the first character is a diff indicator" name="GitHub DOM functions diffDomFunctions github.com Commit page Vanilla Split view line number 41 in head diff part isFirstCharacterDiffIndicator() should return correctly whether the first character is a diff indicator" time="0.008">
    </testcase>
    <testcase classname="GitHub DOM functions diffDomFunctions github.com Commit page Vanilla Split view line number 42 in base diff part getLineElementFromLineNumber() should return the right line element given the line number" name="GitHub DOM functions diffDomFunctions github.com Commit page Vanilla Split view line number 42 in base diff part getLineElementFromLineNumber() should return the right line element given the line number" time="0.018">
    </testcase>
    <testcase classname="GitHub DOM functions diffDomFunctions github.com Commit page Vanilla Split view line number 42 in base diff part getCodeElementFromLineNumber() should return the right code element given the line number" name="GitHub DOM functions diffDomFunctions github.com Commit page Vanilla Split view line number 42 in base diff part getCodeElementFromLineNumber() should return the right code element given the line number" time="0.007">
    </testcase>
    <testcase classname="GitHub DOM functions diffDomFunctions github.com Commit page Vanilla Split view line number 42 in base diff part getLineNumberFromCodeElement() should return the right line number given the code element" name="GitHub DOM functions diffDomFunctions github.com Commit page Vanilla Split view line number 42 in base diff part getLineNumberFromCodeElement() should return the right line number given the code element" time="0.013">
    </testcase>
    <testcase classname="GitHub DOM functions diffDomFunctions github.com Commit page Vanilla Split view line number 42 in base diff part getDiffCodePart() should return &quot;base&quot; when given the code element" name="GitHub DOM functions diffDomFunctions github.com Commit page Vanilla Split view line number 42 in base diff part getDiffCodePart() should return &quot;base&quot; when given the code element" time="0.006">
    </testcase>
    <testcase classname="GitHub DOM functions diffDomFunctions github.com Commit page Vanilla Split view line number 42 in base diff part isFirstCharacterDiffIndicator() should return correctly whether the first character is a diff indicator" name="GitHub DOM functions diffDomFunctions github.com Commit page Vanilla Split view line number 42 in base diff part isFirstCharacterDiffIndicator() should return correctly whether the first character is a diff indicator" time="0.005">
    </testcase>
    <testcase classname="GitHub DOM functions diffDomFunctions github.com Commit page Vanilla Split view line number 42 in head diff part getLineElementFromLineNumber() should return the right line element given the line number" name="GitHub DOM functions diffDomFunctions github.com Commit page Vanilla Split view line number 42 in head diff part getLineElementFromLineNumber() should return the right line element given the line number" time="0.011">
    </testcase>
    <testcase classname="GitHub DOM functions diffDomFunctions github.com Commit page Vanilla Split view line number 42 in head diff part getCodeElementFromLineNumber() should return the right code element given the line number" name="GitHub DOM functions diffDomFunctions github.com Commit page Vanilla Split view line number 42 in head diff part getCodeElementFromLineNumber() should return the right code element given the line number" time="0.006">
    </testcase>
    <testcase classname="GitHub DOM functions diffDomFunctions github.com Commit page Vanilla Split view line number 42 in head diff part getLineNumberFromCodeElement() should return the right line number given the code element" name="GitHub DOM functions diffDomFunctions github.com Commit page Vanilla Split view line number 42 in head diff part getLineNumberFromCodeElement() should return the right line number given the code element" time="0.008">
    </testcase>
    <testcase classname="GitHub DOM functions diffDomFunctions github.com Commit page Vanilla Split view line number 42 in head diff part getDiffCodePart() should return &quot;head&quot; when given the code element" name="GitHub DOM functions diffDomFunctions github.com Commit page Vanilla Split view line number 42 in head diff part getDiffCodePart() should return &quot;head&quot; when given the code element" time="0.004">
    </testcase>
[...]
    <testcase classname="isInputElement detect contenteditable elements as input" name="isInputElement detect contenteditable elements as input" time="0">
    </testcase>
    <testcase classname="isInputElement detect content editable elements inherited" name="isInputElement detect content editable elements inherited" time="0.002">
    </testcase>
    <testcase classname="createSVGIcon create SVG icon without label" name="createSVGIcon create SVG icon without label" time="0.004">
    </testcase>
    <testcase classname="createSVGIcon create SVG icon with label" name="createSVGIcon create SVG icon with label" time="0">
    </testcase>
    <testcase classname="createSVGIcon create SVG icon with empty label" name="createSVGIcon create SVG icon with empty label" time="0.001">
    </testcase>
  </testsuite>
  <testsuite name="getConstrainedElement" errors="0" failures="0" skipped="0" timestamp="2023-08-29T07:23:40" time="0.586" tests="2">
    <testcase classname="getConstrainedElement should return correct result with overflowed content" name="getConstrainedElement should return correct result with overflowed content" time="0.001">
    </testcase>
    <testcase classname="getConstrainedElement should return correct result with overflowed content" name="getConstrainedElement should return correct result with overflowed content" time="0">
    </testcase>
  </testsuite>
  <testsuite name="Lexer" errors="0" failures="0" skipped="0" timestamp="2023-08-29T07:23:40" time="1.078" tests="21">
    <testcase classname="Lexer scans an expression" name="Lexer scans an expression" time="0.305">
    </testcase>
    <testcase classname="Lexer scans identifier with dots" name="Lexer scans identifier with dots" time="0.002">
    </testcase>
    <testcase classname="Lexer scans string" name="Lexer scans string" time="0.002">
    </testcase>
    <testcase classname="Lexer templates scans no-substitution template" name="Lexer templates scans no-substitution template" time="0.002">
    </testcase>
    <testcase classname="Lexer templates scans template with empty head/tail" name="Lexer templates scans template with empty head/tail" time="0.001">
    </testcase>
    <testcase classname="Lexer templates scans template with empty head/tail and multiple tokens" name="Lexer templates scans template with empty head/tail and multiple tokens" time="0.004">
    </testcase>
    <testcase classname="Lexer templates scans template with non-empty head, empty tail" name="Lexer templates scans template with non-empty head, empty tail" time="0.002">
    </testcase>
    <testcase classname="Lexer templates scans template with empty head, non-empty tail" name="Lexer templates scans template with empty head, non-empty tail" time="0.005">
    </testcase>
    <testcase classname="Lexer templates scans template with non-empty head/tail" name="Lexer templates scans template with non-empty head/tail" time="0.001">
    </testcase>
    <testcase classname="Lexer templates scans template with middle and empty values" name="Lexer templates scans template with middle and empty values" time="0.006">
    </testcase>
    <testcase classname="Lexer templates scans template with middle" name="Lexer templates scans template with middle" time="0.006">
    </testcase>
    <testcase classname="Lexer templates scans nested no-substitution template" name="Lexer templates scans nested no-substitution template" time="0.005">
    </testcase>
    <testcase classname="Lexer templates scans nested template" name="Lexer templates scans nested template" time="0.001">
    </testcase>
    <testcase classname="Lexer templates throws on unclosed expression" name="Lexer templates throws on unclosed expression" time="0.034">
    </testcase>
    <testcase classname="Lexer throws on unclosed string" name="Lexer throws on unclosed string" time="0.004">
    </testcase>
    <testcase classname="Lexer scans single-char binary operators" name="Lexer scans single-char binary operators" time="0.002">
    </testcase>
    <testcase classname="Lexer scans 2-char binary operators" name="Lexer scans 2-char binary operators" time="0.001">
    </testcase>
    <testcase classname="Lexer scans 3-char binary operators" name="Lexer scans 3-char binary operators" time="0.003">
    </testcase>
    <testcase classname="Lexer scans adjacent operators" name="Lexer scans adjacent operators" time="0.001">
    </testcase>
    <testcase classname="Lexer constants OPERATOR_CHARS" name="Lexer constants OPERATOR_CHARS" time="0.018">
    </testcase>
    <testcase classname="TemplateLexer scans template with middle" name="TemplateLexer scans template with middle" time="0">
    </testcase>
  </testsuite>
  <testsuite name="Path" errors="0" failures="0" skipped="0" timestamp="2023-08-29T07:23:41" time="0.5" tests="4">
    <testcase classname="Path no path components" name="Path no path components" time="0.01">
    </testcase>
    <testcase classname="Path 1 path component" name="Path 1 path component" time="0.006">
    </testcase>
    <testcase classname="Path 2 path components" name="Path 2 path components" time="0.005">
    </testcase>
    <testcase classname="Path 3 path components" name="Path 3 path components" time="0.003">
    </testcase>
  </testsuite>
  <testsuite name="useTimeoutManager()" errors="0" failures="0" skipped="0" timestamp="2023-08-29T07:23:40" time="0.795" tests="4">
    <testcase classname="useTimeoutManager() should call the callback after specified time elapses" name="useTimeoutManager() should call the callback after specified time elapses" time="0.052">
    </testcase>
    <testcase classname="useTimeoutManager() should cancel previous timeout on subsequent invocation" name="useTimeoutManager() should cancel previous timeout on subsequent invocation" time="0.004">
    </testcase>
    <testcase classname="useTimeoutManager() should cancel timeout on component unmount" name="useTimeoutManager() should cancel timeout on component unmount" time="0.002">
    </testcase>
    <testcase classname="useTimeoutManager() should cancel timeout after calling `cancelTimeout`" name="useTimeoutManager() should cancel timeout after calling `cancelTimeout`" time="0.006">
    </testcase>
  </testsuite>
  <testsuite name="undefined" errors="0" failures="0" skipped="0" timestamp="2023-08-29T07:23:41" time="1.029" tests="2">
    <testcase classname=" spec.test.ts" name=" spec.test.ts" time="0">
    </testcase>
    <testcase classname="javaSpec filters definitions" name="javaSpec filters definitions" time="0.001">
    </testcase>
  </testsuite>
  <testsuite name="prettyInterval" errors="0" failures="0" skipped="0" timestamp="2023-08-29T07:23:41" time="0.891" tests="8">
    <testcase classname="prettyInterval should format 10 seconds as 10 seconds" name="prettyInterval should format 10 seconds as 10 seconds" time="0.001">
    </testcase>
    <testcase classname="prettyInterval should format 60 seconds as 1 minute" name="prettyInterval should format 60 seconds as 1 minute" time="0.001">
    </testcase>
    <testcase classname="prettyInterval should format 60*60 seconds as 1 hour" name="prettyInterval should format 60*60 seconds as 1 hour" time="0">
    </testcase>
    <testcase classname="prettyInterval should format 24*60*60 seconds as 1 day" name="prettyInterval should format 24*60*60 seconds as 1 day" time="0.001">
    </testcase>
    <testcase classname="prettyInterval should format 24*60*60 + 60*60 + 60 + 5 seconds as 1 day 1 hour 1 minute 5 seconds" name="prettyInterval should format 24*60*60 + 60*60 + 60 + 5 seconds as 1 day 1 hour 1 minute 5 seconds" time="0">
    </testcase>
    <testcase classname="prettyInterval should format 0 seconds as an empty string" name="prettyInterval should format 0 seconds as an empty string" time="0">
    </testcase>
    <testcase classname="prettyInterval should format multiple days, hours and minutes correctly" name="prettyInterval should format multiple days, hours and minutes correctly" time="0">
    </testcase>
    <testcase classname="prettyInterval should handle plurals correctly" name="prettyInterval should handle plurals correctly" time="0.001">
    </testcase>
  </testsuite>
  <testsuite name="overlay_position" errors="0" failures="0" skipped="0" timestamp="2023-08-29T07:23:41" time="1.087" tests="10">
    <testcase classname="overlay_position calculateOverlayPosition() with the scrolling element being document not scrolled should return a position above the given target if the overlay fits above" name="overlay_position calculateOverlayPosition() with the scrolling element being document not scrolled should return a position above the given target if the overlay fits above" time="0">
    </testcase>
    <testcase classname="overlay_position calculateOverlayPosition() with the scrolling element being document not scrolled should return a position below the a given target if the overlay does not fit above" name="overlay_position calculateOverlayPosition() with the scrolling element being document not scrolled should return a position below the a given target if the overlay does not fit above" time="0.001">
    </testcase>
    <testcase classname="overlay_position calculateOverlayPosition() with the scrolling element being document scrolled should return a position above the given target if the overlay fits above" name="overlay_position calculateOverlayPosition() with the scrolling element being document scrolled should return a position above the given target if the overlay fits above" time="0.001">
    </testcase>
    <testcase classname="overlay_position calculateOverlayPosition() with the scrolling element being document scrolled should return a position below the a given target if the overlay does not fit above" name="overlay_position calculateOverlayPosition() with the scrolling element being document scrolled should return a position below the a given target if the overlay does not fit above" time="0.001">
    </testcase>
    <testcase classname="overlay_position calculateOverlayPosition() with the scrolling element being the relativeElement not scrolled should return a position above the given target if the overlay fits above2" name="overlay_position calculateOverlayPosition() with the scrolling element being the relativeElement not scrolled should return a position above the given target if the overlay fits above2" time="0">
    </testcase>
    <testcase classname="overlay_position calculateOverlayPosition() with the scrolling element being the relativeElement not scrolled should return a position below the a given target if the overlay does not fit above" name="overlay_position calculateOverlayPosition() with the scrolling element being the relativeElement not scrolled should return a position below the a given target if the overlay does not fit above" time="0">
    </testcase>
    <testcase classname="overlay_position calculateOverlayPosition() with the scrolling element being the relativeElement scrolled should return a position above the given target if the overlay fits above" name="overlay_position calculateOverlayPosition() with the scrolling element being the relativeElement scrolled should return a position above the given target if the overlay fits above" time="0">
    </testcase>
    <testcase classname="overlay_position calculateOverlayPosition() with the scrolling element being the relativeElement scrolled should return a position below the a given target if the overlay does not fit above" name="overlay_position calculateOverlayPosition() with the scrolling element being the relativeElement scrolled should return a position below the a given target if the overlay does not fit above" time="0.001">
    </testcase>
    <testcase classname="overlay_position calculateOverlayPosition() without a relativeElement should return a position above the given target if the overlay fits above" name="overlay_position calculateOverlayPosition() without a relativeElement should return a position above the given target if the overlay fits above" time="0">
    </testcase>
    <testcase classname="overlay_position calculateOverlayPosition() without a relativeElement should return a position below the a given target if the overlay does not fit above" name="overlay_position calculateOverlayPosition() without a relativeElement should return a position below the a given target if the overlay does not fit above" time="0">
    </testcase>
  </testsuite>
  <testsuite name="migrate legacy editor settings tests" errors="0" failures="0" skipped="0" timestamp="2023-08-29T07:23:42" time="0.463" tests="5">
    <testcase classname="migrate legacy editor settings tests migrates one legacy editor setting" name="migrate legacy editor settings tests migrates one legacy editor setting" time="0.003">
    </testcase>
    <testcase classname="migrate legacy editor settings tests migrates all legacy editor settings" name="migrate legacy editor settings tests migrates all legacy editor settings" time="0.001">
    </testcase>
    <testcase classname="migrate legacy editor settings tests doesn’t change the original settings object" name="migrate legacy editor settings tests doesn’t change the original settings object" time="0.001">
    </testcase>
    <testcase classname="migrate legacy editor settings tests uses the right precedence" name="migrate legacy editor settings tests uses the right precedence" time="0">
    </testcase>
    <testcase classname="migrate legacy editor settings tests doesn’t do anything if there are new settings available" name="migrate legacy editor settings tests doesn’t do anything if there are new settings available" time="0.001">
    </testcase>
  </testsuite>
  <testsuite name="util/getReactElements" errors="0" failures="0" skipped="0" timestamp="2023-08-29T07:23:42" time="0.72" tests="1">
    <testcase classname="util/getReactElements returns only React-Elements from the provided array" name="util/getReactElements returns only React-Elements from the provided array" time="0.006">
    </testcase>
  </testsuite>
  <testsuite name="matchValue" errors="0" failures="0" skipped="0" timestamp="2023-08-29T07:23:40" time="3.129" tests="15">
    <testcase classname="matchValue base patterns allows primtive values as patterns" name="matchValue base patterns allows primtive values as patterns" time="0.004">
    </testcase>
    <testcase classname="matchValue base patterns allows functions as patterns" name="matchValue base patterns allows functions as patterns" time="0.042">
    </testcase>
    <testcase classname="matchValue base patterns allows objects as patterns" name="matchValue base patterns allows objects as patterns" time="0.001">
    </testcase>
    <testcase classname="matchValue base patterns allows wrapper patterns " name="matchValue base patterns allows wrapper patterns " time="0.001">
    </testcase>
    <testcase classname="matchValue matching against union types allows matching against primitve unions" name="matchValue matching against union types allows matching against primitve unions" time="0">
    </testcase>
    <testcase classname="matchValue matching against union types allows using a property in a pattern that does not exist in all union members" name="matchValue matching against union types allows using a property in a pattern that does not exist in all union members" time="0.001">
    </testcase>
    <testcase classname="matchValue matching against union types properly types function patterns for properties that do not exist in all union members" name="matchValue matching against union types properly types function patterns for properties that do not exist in all union members" time="0">
    </testcase>
    <testcase classname="matchValue matching against union types disallows properties that do not exist on any union member" name="matchValue matching against union types disallows properties that do not exist on any union member" time="0.001">
    </testcase>
    <testcase classname="matchValue data extraction extracts data when there is a match" name="matchValue data extraction extracts data when there is a match" time="0">
    </testcase>
    <testcase classname="matchValue data extraction allows functions as data extractor" name="matchValue data extraction allows functions as data extractor" time="0">
    </testcase>
    <testcase classname="matchValue some() matches against an array of nodes" name="matchValue some() matches against an array of nodes" time="0">
    </testcase>
    <testcase classname="matchValue every() matches against an array of nodes" name="matchValue every() matches against an array of nodes" time="0">
    </testcase>
    <testcase classname="matchValue oneOf() matches one or more patterns against a value" name="matchValue oneOf() matches one or more patterns against a value" time="0">
    </testcase>
    <testcase classname="matchValue allOf() matches one ore more patterns against a value" name="matchValue allOf() matches one ore more patterns against a value" time="0">
    </testcase>
    <testcase classname="matchValue not() matches against a single node" name="matchValue not() matches against a single node" time="0">
    </testcase>
  </testsuite>
  <testsuite name="encodeURIPathComponent" errors="0" failures="0" skipped="0" timestamp="2023-08-29T07:23:43" time="0.448" tests="6">
    <testcase classname="encodeURIPathComponent encodes all special characters except slashes and the plus sign" name="encodeURIPathComponent encodes all special characters except slashes and the plus sign" time="0.001">
    </testcase>
    <testcase classname="lprToSelectionsZeroIndexed converts an LPR with only a start line" name="lprToSelectionsZeroIndexed converts an LPR with only a start line" time="0.001">
    </testcase>
    <testcase classname="lprToSelectionsZeroIndexed converts an LPR with a line and a character" name="lprToSelectionsZeroIndexed converts an LPR with a line and a character" time="0.001">
    </testcase>
    <testcase classname="lprToSelectionsZeroIndexed converts an LPR with a start and end line" name="lprToSelectionsZeroIndexed converts an LPR with a start and end line" time="0">
    </testcase>
    <testcase classname="lprToSelectionsZeroIndexed converts an LPR with a start and end line and characters" name="lprToSelectionsZeroIndexed converts an LPR with a start and end line and characters" time="0">
    </testcase>
    <testcase classname="appendLineRangeQueryParameter appends line range to the start of query with existing parameters" name="appendLineRangeQueryParameter appends line range to the start of query with existing parameters" time="0">
    </testcase>
  </testsuite>
  <testsuite name="util/index" errors="0" failures="0" skipped="0" timestamp="2023-08-29T07:23:43" time="0.445" tests="4">
    <testcase classname="util/index getPathExtension returns extension if normal path" name="util/index getPathExtension returns extension if normal path" time="0.001">
    </testcase>
    <testcase classname="util/index getPathExtension returns empty string if no extension" name="util/index getPathExtension returns empty string if no extension" time="0">
    </testcase>
    <testcase classname="util/index getPathExtension returns empty string if hidden file with no extension" name="util/index getPathExtension returns empty string if hidden file with no extension" time="0">
    </testcase>
    <testcase classname="util/index getPathExtension returns extension for path with multiple dot separators" name="util/index getPathExtension returns extension for path with multiple dot separators" time="0.001">
    </testcase>
  </testsuite>
  <testsuite name="Label" errors="0" failures="0" skipped="0" timestamp="2023-08-29T07:23:42" time="1.07" tests="2">
    <testcase classname="Label should render correctly" name="Label should render correctly" time="0.017">
    </testcase>
    <testcase classname="Label should render correctly with `as`" name="Label should render correctly with `as`" time="0.002">
    </testcase>
  </testsuite>
</testsuites>