mode: atomic
sourcegraph.com/sourcegraph/sourcegraph/pkg/localstore/comments.go:18.148,19.34 1 0
sourcegraph.com/sourcegraph/sourcegraph/pkg/localstore/comments.go:23.2,23.28 1 0
sourcegraph.com/sourcegraph/sourcegraph/pkg/localstore/comments.go:27.2,31.24 5 0
sourcegraph.com/sourcegraph/sourcegraph/pkg/localstore/comments.go:43.2,43.16 1 0
sourcegraph.com/sourcegraph/sourcegraph/pkg/localstore/comments.go:47.2,56.8 1 0
sourcegraph.com/sourcegraph/sourcegraph/pkg/localstore/comments.go:19.34,21.3 1 0
sourcegraph.com/sourcegraph/sourcegraph/pkg/localstore/comments.go:23.28,25.3 1 0
sourcegraph.com/sourcegraph/sourcegraph/pkg/localstore/comments.go:31.24,36.3 1 0
sourcegraph.com/sourcegraph/sourcegraph/pkg/localstore/comments.go:36.3,42.3 1 0
sourcegraph.com/sourcegraph/sourcegraph/pkg/localstore/comments.go:43.16,45.3 1 0
sourcegraph.com/sourcegraph/sourcegraph/pkg/localstore/comments.go:59.96,61.16 2 0
sourcegraph.com/sourcegraph/sourcegraph/pkg/localstore/comments.go:64.2,64.24 1 0
sourcegraph.com/sourcegraph/sourcegraph/pkg/localstore/comments.go:67.2,67.25 1 0
sourcegraph.com/sourcegraph/sourcegraph/pkg/localstore/comments.go:61.16,63.3 1 0
sourcegraph.com/sourcegraph/sourcegraph/pkg/localstore/comments.go:64.24,66.3 1 0
sourcegraph.com/sourcegraph/sourcegraph/pkg/localstore/comments.go:70.105,72.2 1 0
sourcegraph.com/sourcegraph/sourcegraph/pkg/localstore/comments.go:75.115,77.16 2 0
sourcegraph.com/sourcegraph/sourcegraph/pkg/localstore/comments.go:81.2,83.18 3 0
sourcegraph.com/sourcegraph/sourcegraph/pkg/localstore/comments.go:101.2,101.34 1 0
sourcegraph.com/sourcegraph/sourcegraph/pkg/localstore/comments.go:105.2,105.22 1 0
sourcegraph.com/sourcegraph/sourcegraph/pkg/localstore/comments.go:77.16,79.3 1 0
sourcegraph.com/sourcegraph/sourcegraph/pkg/localstore/comments.go:83.18,87.17 4 0
sourcegraph.com/sourcegraph/sourcegraph/pkg/localstore/comments.go:90.3,90.25 1 0
sourcegraph.com/sourcegraph/sourcegraph/pkg/localstore/comments.go:93.3,93.23 1 0
sourcegraph.com/sourcegraph/sourcegraph/pkg/localstore/comments.go:96.3,96.24 1 0
sourcegraph.com/sourcegraph/sourcegraph/pkg/localstore/comments.go:99.3,99.34 1 0
sourcegraph.com/sourcegraph/sourcegraph/pkg/localstore/comments.go:87.17,89.4 1 0
sourcegraph.com/sourcegraph/sourcegraph/pkg/localstore/comments.go:90.25,92.4 1 0
sourcegraph.com/sourcegraph/sourcegraph/pkg/localstore/comments.go:93.23,95.4 1 0
sourcegraph.com/sourcegraph/sourcegraph/pkg/localstore/comments.go:96.24,98.4 1 0
sourcegraph.com/sourcegraph/sourcegraph/pkg/localstore/comments.go:101.34,103.3 1 0
sourcegraph.com/sourcegraph/sourcegraph/pkg/localstore/db.go:23.37,26.16 3 1
sourcegraph.com/sourcegraph/sourcegraph/pkg/localstore/db.go:29.2,35.72 4 1
sourcegraph.com/sourcegraph/sourcegraph/pkg/localstore/db.go:44.2,44.73 1 1
sourcegraph.com/sourcegraph/sourcegraph/pkg/localstore/db.go:26.16,28.3 1 0
sourcegraph.com/sourcegraph/sourcegraph/pkg/localstore/db.go:35.72,36.75 1 1
sourcegraph.com/sourcegraph/sourcegraph/pkg/localstore/db.go:36.75,38.58 1 0
sourcegraph.com/sourcegraph/sourcegraph/pkg/localstore/db.go:38.58,40.5 1 0
sourcegraph.com/sourcegraph/sourcegraph/pkg/localstore/db.go:44.73,46.3 1 0
sourcegraph.com/sourcegraph/sourcegraph/pkg/localstore/db.go:49.67,57.18 1 1
sourcegraph.com/sourcegraph/sourcegraph/pkg/localstore/db.go:62.2,62.28 1 1
sourcegraph.com/sourcegraph/sourcegraph/pkg/localstore/db.go:57.18,60.4 2 0
sourcegraph.com/sourcegraph/sourcegraph/pkg/localstore/db.go:68.42,71.51 3 1
sourcegraph.com/sourcegraph/sourcegraph/pkg/localstore/db.go:77.2,78.29 2 1
sourcegraph.com/sourcegraph/sourcegraph/pkg/localstore/db.go:71.51,73.17 2 0
sourcegraph.com/sourcegraph/sourcegraph/pkg/localstore/db.go:73.17,75.4 1 0
sourcegraph.com/sourcegraph/sourcegraph/pkg/localstore/db.go:81.46,83.16 2 1
sourcegraph.com/sourcegraph/sourcegraph/pkg/localstore/db.go:87.2,89.16 3 1
sourcegraph.com/sourcegraph/sourcegraph/pkg/localstore/db.go:93.2,94.16 2 1
sourcegraph.com/sourcegraph/sourcegraph/pkg/localstore/db.go:98.2,98.10 1 1
sourcegraph.com/sourcegraph/sourcegraph/pkg/localstore/db.go:83.16,85.3 1 0
sourcegraph.com/sourcegraph/sourcegraph/pkg/localstore/db.go:89.16,91.3 1 0
sourcegraph.com/sourcegraph/sourcegraph/pkg/localstore/db.go:94.16,96.3 1 0
sourcegraph.com/sourcegraph/sourcegraph/pkg/localstore/org_members.go:14.108,23.16 3 0
sourcegraph.com/sourcegraph/sourcegraph/pkg/localstore/org_members.go:31.2,31.16 1 0
sourcegraph.com/sourcegraph/sourcegraph/pkg/localstore/org_members.go:23.16,24.39 1 0
sourcegraph.com/sourcegraph/sourcegraph/pkg/localstore/org_members.go:29.3,29.18 1 0
sourcegraph.com/sourcegraph/sourcegraph/pkg/localstore/org_members.go:24.39,25.60 1 0
sourcegraph.com/sourcegraph/sourcegraph/pkg/localstore/org_members.go:25.60,27.5 1 0
sourcegraph.com/sourcegraph/sourcegraph/pkg/localstore/org_members.go:34.104,36.2 1 0
sourcegraph.com/sourcegraph/sourcegraph/pkg/localstore/org_members.go:38.123,39.49 1 0
sourcegraph.com/sourcegraph/sourcegraph/pkg/localstore/org_members.go:42.2,42.84 1 0
sourcegraph.com/sourcegraph/sourcegraph/pkg/localstore/org_members.go:39.49,41.3 1 0
sourcegraph.com/sourcegraph/sourcegraph/pkg/localstore/org_members.go:45.82,48.2 2 0
sourcegraph.com/sourcegraph/sourcegraph/pkg/localstore/org_members.go:51.99,53.16 2 0
sourcegraph.com/sourcegraph/sourcegraph/pkg/localstore/org_members.go:56.2,56.151 1 0
sourcegraph.com/sourcegraph/sourcegraph/pkg/localstore/org_members.go:53.16,55.3 1 0
sourcegraph.com/sourcegraph/sourcegraph/pkg/localstore/org_members.go:65.48,67.2 1 0
sourcegraph.com/sourcegraph/sourcegraph/pkg/localstore/org_members.go:69.122,71.16 2 0
sourcegraph.com/sourcegraph/sourcegraph/pkg/localstore/org_members.go:74.2,74.23 1 0
sourcegraph.com/sourcegraph/sourcegraph/pkg/localstore/org_members.go:77.2,77.24 1 0
sourcegraph.com/sourcegraph/sourcegraph/pkg/localstore/org_members.go:71.16,73.3 1 0
sourcegraph.com/sourcegraph/sourcegraph/pkg/localstore/org_members.go:74.23,76.3 1 0
sourcegraph.com/sourcegraph/sourcegraph/pkg/localstore/org_members.go:80.119,82.16 2 0
sourcegraph.com/sourcegraph/sourcegraph/pkg/localstore/org_members.go:86.2,88.18 3 0
sourcegraph.com/sourcegraph/sourcegraph/pkg/localstore/org_members.go:96.2,96.34 1 0
sourcegraph.com/sourcegraph/sourcegraph/pkg/localstore/org_members.go:99.2,99.21 1 0
sourcegraph.com/sourcegraph/sourcegraph/pkg/localstore/org_members.go:82.16,84.3 1 0
sourcegraph.com/sourcegraph/sourcegraph/pkg/localstore/org_members.go:88.18,91.17 3 0
sourcegraph.com/sourcegraph/sourcegraph/pkg/localstore/org_members.go:94.3,94.32 1 0
sourcegraph.com/sourcegraph/sourcegraph/pkg/localstore/org_members.go:91.17,93.4 1 0
sourcegraph.com/sourcegraph/sourcegraph/pkg/localstore/org_members.go:96.34,98.3 1 0
sourcegraph.com/sourcegraph/sourcegraph/pkg/localstore/orgs.go:18.90,20.16 2 0
sourcegraph.com/sourcegraph/sourcegraph/pkg/localstore/orgs.go:24.2,26.18 3 0
sourcegraph.com/sourcegraph/sourcegraph/pkg/localstore/orgs.go:35.2,35.34 1 0
sourcegraph.com/sourcegraph/sourcegraph/pkg/localstore/orgs.go:39.2,39.18 1 0
sourcegraph.com/sourcegraph/sourcegraph/pkg/localstore/orgs.go:20.16,22.3 1 0
sourcegraph.com/sourcegraph/sourcegraph/pkg/localstore/orgs.go:26.18,29.17 3 0
sourcegraph.com/sourcegraph/sourcegraph/pkg/localstore/orgs.go:33.3,33.28 1 0
sourcegraph.com/sourcegraph/sourcegraph/pkg/localstore/orgs.go:29.17,31.4 1 0
sourcegraph.com/sourcegraph/sourcegraph/pkg/localstore/orgs.go:35.34,37.3 1 0
sourcegraph.com/sourcegraph/sourcegraph/pkg/localstore/orgs.go:42.45,43.20 1 0
sourcegraph.com/sourcegraph/sourcegraph/pkg/localstore/orgs.go:46.2,46.12 1 0
sourcegraph.com/sourcegraph/sourcegraph/pkg/localstore/orgs.go:43.20,45.3 1 0
sourcegraph.com/sourcegraph/sourcegraph/pkg/localstore/orgs.go:49.84,50.31 1 0
sourcegraph.com/sourcegraph/sourcegraph/pkg/localstore/orgs.go:53.2,54.16 2 0
sourcegraph.com/sourcegraph/sourcegraph/pkg/localstore/orgs.go:57.2,57.20 1 0
sourcegraph.com/sourcegraph/sourcegraph/pkg/localstore/orgs.go:60.2,60.21 1 0
sourcegraph.com/sourcegraph/sourcegraph/pkg/localstore/orgs.go:50.31,52.3 1 0
sourcegraph.com/sourcegraph/sourcegraph/pkg/localstore/orgs.go:54.16,56.3 1 0
sourcegraph.com/sourcegraph/sourcegraph/pkg/localstore/orgs.go:57.20,59.3 1 0
sourcegraph.com/sourcegraph/sourcegraph/pkg/localstore/orgs.go:63.107,65.16 2 0
sourcegraph.com/sourcegraph/sourcegraph/pkg/localstore/orgs.go:69.2,71.18 3 0
sourcegraph.com/sourcegraph/sourcegraph/pkg/localstore/orgs.go:80.2,80.34 1 0
sourcegraph.com/sourcegraph/sourcegraph/pkg/localstore/orgs.go:83.2,83.18 1 0
sourcegraph.com/sourcegraph/sourcegraph/pkg/localstore/orgs.go:65.16,67.3 1 0
sourcegraph.com/sourcegraph/sourcegraph/pkg/localstore/orgs.go:71.18,74.17 3 0
sourcegraph.com/sourcegraph/sourcegraph/pkg/localstore/orgs.go:78.3,78.28 1 0
sourcegraph.com/sourcegraph/sourcegraph/pkg/localstore/orgs.go:74.17,76.4 1 0
sourcegraph.com/sourcegraph/sourcegraph/pkg/localstore/orgs.go:80.34,82.3 1 0
sourcegraph.com/sourcegraph/sourcegraph/pkg/localstore/orgs.go:86.94,94.16 5 0
sourcegraph.com/sourcegraph/sourcegraph/pkg/localstore/orgs.go:97.2,101.16 2 0
sourcegraph.com/sourcegraph/sourcegraph/pkg/localstore/orgs.go:117.2,117.21 1 0
sourcegraph.com/sourcegraph/sourcegraph/pkg/localstore/orgs.go:94.16,96.3 1 0
sourcegraph.com/sourcegraph/sourcegraph/pkg/localstore/orgs.go:101.16,102.39 1 0
sourcegraph.com/sourcegraph/sourcegraph/pkg/localstore/orgs.go:114.3,114.18 1 0
sourcegraph.com/sourcegraph/sourcegraph/pkg/localstore/orgs.go:102.39,103.50 1 0
sourcegraph.com/sourcegraph/sourcegraph/pkg/localstore/orgs.go:106.4,106.45 1 0
sourcegraph.com/sourcegraph/sourcegraph/pkg/localstore/orgs.go:109.4,109.52 1 0
sourcegraph.com/sourcegraph/sourcegraph/pkg/localstore/orgs.go:103.50,105.5 1 0
sourcegraph.com/sourcegraph/sourcegraph/pkg/localstore/orgs.go:106.45,108.5 1 0
sourcegraph.com/sourcegraph/sourcegraph/pkg/localstore/orgs.go:109.52,111.5 1 0
sourcegraph.com/sourcegraph/sourcegraph/pkg/localstore/orgs.go:120.118,121.50 1 0
sourcegraph.com/sourcegraph/sourcegraph/pkg/localstore/orgs.go:125.2,126.16 2 0
sourcegraph.com/sourcegraph/sourcegraph/pkg/localstore/orgs.go:130.2,130.24 1 0
sourcegraph.com/sourcegraph/sourcegraph/pkg/localstore/orgs.go:136.2,136.28 1 0
sourcegraph.com/sourcegraph/sourcegraph/pkg/localstore/orgs.go:142.2,143.117 2 0
sourcegraph.com/sourcegraph/sourcegraph/pkg/localstore/orgs.go:147.2,147.17 1 0
sourcegraph.com/sourcegraph/sourcegraph/pkg/localstore/orgs.go:121.50,123.3 1 0
sourcegraph.com/sourcegraph/sourcegraph/pkg/localstore/orgs.go:126.16,128.3 1 0
sourcegraph.com/sourcegraph/sourcegraph/pkg/localstore/orgs.go:130.24,132.122 2 0
sourcegraph.com/sourcegraph/sourcegraph/pkg/localstore/orgs.go:132.122,134.4 1 0
sourcegraph.com/sourcegraph/sourcegraph/pkg/localstore/orgs.go:136.28,138.131 2 0
sourcegraph.com/sourcegraph/sourcegraph/pkg/localstore/orgs.go:138.131,140.4 1 0
sourcegraph.com/sourcegraph/sourcegraph/pkg/localstore/orgs.go:143.117,145.3 1 0
sourcegraph.com/sourcegraph/sourcegraph/pkg/localstore/shared_items_mock.go:17.103,20.87 3 0
sourcegraph.com/sourcegraph/sourcegraph/pkg/localstore/shared_items_mock.go:24.2,24.27 1 0
sourcegraph.com/sourcegraph/sourcegraph/pkg/localstore/shared_items_mock.go:20.87,23.3 2 0
sourcegraph.com/sourcegraph/sourcegraph/pkg/localstore/shared_items_mock.go:27.114,30.82 3 0
sourcegraph.com/sourcegraph/sourcegraph/pkg/localstore/shared_items_mock.go:34.2,34.27 1 0
sourcegraph.com/sourcegraph/sourcegraph/pkg/localstore/shared_items_mock.go:30.82,33.3 2 0
sourcegraph.com/sourcegraph/sourcegraph/pkg/localstore/org_members_mock.go:15.136,17.112 2 0
sourcegraph.com/sourcegraph/sourcegraph/pkg/localstore/org_members_mock.go:21.2,21.8 1 0
sourcegraph.com/sourcegraph/sourcegraph/pkg/localstore/org_members_mock.go:17.112,20.3 2 0
sourcegraph.com/sourcegraph/sourcegraph/pkg/localstore/org_tags.go:16.45,18.2 1 0
sourcegraph.com/sourcegraph/sourcegraph/pkg/localstore/org_tags.go:20.100,29.16 3 0
sourcegraph.com/sourcegraph/sourcegraph/pkg/localstore/org_tags.go:32.2,32.15 1 0
sourcegraph.com/sourcegraph/sourcegraph/pkg/localstore/org_tags.go:29.16,31.3 1 0
sourcegraph.com/sourcegraph/sourcegraph/pkg/localstore/org_tags.go:35.113,37.16 2 0
sourcegraph.com/sourcegraph/sourcegraph/pkg/localstore/org_tags.go:44.2,44.17 1 0
sourcegraph.com/sourcegraph/sourcegraph/pkg/localstore/org_tags.go:37.16,38.44 1 0
sourcegraph.com/sourcegraph/sourcegraph/pkg/localstore/org_tags.go:42.3,42.36 1 0
sourcegraph.com/sourcegraph/sourcegraph/pkg/localstore/org_tags.go:38.44,40.4 1 0
sourcegraph.com/sourcegraph/sourcegraph/pkg/localstore/org_tags.go:47.113,49.16 2 0
sourcegraph.com/sourcegraph/sourcegraph/pkg/localstore/org_tags.go:53.2,55.18 3 0
sourcegraph.com/sourcegraph/sourcegraph/pkg/localstore/org_tags.go:63.2,63.34 1 0
sourcegraph.com/sourcegraph/sourcegraph/pkg/localstore/org_tags.go:66.2,66.18 1 0
sourcegraph.com/sourcegraph/sourcegraph/pkg/localstore/org_tags.go:49.16,51.3 1 0
sourcegraph.com/sourcegraph/sourcegraph/pkg/localstore/org_tags.go:55.18,58.17 3 0
sourcegraph.com/sourcegraph/sourcegraph/pkg/localstore/org_tags.go:61.3,61.26 1 0
sourcegraph.com/sourcegraph/sourcegraph/pkg/localstore/org_tags.go:58.17,60.4 1 0
sourcegraph.com/sourcegraph/sourcegraph/pkg/localstore/org_tags.go:63.34,65.3 1 0
sourcegraph.com/sourcegraph/sourcegraph/pkg/localstore/org_tags.go:69.116,71.16 2 0
sourcegraph.com/sourcegraph/sourcegraph/pkg/localstore/org_tags.go:74.2,74.20 1 0
sourcegraph.com/sourcegraph/sourcegraph/pkg/localstore/org_tags.go:77.2,77.21 1 0
sourcegraph.com/sourcegraph/sourcegraph/pkg/localstore/org_tags.go:71.16,73.3 1 0
sourcegraph.com/sourcegraph/sourcegraph/pkg/localstore/org_tags.go:74.20,76.3 1 0
sourcegraph.com/sourcegraph/sourcegraph/pkg/localstore/org_tags.go:80.95,82.2 1 0
sourcegraph.com/sourcegraph/sourcegraph/pkg/localstore/org_tags.go:84.116,86.2 1 0
sourcegraph.com/sourcegraph/sourcegraph/pkg/localstore/shared_items.go:24.49,26.2 1 0
sourcegraph.com/sourcegraph/sourcegraph/pkg/localstore/shared_items.go:33.99,34.21 1 0
sourcegraph.com/sourcegraph/sourcegraph/pkg/localstore/shared_items.go:37.2,37.29 1 0
sourcegraph.com/sourcegraph/sourcegraph/pkg/localstore/shared_items.go:40.2,40.26 1 0
sourcegraph.com/sourcegraph/sourcegraph/pkg/localstore/shared_items.go:43.2,43.37 1 0
sourcegraph.com/sourcegraph/sourcegraph/pkg/localstore/shared_items.go:49.2,50.16 2 0
sourcegraph.com/sourcegraph/sourcegraph/pkg/localstore/shared_items.go:53.2,53.24 1 0
sourcegraph.com/sourcegraph/sourcegraph/pkg/localstore/shared_items.go:59.2,61.16 3 0
sourcegraph.com/sourcegraph/sourcegraph/pkg/localstore/shared_items.go:65.2,66.16 2 0
sourcegraph.com/sourcegraph/sourcegraph/pkg/localstore/shared_items.go:69.2,69.56 1 0
sourcegraph.com/sourcegraph/sourcegraph/pkg/localstore/shared_items.go:34.21,36.3 1 0
sourcegraph.com/sourcegraph/sourcegraph/pkg/localstore/shared_items.go:37.29,39.3 1 0
sourcegraph.com/sourcegraph/sourcegraph/pkg/localstore/shared_items.go:40.26,42.3 1 0
sourcegraph.com/sourcegraph/sourcegraph/pkg/localstore/shared_items.go:43.37,45.3 1 0
sourcegraph.com/sourcegraph/sourcegraph/pkg/localstore/shared_items.go:50.16,52.3 1 0
sourcegraph.com/sourcegraph/sourcegraph/pkg/localstore/shared_items.go:53.24,56.3 1 0
sourcegraph.com/sourcegraph/sourcegraph/pkg/localstore/shared_items.go:61.16,63.3 1 0
sourcegraph.com/sourcegraph/sourcegraph/pkg/localstore/shared_items.go:66.16,68.3 1 0
sourcegraph.com/sourcegraph/sourcegraph/pkg/localstore/shared_items.go:72.94,73.34 1 0
sourcegraph.com/sourcegraph/sourcegraph/pkg/localstore/shared_items.go:77.2,84.16 3 0
sourcegraph.com/sourcegraph/sourcegraph/pkg/localstore/shared_items.go:90.2,90.18 1 0
sourcegraph.com/sourcegraph/sourcegraph/pkg/localstore/shared_items.go:73.34,75.3 1 0
sourcegraph.com/sourcegraph/sourcegraph/pkg/localstore/shared_items.go:84.16,85.27 1 0
sourcegraph.com/sourcegraph/sourcegraph/pkg/localstore/shared_items.go:88.3,88.18 1 0
sourcegraph.com/sourcegraph/sourcegraph/pkg/localstore/shared_items.go:85.27,87.4 1 0
sourcegraph.com/sourcegraph/sourcegraph/pkg/localstore/shared_items.go:94.107,99.16 3 0
sourcegraph.com/sourcegraph/sourcegraph/pkg/localstore/shared_items.go:105.2,105.18 1 0
sourcegraph.com/sourcegraph/sourcegraph/pkg/localstore/shared_items.go:99.16,100.27 1 0
sourcegraph.com/sourcegraph/sourcegraph/pkg/localstore/shared_items.go:103.3,103.17 1 0
sourcegraph.com/sourcegraph/sourcegraph/pkg/localstore/shared_items.go:100.27,102.4 1 0
sourcegraph.com/sourcegraph/sourcegraph/pkg/localstore/shared_items.go:109.73,113.22 2 0
sourcegraph.com/sourcegraph/sourcegraph/pkg/localstore/shared_items.go:119.2,119.17 1 0
sourcegraph.com/sourcegraph/sourcegraph/pkg/localstore/shared_items.go:113.22,118.3 3 0
sourcegraph.com/sourcegraph/sourcegraph/pkg/localstore/threads_mock.go:17.114,19.75 2 0
sourcegraph.com/sourcegraph/sourcegraph/pkg/localstore/threads_mock.go:23.2,23.15 1 0
sourcegraph.com/sourcegraph/sourcegraph/pkg/localstore/threads_mock.go:19.75,22.3 2 0
sourcegraph.com/sourcegraph/sourcegraph/pkg/localstore/threads_mock.go:26.149,28.99 2 0
sourcegraph.com/sourcegraph/sourcegraph/pkg/localstore/threads_mock.go:32.2,32.27 1 0
sourcegraph.com/sourcegraph/sourcegraph/pkg/localstore/threads_mock.go:28.99,31.3 2 0
sourcegraph.com/sourcegraph/sourcegraph/pkg/localstore/threads_mock.go:35.117,37.102 2 0
sourcegraph.com/sourcegraph/sourcegraph/pkg/localstore/threads_mock.go:41.2,41.15 1 0
sourcegraph.com/sourcegraph/sourcegraph/pkg/localstore/threads_mock.go:37.102,40.3 2 0
sourcegraph.com/sourcegraph/sourcegraph/pkg/localstore/org_repos_mock.go:17.120,19.80 2 0
sourcegraph.com/sourcegraph/sourcegraph/pkg/localstore/org_repos_mock.go:23.2,23.8 1 0
sourcegraph.com/sourcegraph/sourcegraph/pkg/localstore/org_repos_mock.go:19.80,22.3 2 0
sourcegraph.com/sourcegraph/sourcegraph/pkg/localstore/org_repos_mock.go:26.135,28.124 2 0
sourcegraph.com/sourcegraph/sourcegraph/pkg/localstore/org_repos_mock.go:32.2,32.8 1 0
sourcegraph.com/sourcegraph/sourcegraph/pkg/localstore/org_repos_mock.go:28.124,31.3 2 0
sourcegraph.com/sourcegraph/sourcegraph/pkg/localstore/org_repos_mock.go:35.152,37.99 2 0
sourcegraph.com/sourcegraph/sourcegraph/pkg/localstore/org_repos_mock.go:41.2,41.27 1 0
sourcegraph.com/sourcegraph/sourcegraph/pkg/localstore/org_repos_mock.go:37.99,40.3 2 0
sourcegraph.com/sourcegraph/sourcegraph/pkg/localstore/phabricator.go:23.43,30.16 4 0
sourcegraph.com/sourcegraph/sourcegraph/pkg/localstore/phabricator.go:34.2,34.45 1 0
sourcegraph.com/sourcegraph/sourcegraph/pkg/localstore/phabricator.go:38.2,38.29 1 0
sourcegraph.com/sourcegraph/sourcegraph/pkg/localstore/phabricator.go:45.2,45.12 1 0
sourcegraph.com/sourcegraph/sourcegraph/pkg/localstore/phabricator.go:30.16,32.3 1 0
sourcegraph.com/sourcegraph/sourcegraph/pkg/localstore/phabricator.go:34.45,36.3 1 0
sourcegraph.com/sourcegraph/sourcegraph/pkg/localstore/phabricator.go:38.29,40.17 2 0
sourcegraph.com/sourcegraph/sourcegraph/pkg/localstore/phabricator.go:40.17,42.4 1 0
sourcegraph.com/sourcegraph/sourcegraph/pkg/localstore/phabricator.go:48.54,50.2 1 0
sourcegraph.com/sourcegraph/sourcegraph/pkg/localstore/phabricator.go:52.132,62.16 3 0
sourcegraph.com/sourcegraph/sourcegraph/pkg/localstore/phabricator.go:65.2,65.15 1 0
sourcegraph.com/sourcegraph/sourcegraph/pkg/localstore/phabricator.go:62.16,64.3 1 0
sourcegraph.com/sourcegraph/sourcegraph/pkg/localstore/phabricator.go:68.145,70.16 2 0
sourcegraph.com/sourcegraph/sourcegraph/pkg/localstore/phabricator.go:76.2,76.18 1 0
sourcegraph.com/sourcegraph/sourcegraph/pkg/localstore/phabricator.go:70.16,71.53 1 0
sourcegraph.com/sourcegraph/sourcegraph/pkg/localstore/phabricator.go:74.3,74.47 1 0
sourcegraph.com/sourcegraph/sourcegraph/pkg/localstore/phabricator.go:71.53,73.4 1 0
sourcegraph.com/sourcegraph/sourcegraph/pkg/localstore/phabricator.go:79.126,81.16 2 0
sourcegraph.com/sourcegraph/sourcegraph/pkg/localstore/phabricator.go:85.2,87.18 3 0
sourcegraph.com/sourcegraph/sourcegraph/pkg/localstore/phabricator.go:95.2,95.34 1 0
sourcegraph.com/sourcegraph/sourcegraph/pkg/localstore/phabricator.go:98.2,98.19 1 0
sourcegraph.com/sourcegraph/sourcegraph/pkg/localstore/phabricator.go:81.16,83.3 1 0
sourcegraph.com/sourcegraph/sourcegraph/pkg/localstore/phabricator.go:87.18,90.17 3 0
sourcegraph.com/sourcegraph/sourcegraph/pkg/localstore/phabricator.go:93.3,93.28 1 0
sourcegraph.com/sourcegraph/sourcegraph/pkg/localstore/phabricator.go:90.17,92.4 1 0
sourcegraph.com/sourcegraph/sourcegraph/pkg/localstore/phabricator.go:95.34,97.3 1 0
sourcegraph.com/sourcegraph/sourcegraph/pkg/localstore/phabricator.go:101.129,103.16 2 0
sourcegraph.com/sourcegraph/sourcegraph/pkg/localstore/phabricator.go:106.2,106.20 1 0
sourcegraph.com/sourcegraph/sourcegraph/pkg/localstore/phabricator.go:109.2,109.21 1 0
sourcegraph.com/sourcegraph/sourcegraph/pkg/localstore/phabricator.go:103.16,105.3 1 0
sourcegraph.com/sourcegraph/sourcegraph/pkg/localstore/phabricator.go:106.20,108.3 1 0
sourcegraph.com/sourcegraph/sourcegraph/pkg/localstore/phabricator.go:112.103,114.2 1 0
sourcegraph.com/sourcegraph/sourcegraph/pkg/localstore/user_activity.go:18.51,20.2 1 0
sourcegraph.com/sourcegraph/sourcegraph/pkg/localstore/user_activity.go:24.55,26.2 1 0
sourcegraph.com/sourcegraph/sourcegraph/pkg/localstore/user_activity.go:28.99,36.16 3 2
sourcegraph.com/sourcegraph/sourcegraph/pkg/localstore/user_activity.go:45.2,45.15 1 2
sourcegraph.com/sourcegraph/sourcegraph/pkg/localstore/user_activity.go:36.16,37.39 1 0
sourcegraph.com/sourcegraph/sourcegraph/pkg/localstore/user_activity.go:43.3,43.18 1 0
sourcegraph.com/sourcegraph/sourcegraph/pkg/localstore/user_activity.go:37.39,38.55 1 0
sourcegraph.com/sourcegraph/sourcegraph/pkg/localstore/user_activity.go:38.55,40.5 1 0
sourcegraph.com/sourcegraph/sourcegraph/pkg/localstore/user_activity.go:48.112,50.16 2 2
sourcegraph.com/sourcegraph/sourcegraph/pkg/localstore/user_activity.go:59.2,59.22 1 2
sourcegraph.com/sourcegraph/sourcegraph/pkg/localstore/user_activity.go:50.16,51.54 1 0
sourcegraph.com/sourcegraph/sourcegraph/pkg/localstore/user_activity.go:54.3,55.17 2 0
sourcegraph.com/sourcegraph/sourcegraph/pkg/localstore/user_activity.go:51.54,53.4 1 0
sourcegraph.com/sourcegraph/sourcegraph/pkg/localstore/user_activity.go:55.17,57.4 1 0
sourcegraph.com/sourcegraph/sourcegraph/pkg/localstore/user_activity.go:62.124,64.16 2 0
sourcegraph.com/sourcegraph/sourcegraph/pkg/localstore/user_activity.go:67.2,69.18 3 0
sourcegraph.com/sourcegraph/sourcegraph/pkg/localstore/user_activity.go:77.2,77.34 1 0
sourcegraph.com/sourcegraph/sourcegraph/pkg/localstore/user_activity.go:80.2,80.20 1 0
sourcegraph.com/sourcegraph/sourcegraph/pkg/localstore/user_activity.go:64.16,66.3 1 0
sourcegraph.com/sourcegraph/sourcegraph/pkg/localstore/user_activity.go:69.18,72.17 3 0
sourcegraph.com/sourcegraph/sourcegraph/pkg/localstore/user_activity.go:75.3,75.30 1 0
sourcegraph.com/sourcegraph/sourcegraph/pkg/localstore/user_activity.go:72.17,74.4 1 0
sourcegraph.com/sourcegraph/sourcegraph/pkg/localstore/user_activity.go:77.34,79.3 1 0
sourcegraph.com/sourcegraph/sourcegraph/pkg/localstore/user_activity.go:83.127,85.16 2 0
sourcegraph.com/sourcegraph/sourcegraph/pkg/localstore/user_activity.go:88.2,88.20 1 0
sourcegraph.com/sourcegraph/sourcegraph/pkg/localstore/user_activity.go:92.2,92.21 1 0
sourcegraph.com/sourcegraph/sourcegraph/pkg/localstore/user_activity.go:85.16,87.3 1 0
sourcegraph.com/sourcegraph/sourcegraph/pkg/localstore/user_activity.go:88.20,90.3 1 0
sourcegraph.com/sourcegraph/sourcegraph/pkg/localstore/user_activity.go:95.106,97.2 1 0
sourcegraph.com/sourcegraph/sourcegraph/pkg/localstore/user_activity.go:99.77,101.16 2 1
sourcegraph.com/sourcegraph/sourcegraph/pkg/localstore/user_activity.go:104.2,106.12 3 1
sourcegraph.com/sourcegraph/sourcegraph/pkg/localstore/user_activity.go:101.16,103.3 1 0
sourcegraph.com/sourcegraph/sourcegraph/pkg/localstore/user_activity.go:109.80,111.16 2 1
sourcegraph.com/sourcegraph/sourcegraph/pkg/localstore/user_activity.go:114.2,116.12 3 1
sourcegraph.com/sourcegraph/sourcegraph/pkg/localstore/user_activity.go:111.16,113.3 1 0
sourcegraph.com/sourcegraph/sourcegraph/pkg/localstore/user_tags.go:16.46,18.2 1 0
sourcegraph.com/sourcegraph/sourcegraph/pkg/localstore/user_tags.go:20.103,29.16 3 0
sourcegraph.com/sourcegraph/sourcegraph/pkg/localstore/user_tags.go:32.2,32.15 1 0
sourcegraph.com/sourcegraph/sourcegraph/pkg/localstore/user_tags.go:29.16,31.3 1 0
sourcegraph.com/sourcegraph/sourcegraph/pkg/localstore/user_tags.go:36.116,38.16 2 0
sourcegraph.com/sourcegraph/sourcegraph/pkg/localstore/user_tags.go:45.2,45.17 1 0
sourcegraph.com/sourcegraph/sourcegraph/pkg/localstore/user_tags.go:38.16,39.45 1 0
sourcegraph.com/sourcegraph/sourcegraph/pkg/localstore/user_tags.go:43.3,43.37 1 0
sourcegraph.com/sourcegraph/sourcegraph/pkg/localstore/user_tags.go:39.45,41.4 1 0
sourcegraph.com/sourcegraph/sourcegraph/pkg/localstore/user_tags.go:48.115,50.16 2 0
sourcegraph.com/sourcegraph/sourcegraph/pkg/localstore/user_tags.go:53.2,55.18 3 0
sourcegraph.com/sourcegraph/sourcegraph/pkg/localstore/user_tags.go:63.2,63.34 1 0
sourcegraph.com/sourcegraph/sourcegraph/pkg/localstore/user_tags.go:66.2,66.18 1 0
sourcegraph.com/sourcegraph/sourcegraph/pkg/localstore/user_tags.go:50.16,52.3 1 0
sourcegraph.com/sourcegraph/sourcegraph/pkg/localstore/user_tags.go:55.18,58.17 3 0
sourcegraph.com/sourcegraph/sourcegraph/pkg/localstore/user_tags.go:61.3,61.26 1 0
sourcegraph.com/sourcegraph/sourcegraph/pkg/localstore/user_tags.go:58.17,60.4 1 0
sourcegraph.com/sourcegraph/sourcegraph/pkg/localstore/user_tags.go:63.34,65.3 1 0
sourcegraph.com/sourcegraph/sourcegraph/pkg/localstore/user_tags.go:69.118,71.16 2 0
sourcegraph.com/sourcegraph/sourcegraph/pkg/localstore/user_tags.go:74.2,74.20 1 0
sourcegraph.com/sourcegraph/sourcegraph/pkg/localstore/user_tags.go:77.2,77.21 1 0
sourcegraph.com/sourcegraph/sourcegraph/pkg/localstore/user_tags.go:71.16,73.3 1 0
sourcegraph.com/sourcegraph/sourcegraph/pkg/localstore/user_tags.go:74.20,76.3 1 0
sourcegraph.com/sourcegraph/sourcegraph/pkg/localstore/user_tags.go:80.99,82.2 1 0
sourcegraph.com/sourcegraph/sourcegraph/pkg/localstore/user_tags.go:84.120,86.2 1 0
sourcegraph.com/sourcegraph/sourcegraph/pkg/localstore/orgs_mock.go:15.112,17.76 2 0
sourcegraph.com/sourcegraph/sourcegraph/pkg/localstore/orgs_mock.go:21.2,21.8 1 0
sourcegraph.com/sourcegraph/sourcegraph/pkg/localstore/orgs_mock.go:17.76,20.3 2 0
sourcegraph.com/sourcegraph/sourcegraph/pkg/localstore/repos.go:32.41,34.2 1 0
sourcegraph.com/sourcegraph/sourcegraph/pkg/localstore/repos.go:44.79,45.28 1 24
sourcegraph.com/sourcegraph/sourcegraph/pkg/localstore/repos.go:49.2,50.16 2 13
sourcegraph.com/sourcegraph/sourcegraph/pkg/localstore/repos.go:54.2,54.21 1 13
sourcegraph.com/sourcegraph/sourcegraph/pkg/localstore/repos.go:57.2,59.33 2 12
sourcegraph.com/sourcegraph/sourcegraph/pkg/localstore/repos.go:65.2,65.18 1 12
sourcegraph.com/sourcegraph/sourcegraph/pkg/localstore/repos.go:45.28,47.3 1 11
sourcegraph.com/sourcegraph/sourcegraph/pkg/localstore/repos.go:50.16,52.3 1 0
sourcegraph.com/sourcegraph/sourcegraph/pkg/localstore/repos.go:54.21,56.3 1 1
sourcegraph.com/sourcegraph/sourcegraph/pkg/localstore/repos.go:59.33,61.65 1 12
sourcegraph.com/sourcegraph/sourcegraph/pkg/localstore/repos.go:61.65,63.4 1 0
sourcegraph.com/sourcegraph/sourcegraph/pkg/localstore/repos.go:77.86,78.33 1 19
sourcegraph.com/sourcegraph/sourcegraph/pkg/localstore/repos.go:82.2,83.31 2 17
sourcegraph.com/sourcegraph/sourcegraph/pkg/localstore/repos.go:109.2,109.18 1 17
sourcegraph.com/sourcegraph/sourcegraph/pkg/localstore/repos.go:78.33,80.3 1 2
sourcegraph.com/sourcegraph/sourcegraph/pkg/localstore/repos.go:83.31,84.61 1 0
sourcegraph.com/sourcegraph/sourcegraph/pkg/localstore/repos.go:91.3,92.17 2 0
sourcegraph.com/sourcegraph/sourcegraph/pkg/localstore/repos.go:95.3,95.17 1 0
sourcegraph.com/sourcegraph/sourcegraph/pkg/localstore/repos.go:98.3,98.68 1 0
sourcegraph.com/sourcegraph/sourcegraph/pkg/localstore/repos.go:101.3,101.30 1 0
sourcegraph.com/sourcegraph/sourcegraph/pkg/localstore/repos.go:84.61,85.63 1 0
sourcegraph.com/sourcegraph/sourcegraph/pkg/localstore/repos.go:85.63,87.5 1 0
sourcegraph.com/sourcegraph/sourcegraph/pkg/localstore/repos.go:87.5,87.73 1 0
sourcegraph.com/sourcegraph/sourcegraph/pkg/localstore/repos.go:87.73,89.5 1 0
sourcegraph.com/sourcegraph/sourcegraph/pkg/localstore/repos.go:92.17,94.4 1 0
sourcegraph.com/sourcegraph/sourcegraph/pkg/localstore/repos.go:95.17,97.4 1 0
sourcegraph.com/sourcegraph/sourcegraph/pkg/localstore/repos.go:98.68,100.4 1 0
sourcegraph.com/sourcegraph/sourcegraph/pkg/localstore/repos.go:102.3,102.23 1 17
sourcegraph.com/sourcegraph/sourcegraph/pkg/localstore/repos.go:102.23,103.90 1 0
sourcegraph.com/sourcegraph/sourcegraph/pkg/localstore/repos.go:106.3,106.18 1 0
sourcegraph.com/sourcegraph/sourcegraph/pkg/localstore/repos.go:103.90,105.4 1 0
sourcegraph.com/sourcegraph/sourcegraph/pkg/localstore/repos.go:112.94,116.16 3 0
sourcegraph.com/sourcegraph/sourcegraph/pkg/localstore/repos.go:119.2,119.23 1 0
sourcegraph.com/sourcegraph/sourcegraph/pkg/localstore/repos.go:127.2,127.105 1 0
sourcegraph.com/sourcegraph/sourcegraph/pkg/localstore/repos.go:131.2,131.36 1 0
sourcegraph.com/sourcegraph/sourcegraph/pkg/localstore/repos.go:116.16,118.3 1 0
sourcegraph.com/sourcegraph/sourcegraph/pkg/localstore/repos.go:119.23,122.59 1 0
sourcegraph.com/sourcegraph/sourcegraph/pkg/localstore/repos.go:122.59,124.4 1 0
sourcegraph.com/sourcegraph/sourcegraph/pkg/localstore/repos.go:127.105,129.3 1 0
sourcegraph.com/sourcegraph/sourcegraph/pkg/localstore/repos.go:134.86,136.16 2 17
sourcegraph.com/sourcegraph/sourcegraph/pkg/localstore/repos.go:140.2,140.21 1 17
sourcegraph.com/sourcegraph/sourcegraph/pkg/localstore/repos.go:143.2,145.33 2 17
sourcegraph.com/sourcegraph/sourcegraph/pkg/localstore/repos.go:152.2,152.18 1 17
sourcegraph.com/sourcegraph/sourcegraph/pkg/localstore/repos.go:136.16,138.3 1 0
sourcegraph.com/sourcegraph/sourcegraph/pkg/localstore/repos.go:140.21,142.3 1 0
sourcegraph.com/sourcegraph/sourcegraph/pkg/localstore/repos.go:145.33,147.65 1 17
sourcegraph.com/sourcegraph/sourcegraph/pkg/localstore/repos.go:147.65,149.4 1 0
sourcegraph.com/sourcegraph/sourcegraph/pkg/localstore/repos.go:155.101,158.16 3 53
sourcegraph.com/sourcegraph/sourcegraph/pkg/localstore/repos.go:161.2,164.18 3 53
sourcegraph.com/sourcegraph/sourcegraph/pkg/localstore/repos.go:190.2,190.34 1 53
sourcegraph.com/sourcegraph/sourcegraph/pkg/localstore/repos.go:194.2,194.19 1 53
sourcegraph.com/sourcegraph/sourcegraph/pkg/localstore/repos.go:158.16,160.3 1 0
sourcegraph.com/sourcegraph/sourcegraph/pkg/localstore/repos.go:164.18,182.17 3 65
sourcegraph.com/sourcegraph/sourcegraph/pkg/localstore/repos.go:186.3,188.31 2 65
sourcegraph.com/sourcegraph/sourcegraph/pkg/localstore/repos.go:182.17,184.4 1 0
sourcegraph.com/sourcegraph/sourcegraph/pkg/localstore/repos.go:190.34,192.3 1 0
sourcegraph.com/sourcegraph/sourcegraph/pkg/localstore/repos.go:219.46,223.28 4 20
sourcegraph.com/sourcegraph/sourcegraph/pkg/localstore/repos.go:230.2,230.31 1 20
sourcegraph.com/sourcegraph/sourcegraph/pkg/localstore/repos.go:240.2,241.22 2 20
sourcegraph.com/sourcegraph/sourcegraph/pkg/localstore/repos.go:262.2,264.19 2 20
sourcegraph.com/sourcegraph/sourcegraph/pkg/localstore/repos.go:223.28,224.30 1 180
sourcegraph.com/sourcegraph/sourcegraph/pkg/localstore/repos.go:227.3,228.17 2 163
sourcegraph.com/sourcegraph/sourcegraph/pkg/localstore/repos.go:224.30,226.4 1 17
sourcegraph.com/sourcegraph/sourcegraph/pkg/localstore/repos.go:230.31,231.18 1 1
sourcegraph.com/sourcegraph/sourcegraph/pkg/localstore/repos.go:234.3,237.13 4 1
sourcegraph.com/sourcegraph/sourcegraph/pkg/localstore/repos.go:231.18,233.4 1 1
sourcegraph.com/sourcegraph/sourcegraph/pkg/localstore/repos.go:241.22,242.12 1 99
sourcegraph.com/sourcegraph/sourcegraph/pkg/localstore/repos.go:243.12,245.18 1 2
sourcegraph.com/sourcegraph/sourcegraph/pkg/localstore/repos.go:246.13,247.19 1 0
sourcegraph.com/sourcegraph/sourcegraph/pkg/localstore/repos.go:248.12,249.19 1 1
sourcegraph.com/sourcegraph/sourcegraph/pkg/localstore/repos.go:250.12,251.19 1 0
sourcegraph.com/sourcegraph/sourcegraph/pkg/localstore/repos.go:252.11,253.49 1 96
sourcegraph.com/sourcegraph/sourcegraph/pkg/localstore/repos.go:253.49,255.5 1 75
sourcegraph.com/sourcegraph/sourcegraph/pkg/localstore/repos.go:255.5,259.5 3 21
sourcegraph.com/sourcegraph/sourcegraph/pkg/localstore/repos.go:272.89,273.29 1 25
sourcegraph.com/sourcegraph/sourcegraph/pkg/localstore/repos.go:277.2,277.16 1 25
sourcegraph.com/sourcegraph/sourcegraph/pkg/localstore/repos.go:281.2,282.83 2 25
sourcegraph.com/sourcegraph/sourcegraph/pkg/localstore/repos.go:285.2,285.21 1 23
sourcegraph.com/sourcegraph/sourcegraph/pkg/localstore/repos.go:288.2,288.53 1 23
sourcegraph.com/sourcegraph/sourcegraph/pkg/localstore/repos.go:315.2,315.30 1 23
sourcegraph.com/sourcegraph/sourcegraph/pkg/localstore/repos.go:320.2,325.16 2 23
sourcegraph.com/sourcegraph/sourcegraph/pkg/localstore/repos.go:329.2,330.33 2 23
sourcegraph.com/sourcegraph/sourcegraph/pkg/localstore/repos.go:342.2,342.19 1 23
sourcegraph.com/sourcegraph/sourcegraph/pkg/localstore/repos.go:273.29,275.3 1 0
sourcegraph.com/sourcegraph/sourcegraph/pkg/localstore/repos.go:277.16,279.3 1 1
sourcegraph.com/sourcegraph/sourcegraph/pkg/localstore/repos.go:282.83,284.3 1 2
sourcegraph.com/sourcegraph/sourcegraph/pkg/localstore/repos.go:285.21,287.3 1 9
sourcegraph.com/sourcegraph/sourcegraph/pkg/localstore/repos.go:288.53,290.17 2 4
sourcegraph.com/sourcegraph/sourcegraph/pkg/localstore/repos.go:293.3,293.19 1 4
sourcegraph.com/sourcegraph/sourcegraph/pkg/localstore/repos.go:304.3,304.35 1 4
sourcegraph.com/sourcegraph/sourcegraph/pkg/localstore/repos.go:311.3,311.20 1 4
sourcegraph.com/sourcegraph/sourcegraph/pkg/localstore/repos.go:290.17,292.4 1 0
sourcegraph.com/sourcegraph/sourcegraph/pkg/localstore/repos.go:293.19,294.62 1 0
sourcegraph.com/sourcegraph/sourcegraph/pkg/localstore/repos.go:294.62,296.5 1 0
sourcegraph.com/sourcegraph/sourcegraph/pkg/localstore/repos.go:296.5,298.29 2 0
sourcegraph.com/sourcegraph/sourcegraph/pkg/localstore/repos.go:301.5,301.78 1 0
sourcegraph.com/sourcegraph/sourcegraph/pkg/localstore/repos.go:298.29,300.6 1 0
sourcegraph.com/sourcegraph/sourcegraph/pkg/localstore/repos.go:304.35,306.27 2 1
sourcegraph.com/sourcegraph/sourcegraph/pkg/localstore/repos.go:309.4,309.55 1 1
sourcegraph.com/sourcegraph/sourcegraph/pkg/localstore/repos.go:306.27,308.5 1 1
sourcegraph.com/sourcegraph/sourcegraph/pkg/localstore/repos.go:311.20,313.4 1 3
sourcegraph.com/sourcegraph/sourcegraph/pkg/localstore/repos.go:315.30,317.3 1 2
sourcegraph.com/sourcegraph/sourcegraph/pkg/localstore/repos.go:325.16,327.3 1 0
sourcegraph.com/sourcegraph/sourcegraph/pkg/localstore/repos.go:330.33,335.17 2 23
sourcegraph.com/sourcegraph/sourcegraph/pkg/localstore/repos.go:335.17,337.4 1 0
sourcegraph.com/sourcegraph/sourcegraph/pkg/localstore/repos.go:338.3,340.3 1 0
sourcegraph.com/sourcegraph/sourcegraph/pkg/localstore/repos.go:360.91,362.16 2 30
sourcegraph.com/sourcegraph/sourcegraph/pkg/localstore/repos.go:365.2,366.16 2 30
sourcegraph.com/sourcegraph/sourcegraph/pkg/localstore/repos.go:369.2,369.29 1 30
sourcegraph.com/sourcegraph/sourcegraph/pkg/localstore/repos.go:372.2,372.27 1 30
sourcegraph.com/sourcegraph/sourcegraph/pkg/localstore/repos.go:375.2,375.27 1 30
sourcegraph.com/sourcegraph/sourcegraph/pkg/localstore/repos.go:378.2,378.33 1 30
sourcegraph.com/sourcegraph/sourcegraph/pkg/localstore/repos.go:381.2,381.31 1 5
sourcegraph.com/sourcegraph/sourcegraph/pkg/localstore/repos.go:362.16,364.3 1 0
sourcegraph.com/sourcegraph/sourcegraph/pkg/localstore/repos.go:366.16,368.3 1 0
sourcegraph.com/sourcegraph/sourcegraph/pkg/localstore/repos.go:369.29,371.3 1 4
sourcegraph.com/sourcegraph/sourcegraph/pkg/localstore/repos.go:372.27,374.3 1 3
sourcegraph.com/sourcegraph/sourcegraph/pkg/localstore/repos.go:375.27,377.3 1 2
sourcegraph.com/sourcegraph/sourcegraph/pkg/localstore/repos.go:378.33,380.3 1 25
sourcegraph.com/sourcegraph/sourcegraph/pkg/localstore/repos.go:386.104,388.16 2 119
sourcegraph.com/sourcegraph/sourcegraph/pkg/localstore/repos.go:392.2,392.9 1 119
sourcegraph.com/sourcegraph/sourcegraph/pkg/localstore/repos.go:493.2,493.32 1 0
sourcegraph.com/sourcegraph/sourcegraph/pkg/localstore/repos.go:388.16,390.3 1 0
sourcegraph.com/sourcegraph/sourcegraph/pkg/localstore/repos.go:393.42,394.42 1 2
sourcegraph.com/sourcegraph/sourcegraph/pkg/localstore/repos.go:395.39,397.15 2 24
sourcegraph.com/sourcegraph/sourcegraph/pkg/localstore/repos.go:400.3,400.33 1 0
sourcegraph.com/sourcegraph/sourcegraph/pkg/localstore/repos.go:402.41,404.24 1 12
sourcegraph.com/sourcegraph/sourcegraph/pkg/localstore/repos.go:417.3,417.33 1 3
sourcegraph.com/sourcegraph/sourcegraph/pkg/localstore/repos.go:419.41,420.42 1 0
sourcegraph.com/sourcegraph/sourcegraph/pkg/localstore/repos.go:422.39,423.42 1 0
sourcegraph.com/sourcegraph/sourcegraph/pkg/localstore/repos.go:425.39,426.40 1 41
sourcegraph.com/sourcegraph/sourcegraph/pkg/localstore/repos.go:428.38,430.30 2 33
sourcegraph.com/sourcegraph/sourcegraph/pkg/localstore/repos.go:467.3,467.19 1 31
sourcegraph.com/sourcegraph/sourcegraph/pkg/localstore/repos.go:470.3,470.19 1 31
sourcegraph.com/sourcegraph/sourcegraph/pkg/localstore/repos.go:477.3,477.35 1 0
sourcegraph.com/sourcegraph/sourcegraph/pkg/localstore/repos.go:479.41,480.30 1 7
sourcegraph.com/sourcegraph/sourcegraph/pkg/localstore/repos.go:490.3,490.46 1 7
sourcegraph.com/sourcegraph/sourcegraph/pkg/localstore/repos.go:397.15,399.4 1 24
sourcegraph.com/sourcegraph/sourcegraph/pkg/localstore/repos.go:404.24,406.16 2 9
sourcegraph.com/sourcegraph/sourcegraph/pkg/localstore/repos.go:411.4,412.46 2 8
sourcegraph.com/sourcegraph/sourcegraph/pkg/localstore/repos.go:415.4,415.36 1 8
sourcegraph.com/sourcegraph/sourcegraph/pkg/localstore/repos.go:406.16,410.5 1 1
sourcegraph.com/sourcegraph/sourcegraph/pkg/localstore/repos.go:412.46,414.5 1 16
sourcegraph.com/sourcegraph/sourcegraph/pkg/localstore/repos.go:430.30,431.52 1 93
sourcegraph.com/sourcegraph/sourcegraph/pkg/localstore/repos.go:435.4,435.62 1 62
sourcegraph.com/sourcegraph/sourcegraph/pkg/localstore/repos.go:439.4,440.18 2 34
sourcegraph.com/sourcegraph/sourcegraph/pkg/localstore/repos.go:443.4,443.85 1 34
sourcegraph.com/sourcegraph/sourcegraph/pkg/localstore/repos.go:447.4,447.23 1 33
sourcegraph.com/sourcegraph/sourcegraph/pkg/localstore/repos.go:450.4,450.20 1 33
sourcegraph.com/sourcegraph/sourcegraph/pkg/localstore/repos.go:431.52,433.13 2 31
sourcegraph.com/sourcegraph/sourcegraph/pkg/localstore/repos.go:435.62,437.13 2 28
sourcegraph.com/sourcegraph/sourcegraph/pkg/localstore/repos.go:440.18,442.5 1 0
sourcegraph.com/sourcegraph/sourcegraph/pkg/localstore/repos.go:443.85,445.5 1 1
sourcegraph.com/sourcegraph/sourcegraph/pkg/localstore/repos.go:447.23,449.5 1 28
sourcegraph.com/sourcegraph/sourcegraph/pkg/localstore/repos.go:450.20,452.5 1 28
sourcegraph.com/sourcegraph/sourcegraph/pkg/localstore/repos.go:452.5,454.39 2 5
sourcegraph.com/sourcegraph/sourcegraph/pkg/localstore/repos.go:458.5,459.33 2 4
sourcegraph.com/sourcegraph/sourcegraph/pkg/localstore/repos.go:464.5,464.21 1 4
sourcegraph.com/sourcegraph/sourcegraph/pkg/localstore/repos.go:454.39,457.6 1 1
sourcegraph.com/sourcegraph/sourcegraph/pkg/localstore/repos.go:459.33,460.40 1 15
sourcegraph.com/sourcegraph/sourcegraph/pkg/localstore/repos.go:460.40,462.7 1 30
sourcegraph.com/sourcegraph/sourcegraph/pkg/localstore/repos.go:467.19,469.4 1 4
sourcegraph.com/sourcegraph/sourcegraph/pkg/localstore/repos.go:470.19,472.4 1 26
sourcegraph.com/sourcegraph/sourcegraph/pkg/localstore/repos.go:472.4,472.19 1 5
sourcegraph.com/sourcegraph/sourcegraph/pkg/localstore/repos.go:472.19,474.4 1 3
sourcegraph.com/sourcegraph/sourcegraph/pkg/localstore/repos.go:474.4,474.17 1 2
sourcegraph.com/sourcegraph/sourcegraph/pkg/localstore/repos.go:474.17,476.4 1 2
sourcegraph.com/sourcegraph/sourcegraph/pkg/localstore/repos.go:480.30,482.18 2 14
sourcegraph.com/sourcegraph/sourcegraph/pkg/localstore/repos.go:485.4,488.41 4 14
sourcegraph.com/sourcegraph/sourcegraph/pkg/localstore/repos.go:482.18,484.5 1 0
sourcegraph.com/sourcegraph/sourcegraph/pkg/localstore/repos.go:498.63,499.31 1 1
sourcegraph.com/sourcegraph/sourcegraph/pkg/localstore/repos.go:504.2,504.53 1 1
sourcegraph.com/sourcegraph/sourcegraph/pkg/localstore/repos.go:507.2,507.47 1 1
sourcegraph.com/sourcegraph/sourcegraph/pkg/localstore/repos.go:511.2,513.12 3 1
sourcegraph.com/sourcegraph/sourcegraph/pkg/localstore/repos.go:499.31,501.3 1 0
sourcegraph.com/sourcegraph/sourcegraph/pkg/localstore/repos.go:504.53,506.3 1 0
sourcegraph.com/sourcegraph/sourcegraph/pkg/localstore/repos.go:507.47,509.3 1 0
sourcegraph.com/sourcegraph/sourcegraph/pkg/localstore/repos.go:517.85,519.16 2 4
sourcegraph.com/sourcegraph/sourcegraph/pkg/localstore/repos.go:523.2,523.65 1 4
sourcegraph.com/sourcegraph/sourcegraph/pkg/localstore/repos.go:526.2,526.12 1 0
sourcegraph.com/sourcegraph/sourcegraph/pkg/localstore/repos.go:519.16,521.3 1 0
sourcegraph.com/sourcegraph/sourcegraph/pkg/localstore/repos.go:523.65,525.3 1 4
sourcegraph.com/sourcegraph/sourcegraph/pkg/localstore/repos.go:529.95,532.16 2 4
sourcegraph.com/sourcegraph/sourcegraph/pkg/localstore/repos.go:536.2,537.44 2 4
sourcegraph.com/sourcegraph/sourcegraph/pkg/localstore/repos.go:540.2,540.44 1 4
sourcegraph.com/sourcegraph/sourcegraph/pkg/localstore/repos.go:543.2,543.36 1 4
sourcegraph.com/sourcegraph/sourcegraph/pkg/localstore/repos.go:547.2,547.55 1 4
sourcegraph.com/sourcegraph/sourcegraph/pkg/localstore/repos.go:550.2,550.53 1 4
sourcegraph.com/sourcegraph/sourcegraph/pkg/localstore/repos.go:554.2,554.22 1 4
sourcegraph.com/sourcegraph/sourcegraph/pkg/localstore/repos.go:561.2,561.12 1 4
sourcegraph.com/sourcegraph/sourcegraph/pkg/localstore/repos.go:532.16,534.3 1 0
sourcegraph.com/sourcegraph/sourcegraph/pkg/localstore/repos.go:537.44,539.3 1 2
sourcegraph.com/sourcegraph/sourcegraph/pkg/localstore/repos.go:540.44,542.3 1 1
sourcegraph.com/sourcegraph/sourcegraph/pkg/localstore/repos.go:543.36,545.3 1 1
sourcegraph.com/sourcegraph/sourcegraph/pkg/localstore/repos.go:547.55,549.3 1 1
sourcegraph.com/sourcegraph/sourcegraph/pkg/localstore/repos.go:550.53,552.3 1 1
sourcegraph.com/sourcegraph/sourcegraph/pkg/localstore/repos.go:554.22,556.98 2 3
sourcegraph.com/sourcegraph/sourcegraph/pkg/localstore/repos.go:556.98,558.4 1 0
sourcegraph.com/sourcegraph/sourcegraph/pkg/localstore/repos.go:564.90,567.2 2 0
sourcegraph.com/sourcegraph/sourcegraph/pkg/localstore/repos.go:569.92,572.2 2 0
sourcegraph.com/sourcegraph/sourcegraph/pkg/localstore/repos.go:576.114,578.16 2 34
sourcegraph.com/sourcegraph/sourcegraph/pkg/localstore/repos.go:586.2,586.12 1 33
sourcegraph.com/sourcegraph/sourcegraph/pkg/localstore/repos.go:578.16,579.36 1 1
sourcegraph.com/sourcegraph/sourcegraph/pkg/localstore/repos.go:584.3,584.13 1 0
sourcegraph.com/sourcegraph/sourcegraph/pkg/localstore/repos.go:579.36,580.63 1 1
sourcegraph.com/sourcegraph/sourcegraph/pkg/localstore/repos.go:580.63,582.5 1 1
sourcegraph.com/sourcegraph/sourcegraph/pkg/localstore/repos.go:589.43,590.12 1 8
sourcegraph.com/sourcegraph/sourcegraph/pkg/localstore/repos.go:593.2,593.26 1 2
sourcegraph.com/sourcegraph/sourcegraph/pkg/localstore/repos.go:596.2,596.20 1 0
sourcegraph.com/sourcegraph/sourcegraph/pkg/localstore/repos.go:590.12,592.3 1 6
sourcegraph.com/sourcegraph/sourcegraph/pkg/localstore/repos.go:593.26,595.3 1 2
sourcegraph.com/sourcegraph/sourcegraph/pkg/localstore/users_mock.go:16.114,18.77 2 0
sourcegraph.com/sourcegraph/sourcegraph/pkg/localstore/users_mock.go:22.2,22.8 1 0
sourcegraph.com/sourcegraph/sourcegraph/pkg/localstore/users_mock.go:18.77,21.3 2 0
sourcegraph.com/sourcegraph/sourcegraph/pkg/localstore/users_mock.go:25.119,27.83 2 0
sourcegraph.com/sourcegraph/sourcegraph/pkg/localstore/users_mock.go:31.2,31.8 1 0
sourcegraph.com/sourcegraph/sourcegraph/pkg/localstore/users_mock.go:27.83,30.3 2 0
sourcegraph.com/sourcegraph/sourcegraph/pkg/localstore/pkgs.go:33.179,38.16 2 1
sourcegraph.com/sourcegraph/sourcegraph/pkg/localstore/pkgs.go:41.2,42.16 2 1
sourcegraph.com/sourcegraph/sourcegraph/pkg/localstore/pkgs.go:46.2,47.37 2 1
sourcegraph.com/sourcegraph/sourcegraph/pkg/localstore/pkgs.go:58.2,58.20 1 1
sourcegraph.com/sourcegraph/sourcegraph/pkg/localstore/pkgs.go:63.2,63.12 1 1
sourcegraph.com/sourcegraph/sourcegraph/pkg/localstore/pkgs.go:38.16,40.3 1 0
sourcegraph.com/sourcegraph/sourcegraph/pkg/localstore/pkgs.go:42.16,44.3 1 0
sourcegraph.com/sourcegraph/sourcegraph/pkg/localstore/pkgs.go:47.37,50.62 2 1
sourcegraph.com/sourcegraph/sourcegraph/pkg/localstore/pkgs.go:53.3,53.82 1 1
sourcegraph.com/sourcegraph/sourcegraph/pkg/localstore/pkgs.go:50.62,51.12 1 0
sourcegraph.com/sourcegraph/sourcegraph/pkg/localstore/pkgs.go:53.82,56.4 2 0
sourcegraph.com/sourcegraph/sourcegraph/pkg/localstore/pkgs.go:58.20,60.3 1 0
sourcegraph.com/sourcegraph/sourcegraph/pkg/localstore/pkgs.go:60.3,60.26 1 1
sourcegraph.com/sourcegraph/sourcegraph/pkg/localstore/pkgs.go:60.26,62.3 1 0
sourcegraph.com/sourcegraph/sourcegraph/pkg/localstore/pkgs.go:66.131,68.15 2 1
sourcegraph.com/sourcegraph/sourcegraph/pkg/localstore/pkgs.go:76.2,83.62 2 1
sourcegraph.com/sourcegraph/sourcegraph/pkg/localstore/pkgs.go:88.2,91.16 4 1
sourcegraph.com/sourcegraph/sourcegraph/pkg/localstore/pkgs.go:96.2,97.28 2 1
sourcegraph.com/sourcegraph/sourcegraph/pkg/localstore/pkgs.go:106.2,106.65 1 1
sourcegraph.com/sourcegraph/sourcegraph/pkg/localstore/pkgs.go:114.2,114.16 1 1
sourcegraph.com/sourcegraph/sourcegraph/pkg/localstore/pkgs.go:117.2,117.12 1 1
sourcegraph.com/sourcegraph/sourcegraph/pkg/localstore/pkgs.go:68.15,69.17 1 1
sourcegraph.com/sourcegraph/sourcegraph/pkg/localstore/pkgs.go:73.3,73.16 1 1
sourcegraph.com/sourcegraph/sourcegraph/pkg/localstore/pkgs.go:69.17,72.4 2 0
sourcegraph.com/sourcegraph/sourcegraph/pkg/localstore/pkgs.go:83.62,87.3 1 0
sourcegraph.com/sourcegraph/sourcegraph/pkg/localstore/pkgs.go:91.16,93.3 1 0
sourcegraph.com/sourcegraph/sourcegraph/pkg/localstore/pkgs.go:97.28,98.63 1 1
sourcegraph.com/sourcegraph/sourcegraph/pkg/localstore/pkgs.go:103.3,103.24 1 1
sourcegraph.com/sourcegraph/sourcegraph/pkg/localstore/pkgs.go:98.63,99.92 1 0
sourcegraph.com/sourcegraph/sourcegraph/pkg/localstore/pkgs.go:99.92,100.13 1 0
sourcegraph.com/sourcegraph/sourcegraph/pkg/localstore/pkgs.go:106.65,109.17 2 1
sourcegraph.com/sourcegraph/sourcegraph/pkg/localstore/pkgs.go:112.3,112.13 1 1
sourcegraph.com/sourcegraph/sourcegraph/pkg/localstore/pkgs.go:109.17,111.4 1 0
sourcegraph.com/sourcegraph/sourcegraph/pkg/localstore/pkgs.go:114.16,116.3 1 0
sourcegraph.com/sourcegraph/sourcegraph/pkg/localstore/pkgs.go:124.135,126.15 2 8
sourcegraph.com/sourcegraph/sourcegraph/pkg/localstore/pkgs.go:133.2,141.16 3 8
sourcegraph.com/sourcegraph/sourcegraph/pkg/localstore/pkgs.go:144.2,152.16 3 8
sourcegraph.com/sourcegraph/sourcegraph/pkg/localstore/pkgs.go:155.2,158.24 3 8
sourcegraph.com/sourcegraph/sourcegraph/pkg/localstore/pkgs.go:172.2,173.39 2 8
sourcegraph.com/sourcegraph/sourcegraph/pkg/localstore/pkgs.go:176.2,178.121 2 8
sourcegraph.com/sourcegraph/sourcegraph/pkg/localstore/pkgs.go:181.2,194.16 3 8
sourcegraph.com/sourcegraph/sourcegraph/pkg/localstore/pkgs.go:197.2,198.12 2 8
sourcegraph.com/sourcegraph/sourcegraph/pkg/localstore/pkgs.go:126.15,127.17 1 8
sourcegraph.com/sourcegraph/sourcegraph/pkg/localstore/pkgs.go:131.3,131.16 1 8
sourcegraph.com/sourcegraph/sourcegraph/pkg/localstore/pkgs.go:127.17,130.4 2 0
sourcegraph.com/sourcegraph/sourcegraph/pkg/localstore/pkgs.go:141.16,143.3 1 0
sourcegraph.com/sourcegraph/sourcegraph/pkg/localstore/pkgs.go:152.16,154.3 1 0
sourcegraph.com/sourcegraph/sourcegraph/pkg/localstore/pkgs.go:158.24,160.17 2 8
sourcegraph.com/sourcegraph/sourcegraph/pkg/localstore/pkgs.go:164.3,168.17 1 8
sourcegraph.com/sourcegraph/sourcegraph/pkg/localstore/pkgs.go:160.17,162.4 1 0
sourcegraph.com/sourcegraph/sourcegraph/pkg/localstore/pkgs.go:168.17,170.4 1 0
sourcegraph.com/sourcegraph/sourcegraph/pkg/localstore/pkgs.go:173.39,175.3 1 0
sourcegraph.com/sourcegraph/sourcegraph/pkg/localstore/pkgs.go:178.121,180.3 1 0
sourcegraph.com/sourcegraph/sourcegraph/pkg/localstore/pkgs.go:194.16,196.3 1 0
sourcegraph.com/sourcegraph/sourcegraph/pkg/localstore/pkgs.go:201.125,202.36 1 5
sourcegraph.com/sourcegraph/sourcegraph/pkg/localstore/pkgs.go:206.2,207.15 2 5
sourcegraph.com/sourcegraph/sourcegraph/pkg/localstore/pkgs.go:214.2,218.36 4 5
sourcegraph.com/sourcegraph/sourcegraph/pkg/localstore/pkgs.go:223.2,224.24 2 5
sourcegraph.com/sourcegraph/sourcegraph/pkg/localstore/pkgs.go:231.2,231.20 1 5
sourcegraph.com/sourcegraph/sourcegraph/pkg/localstore/pkgs.go:234.2,234.19 1 5
sourcegraph.com/sourcegraph/sourcegraph/pkg/localstore/pkgs.go:237.2,237.28 1 5
sourcegraph.com/sourcegraph/sourcegraph/pkg/localstore/pkgs.go:240.2,248.16 4 5
sourcegraph.com/sourcegraph/sourcegraph/pkg/localstore/pkgs.go:251.2,254.18 3 5
sourcegraph.com/sourcegraph/sourcegraph/pkg/localstore/pkgs.go:271.2,271.35 1 5
sourcegraph.com/sourcegraph/sourcegraph/pkg/localstore/pkgs.go:275.2,275.33 1 5
sourcegraph.com/sourcegraph/sourcegraph/pkg/localstore/pkgs.go:286.2,286.17 1 5
sourcegraph.com/sourcegraph/sourcegraph/pkg/localstore/pkgs.go:202.36,204.3 1 0
sourcegraph.com/sourcegraph/sourcegraph/pkg/localstore/pkgs.go:207.15,208.17 1 5
sourcegraph.com/sourcegraph/sourcegraph/pkg/localstore/pkgs.go:212.3,212.16 1 5
sourcegraph.com/sourcegraph/sourcegraph/pkg/localstore/pkgs.go:208.17,211.4 2 0
sourcegraph.com/sourcegraph/sourcegraph/pkg/localstore/pkgs.go:218.36,221.3 2 15
sourcegraph.com/sourcegraph/sourcegraph/pkg/localstore/pkgs.go:224.24,226.17 2 4
sourcegraph.com/sourcegraph/sourcegraph/pkg/localstore/pkgs.go:229.3,229.84 1 4
sourcegraph.com/sourcegraph/sourcegraph/pkg/localstore/pkgs.go:226.17,228.4 1 0
sourcegraph.com/sourcegraph/sourcegraph/pkg/localstore/pkgs.go:231.20,233.3 1 1
sourcegraph.com/sourcegraph/sourcegraph/pkg/localstore/pkgs.go:234.19,236.3 1 5
sourcegraph.com/sourcegraph/sourcegraph/pkg/localstore/pkgs.go:237.28,239.3 1 0
sourcegraph.com/sourcegraph/sourcegraph/pkg/localstore/pkgs.go:248.16,250.3 1 0
sourcegraph.com/sourcegraph/sourcegraph/pkg/localstore/pkgs.go:254.18,259.57 2 6
sourcegraph.com/sourcegraph/sourcegraph/pkg/localstore/pkgs.go:262.3,266.61 2 6
sourcegraph.com/sourcegraph/sourcegraph/pkg/localstore/pkgs.go:269.3,269.31 1 6
sourcegraph.com/sourcegraph/sourcegraph/pkg/localstore/pkgs.go:259.57,261.4 1 0
sourcegraph.com/sourcegraph/sourcegraph/pkg/localstore/pkgs.go:266.61,268.4 1 0
sourcegraph.com/sourcegraph/sourcegraph/pkg/localstore/pkgs.go:271.35,273.3 1 0
sourcegraph.com/sourcegraph/sourcegraph/pkg/localstore/pkgs.go:275.33,276.31 1 5
sourcegraph.com/sourcegraph/sourcegraph/pkg/localstore/pkgs.go:276.31,278.56 1 6
sourcegraph.com/sourcegraph/sourcegraph/pkg/localstore/pkgs.go:278.56,280.5 1 5
sourcegraph.com/sourcegraph/sourcegraph/pkg/localstore/pkgs.go:282.3,284.3 1 0
sourcegraph.com/sourcegraph/sourcegraph/pkg/localstore/pkgs.go:289.62,292.2 2 3
sourcegraph.com/sourcegraph/sourcegraph/pkg/localstore/threads.go:22.105,23.33 1 0
sourcegraph.com/sourcegraph/sourcegraph/pkg/localstore/threads.go:27.2,27.22 1 0
sourcegraph.com/sourcegraph/sourcegraph/pkg/localstore/threads.go:31.2,34.28 4 0
sourcegraph.com/sourcegraph/sourcegraph/pkg/localstore/threads.go:150.2,150.16 1 0
sourcegraph.com/sourcegraph/sourcegraph/pkg/localstore/threads.go:154.2,154.23 1 0
sourcegraph.com/sourcegraph/sourcegraph/pkg/localstore/threads.go:23.33,25.3 1 0
sourcegraph.com/sourcegraph/sourcegraph/pkg/localstore/threads.go:27.22,29.3 1 0
sourcegraph.com/sourcegraph/sourcegraph/pkg/localstore/threads.go:34.28,80.3 1 0
sourcegraph.com/sourcegraph/sourcegraph/pkg/localstore/threads.go:80.3,149.3 1 0
sourcegraph.com/sourcegraph/sourcegraph/pkg/localstore/threads.go:150.16,152.3 1 0
sourcegraph.com/sourcegraph/sourcegraph/pkg/localstore/threads.go:157.83,158.30 1 0
sourcegraph.com/sourcegraph/sourcegraph/pkg/localstore/threads.go:162.2,163.16 2 0
sourcegraph.com/sourcegraph/sourcegraph/pkg/localstore/threads.go:166.2,166.23 1 0
sourcegraph.com/sourcegraph/sourcegraph/pkg/localstore/threads.go:169.2,169.24 1 0
sourcegraph.com/sourcegraph/sourcegraph/pkg/localstore/threads.go:158.30,160.3 1 0
sourcegraph.com/sourcegraph/sourcegraph/pkg/localstore/threads.go:163.16,165.3 1 0
sourcegraph.com/sourcegraph/sourcegraph/pkg/localstore/threads.go:166.23,168.3 1 0
sourcegraph.com/sourcegraph/sourcegraph/pkg/localstore/threads.go:172.109,173.33 1 0
sourcegraph.com/sourcegraph/sourcegraph/pkg/localstore/threads.go:177.2,179.20 2 0
sourcegraph.com/sourcegraph/sourcegraph/pkg/localstore/threads.go:182.2,182.20 1 0
sourcegraph.com/sourcegraph/sourcegraph/pkg/localstore/threads.go:194.2,194.110 1 0
sourcegraph.com/sourcegraph/sourcegraph/pkg/localstore/threads.go:198.2,199.16 2 0
sourcegraph.com/sourcegraph/sourcegraph/pkg/localstore/threads.go:202.2,202.20 1 0
sourcegraph.com/sourcegraph/sourcegraph/pkg/localstore/threads.go:173.33,175.3 1 0
sourcegraph.com/sourcegraph/sourcegraph/pkg/localstore/threads.go:179.20,181.3 1 0
sourcegraph.com/sourcegraph/sourcegraph/pkg/localstore/threads.go:182.20,184.23 2 0
sourcegraph.com/sourcegraph/sourcegraph/pkg/localstore/threads.go:190.3,190.119 1 0
sourcegraph.com/sourcegraph/sourcegraph/pkg/localstore/threads.go:184.23,189.4 1 0
sourcegraph.com/sourcegraph/sourcegraph/pkg/localstore/threads.go:190.119,192.4 1 0
sourcegraph.com/sourcegraph/sourcegraph/pkg/localstore/threads.go:194.110,196.3 1 0
sourcegraph.com/sourcegraph/sourcegraph/pkg/localstore/threads.go:199.16,201.3 1 0
sourcegraph.com/sourcegraph/sourcegraph/pkg/localstore/threads.go:205.94,208.22 3 0
sourcegraph.com/sourcegraph/sourcegraph/pkg/localstore/threads.go:215.2,215.18 1 0
sourcegraph.com/sourcegraph/sourcegraph/pkg/localstore/threads.go:219.2,219.19 1 0
sourcegraph.com/sourcegraph/sourcegraph/pkg/localstore/threads.go:222.2,222.17 1 0
sourcegraph.com/sourcegraph/sourcegraph/pkg/localstore/threads.go:225.2,226.63 2 0
sourcegraph.com/sourcegraph/sourcegraph/pkg/localstore/threads.go:208.22,210.30 2 0
sourcegraph.com/sourcegraph/sourcegraph/pkg/localstore/threads.go:213.3,213.84 1 0
sourcegraph.com/sourcegraph/sourcegraph/pkg/localstore/threads.go:210.30,212.4 1 0
sourcegraph.com/sourcegraph/sourcegraph/pkg/localstore/threads.go:215.18,218.3 2 0
sourcegraph.com/sourcegraph/sourcegraph/pkg/localstore/threads.go:219.19,221.3 1 0
sourcegraph.com/sourcegraph/sourcegraph/pkg/localstore/threads.go:222.17,224.3 1 0
sourcegraph.com/sourcegraph/sourcegraph/pkg/localstore/threads.go:229.142,232.2 2 0
sourcegraph.com/sourcegraph/sourcegraph/pkg/localstore/threads.go:234.114,237.2 2 0
sourcegraph.com/sourcegraph/sourcegraph/pkg/localstore/threads.go:239.104,244.2 4 0
sourcegraph.com/sourcegraph/sourcegraph/pkg/localstore/threads.go:247.113,274.16 2 0
sourcegraph.com/sourcegraph/sourcegraph/pkg/localstore/threads.go:278.2,280.18 3 0
sourcegraph.com/sourcegraph/sourcegraph/pkg/localstore/threads.go:342.2,342.34 1 0
sourcegraph.com/sourcegraph/sourcegraph/pkg/localstore/threads.go:346.2,346.21 1 0
sourcegraph.com/sourcegraph/sourcegraph/pkg/localstore/threads.go:274.16,276.3 1 0
sourcegraph.com/sourcegraph/sourcegraph/pkg/localstore/threads.go:280.18,311.17 7 0
sourcegraph.com/sourcegraph/sourcegraph/pkg/localstore/threads.go:314.3,314.24 1 0
sourcegraph.com/sourcegraph/sourcegraph/pkg/localstore/threads.go:319.3,319.23 1 0
sourcegraph.com/sourcegraph/sourcegraph/pkg/localstore/threads.go:324.3,324.25 1 0
sourcegraph.com/sourcegraph/sourcegraph/pkg/localstore/threads.go:327.3,327.176 1 0
sourcegraph.com/sourcegraph/sourcegraph/pkg/localstore/threads.go:340.3,340.32 1 0
sourcegraph.com/sourcegraph/sourcegraph/pkg/localstore/threads.go:311.17,313.4 1 0
sourcegraph.com/sourcegraph/sourcegraph/pkg/localstore/threads.go:314.24,316.4 1 0
sourcegraph.com/sourcegraph/sourcegraph/pkg/localstore/threads.go:316.4,318.4 1 0
sourcegraph.com/sourcegraph/sourcegraph/pkg/localstore/threads.go:319.23,321.4 1 0
sourcegraph.com/sourcegraph/sourcegraph/pkg/localstore/threads.go:321.4,323.4 1 0
sourcegraph.com/sourcegraph/sourcegraph/pkg/localstore/threads.go:324.25,326.4 1 0
sourcegraph.com/sourcegraph/sourcegraph/pkg/localstore/threads.go:327.176,338.4 1 0
sourcegraph.com/sourcegraph/sourcegraph/pkg/localstore/threads.go:342.34,344.3 1 0
sourcegraph.com/sourcegraph/sourcegraph/pkg/localstore/users.go:39.43,41.2 1 0
sourcegraph.com/sourcegraph/sourcegraph/pkg/localstore/users.go:49.47,51.2 1 0
sourcegraph.com/sourcegraph/sourcegraph/pkg/localstore/users.go:53.46,55.2 1 0
sourcegraph.com/sourcegraph/sourcegraph/pkg/localstore/users.go:57.145,62.22 5 3
sourcegraph.com/sourcegraph/sourcegraph/pkg/localstore/users.go:65.2,69.16 2 3
sourcegraph.com/sourcegraph/sourcegraph/pkg/localstore/users.go:83.2,93.8 1 3
sourcegraph.com/sourcegraph/sourcegraph/pkg/localstore/users.go:62.22,64.3 1 0
sourcegraph.com/sourcegraph/sourcegraph/pkg/localstore/users.go:69.16,70.39 1 0
sourcegraph.com/sourcegraph/sourcegraph/pkg/localstore/users.go:80.3,80.18 1 0
sourcegraph.com/sourcegraph/sourcegraph/pkg/localstore/users.go:70.39,71.28 1 0
sourcegraph.com/sourcegraph/sourcegraph/pkg/localstore/users.go:72.30,73.59 1 0
sourcegraph.com/sourcegraph/sourcegraph/pkg/localstore/users.go:74.27,75.56 1 0
sourcegraph.com/sourcegraph/sourcegraph/pkg/localstore/users.go:76.29,77.58 1 0
sourcegraph.com/sourcegraph/sourcegraph/pkg/localstore/users.go:96.140,97.63 1 0
sourcegraph.com/sourcegraph/sourcegraph/pkg/localstore/users.go:101.2,102.16 2 0
sourcegraph.com/sourcegraph/sourcegraph/pkg/localstore/users.go:106.2,106.21 1 0
sourcegraph.com/sourcegraph/sourcegraph/pkg/localstore/users.go:117.2,117.24 1 0
sourcegraph.com/sourcegraph/sourcegraph/pkg/localstore/users.go:123.2,123.22 1 0
sourcegraph.com/sourcegraph/sourcegraph/pkg/localstore/users.go:129.2,130.119 2 0
sourcegraph.com/sourcegraph/sourcegraph/pkg/localstore/users.go:134.2,134.18 1 0
sourcegraph.com/sourcegraph/sourcegraph/pkg/localstore/users.go:97.63,99.3 1 0
sourcegraph.com/sourcegraph/sourcegraph/pkg/localstore/users.go:102.16,104.3 1 0
sourcegraph.com/sourcegraph/sourcegraph/pkg/localstore/users.go:106.21,108.117 2 0
sourcegraph.com/sourcegraph/sourcegraph/pkg/localstore/users.go:108.117,109.40 1 0
sourcegraph.com/sourcegraph/sourcegraph/pkg/localstore/users.go:109.40,110.49 1 0
sourcegraph.com/sourcegraph/sourcegraph/pkg/localstore/users.go:113.5,113.20 1 0
sourcegraph.com/sourcegraph/sourcegraph/pkg/localstore/users.go:110.49,112.6 1 0
sourcegraph.com/sourcegraph/sourcegraph/pkg/localstore/users.go:117.24,119.124 2 0
sourcegraph.com/sourcegraph/sourcegraph/pkg/localstore/users.go:119.124,121.4 1 0
sourcegraph.com/sourcegraph/sourcegraph/pkg/localstore/users.go:123.22,125.121 2 0
sourcegraph.com/sourcegraph/sourcegraph/pkg/localstore/users.go:125.121,127.4 1 0
sourcegraph.com/sourcegraph/sourcegraph/pkg/localstore/users.go:130.119,132.3 1 0
sourcegraph.com/sourcegraph/sourcegraph/pkg/localstore/users.go:141.87,148.60 4 17
sourcegraph.com/sourcegraph/sourcegraph/pkg/localstore/users.go:155.2,155.12 1 15
sourcegraph.com/sourcegraph/sourcegraph/pkg/localstore/users.go:148.60,152.3 1 2
sourcegraph.com/sourcegraph/sourcegraph/pkg/localstore/users.go:152.3,152.23 1 15
sourcegraph.com/sourcegraph/sourcegraph/pkg/localstore/users.go:152.23,154.3 1 0
sourcegraph.com/sourcegraph/sourcegraph/pkg/localstore/users.go:162.83,163.32 1 0
sourcegraph.com/sourcegraph/sourcegraph/pkg/localstore/users.go:166.2,166.77 1 0
sourcegraph.com/sourcegraph/sourcegraph/pkg/localstore/users.go:163.32,165.3 1 0
sourcegraph.com/sourcegraph/sourcegraph/pkg/localstore/users.go:169.89,170.37 1 0
sourcegraph.com/sourcegraph/sourcegraph/pkg/localstore/users.go:173.2,173.82 1 0
sourcegraph.com/sourcegraph/sourcegraph/pkg/localstore/users.go:170.37,172.3 1 0
sourcegraph.com/sourcegraph/sourcegraph/pkg/localstore/users.go:176.90,178.2 1 0
sourcegraph.com/sourcegraph/sourcegraph/pkg/localstore/users.go:180.96,182.2 1 0
sourcegraph.com/sourcegraph/sourcegraph/pkg/localstore/users.go:184.86,186.30 2 0
sourcegraph.com/sourcegraph/sourcegraph/pkg/localstore/users.go:190.2,190.89 1 0
sourcegraph.com/sourcegraph/sourcegraph/pkg/localstore/users.go:186.30,188.3 1 0
sourcegraph.com/sourcegraph/sourcegraph/pkg/localstore/users.go:195.120,196.34 1 0
sourcegraph.com/sourcegraph/sourcegraph/pkg/localstore/users.go:199.2,201.23 3 0
sourcegraph.com/sourcegraph/sourcegraph/pkg/localstore/users.go:208.2,208.24 1 0
sourcegraph.com/sourcegraph/sourcegraph/pkg/localstore/users.go:215.2,215.22 1 0
sourcegraph.com/sourcegraph/sourcegraph/pkg/localstore/users.go:218.2,220.68 3 0
sourcegraph.com/sourcegraph/sourcegraph/pkg/localstore/users.go:196.34,198.3 1 0
sourcegraph.com/sourcegraph/sourcegraph/pkg/localstore/users.go:201.23,203.31 2 0
sourcegraph.com/sourcegraph/sourcegraph/pkg/localstore/users.go:206.3,206.86 1 0
sourcegraph.com/sourcegraph/sourcegraph/pkg/localstore/users.go:203.31,205.4 1 0
sourcegraph.com/sourcegraph/sourcegraph/pkg/localstore/users.go:208.24,210.31 2 0
sourcegraph.com/sourcegraph/sourcegraph/pkg/localstore/users.go:213.3,213.87 1 0
sourcegraph.com/sourcegraph/sourcegraph/pkg/localstore/users.go:210.31,212.4 1 0
sourcegraph.com/sourcegraph/sourcegraph/pkg/localstore/users.go:215.22,217.3 1 0
sourcegraph.com/sourcegraph/sourcegraph/pkg/localstore/users.go:223.72,225.2 1 0
sourcegraph.com/sourcegraph/sourcegraph/pkg/localstore/users.go:227.112,229.16 2 0
sourcegraph.com/sourcegraph/sourcegraph/pkg/localstore/users.go:232.2,232.21 1 0
sourcegraph.com/sourcegraph/sourcegraph/pkg/localstore/users.go:235.2,235.22 1 0
sourcegraph.com/sourcegraph/sourcegraph/pkg/localstore/users.go:229.16,231.3 1 0
sourcegraph.com/sourcegraph/sourcegraph/pkg/localstore/users.go:232.21,234.3 1 0
sourcegraph.com/sourcegraph/sourcegraph/pkg/localstore/users.go:239.109,241.16 2 0
sourcegraph.com/sourcegraph/sourcegraph/pkg/localstore/users.go:245.2,247.18 3 0
sourcegraph.com/sourcegraph/sourcegraph/pkg/localstore/users.go:259.2,259.34 1 0
sourcegraph.com/sourcegraph/sourcegraph/pkg/localstore/users.go:263.2,263.19 1 0
sourcegraph.com/sourcegraph/sourcegraph/pkg/localstore/users.go:241.16,243.3 1 0
sourcegraph.com/sourcegraph/sourcegraph/pkg/localstore/users.go:247.18,251.17 4 0
sourcegraph.com/sourcegraph/sourcegraph/pkg/localstore/users.go:254.3,254.22 1 0
sourcegraph.com/sourcegraph/sourcegraph/pkg/localstore/users.go:257.3,257.28 1 0
sourcegraph.com/sourcegraph/sourcegraph/pkg/localstore/users.go:251.17,253.4 1 0
sourcegraph.com/sourcegraph/sourcegraph/pkg/localstore/users.go:254.22,256.4 1 0
sourcegraph.com/sourcegraph/sourcegraph/pkg/localstore/users.go:259.34,261.3 1 0
sourcegraph.com/sourcegraph/sourcegraph/pkg/localstore/comments_mock.go:15.97,18.134 3 0
sourcegraph.com/sourcegraph/sourcegraph/pkg/localstore/comments_mock.go:33.2,33.27 1 0
sourcegraph.com/sourcegraph/sourcegraph/pkg/localstore/comments_mock.go:18.134,32.3 2 0
sourcegraph.com/sourcegraph/sourcegraph/pkg/localstore/global_deps.go:61.185,66.16 2 1
sourcegraph.com/sourcegraph/sourcegraph/pkg/localstore/global_deps.go:69.2,70.16 2 1
sourcegraph.com/sourcegraph/sourcegraph/pkg/localstore/global_deps.go:74.2,75.37 2 1
sourcegraph.com/sourcegraph/sourcegraph/pkg/localstore/global_deps.go:86.2,86.20 1 1
sourcegraph.com/sourcegraph/sourcegraph/pkg/localstore/global_deps.go:91.2,91.12 1 1
sourcegraph.com/sourcegraph/sourcegraph/pkg/localstore/global_deps.go:66.16,68.3 1 0
sourcegraph.com/sourcegraph/sourcegraph/pkg/localstore/global_deps.go:70.16,72.3 1 0
sourcegraph.com/sourcegraph/sourcegraph/pkg/localstore/global_deps.go:75.37,78.62 2 1
sourcegraph.com/sourcegraph/sourcegraph/pkg/localstore/global_deps.go:81.3,81.82 1 1
sourcegraph.com/sourcegraph/sourcegraph/pkg/localstore/global_deps.go:78.62,79.12 1 0
sourcegraph.com/sourcegraph/sourcegraph/pkg/localstore/global_deps.go:81.82,84.4 2 0
sourcegraph.com/sourcegraph/sourcegraph/pkg/localstore/global_deps.go:86.20,88.3 1 0
sourcegraph.com/sourcegraph/sourcegraph/pkg/localstore/global_deps.go:88.3,88.26 1 1
sourcegraph.com/sourcegraph/sourcegraph/pkg/localstore/global_deps.go:88.26,90.3 1 0
sourcegraph.com/sourcegraph/sourcegraph/pkg/localstore/global_deps.go:94.107,96.16 2 0
sourcegraph.com/sourcegraph/sourcegraph/pkg/localstore/global_deps.go:100.2,101.29 2 0
sourcegraph.com/sourcegraph/sourcegraph/pkg/localstore/global_deps.go:119.2,119.17 1 0
sourcegraph.com/sourcegraph/sourcegraph/pkg/localstore/global_deps.go:96.16,98.3 1 0
sourcegraph.com/sourcegraph/sourcegraph/pkg/localstore/global_deps.go:101.29,102.20 1 0
sourcegraph.com/sourcegraph/sourcegraph/pkg/localstore/global_deps.go:103.25,104.69 1 0
sourcegraph.com/sourcegraph/sourcegraph/pkg/localstore/global_deps.go:111.27,113.18 2 0
sourcegraph.com/sourcegraph/sourcegraph/pkg/localstore/global_deps.go:116.4,116.15 1 0
sourcegraph.com/sourcegraph/sourcegraph/pkg/localstore/global_deps.go:104.69,106.19 2 0
sourcegraph.com/sourcegraph/sourcegraph/pkg/localstore/global_deps.go:109.5,109.16 1 0
sourcegraph.com/sourcegraph/sourcegraph/pkg/localstore/global_deps.go:106.19,108.6 1 0
sourcegraph.com/sourcegraph/sourcegraph/pkg/localstore/global_deps.go:113.18,115.5 1 0
sourcegraph.com/sourcegraph/sourcegraph/pkg/localstore/global_deps.go:125.115,127.16 2 0
sourcegraph.com/sourcegraph/sourcegraph/pkg/localstore/global_deps.go:131.2,132.29 2 0
sourcegraph.com/sourcegraph/sourcegraph/pkg/localstore/global_deps.go:150.2,150.21 1 0
sourcegraph.com/sourcegraph/sourcegraph/pkg/localstore/global_deps.go:127.16,129.3 1 0
sourcegraph.com/sourcegraph/sourcegraph/pkg/localstore/global_deps.go:132.29,133.20 1 0
sourcegraph.com/sourcegraph/sourcegraph/pkg/localstore/global_deps.go:134.25,135.69 1 0
sourcegraph.com/sourcegraph/sourcegraph/pkg/localstore/global_deps.go:142.27,144.18 2 0
sourcegraph.com/sourcegraph/sourcegraph/pkg/localstore/global_deps.go:147.4,147.38 1 0
sourcegraph.com/sourcegraph/sourcegraph/pkg/localstore/global_deps.go:135.69,137.19 2 0
sourcegraph.com/sourcegraph/sourcegraph/pkg/localstore/global_deps.go:140.5,140.39 1 0
sourcegraph.com/sourcegraph/sourcegraph/pkg/localstore/global_deps.go:137.19,139.6 1 0
sourcegraph.com/sourcegraph/sourcegraph/pkg/localstore/global_deps.go:144.18,146.5 1 0
sourcegraph.com/sourcegraph/sourcegraph/pkg/localstore/global_deps.go:161.55,177.41 2 30
sourcegraph.com/sourcegraph/sourcegraph/pkg/localstore/global_deps.go:181.2,181.9 1 26
sourcegraph.com/sourcegraph/sourcegraph/pkg/localstore/global_deps.go:240.2,240.26 1 0
sourcegraph.com/sourcegraph/sourcegraph/pkg/localstore/global_deps.go:177.41,179.3 1 4
sourcegraph.com/sourcegraph/sourcegraph/pkg/localstore/global_deps.go:182.55,184.22 2 1
sourcegraph.com/sourcegraph/sourcegraph/pkg/localstore/global_deps.go:188.57,190.22 2 1
sourcegraph.com/sourcegraph/sourcegraph/pkg/localstore/global_deps.go:194.59,196.22 2 4
sourcegraph.com/sourcegraph/sourcegraph/pkg/localstore/global_deps.go:200.56,202.22 2 5
sourcegraph.com/sourcegraph/sourcegraph/pkg/localstore/global_deps.go:210.57,212.22 2 3
sourcegraph.com/sourcegraph/sourcegraph/pkg/localstore/global_deps.go:216.92,218.22 2 8
sourcegraph.com/sourcegraph/sourcegraph/pkg/localstore/global_deps.go:222.48,224.60 2 4
sourcegraph.com/sourcegraph/sourcegraph/pkg/localstore/global_deps.go:184.22,186.4 1 1
sourcegraph.com/sourcegraph/sourcegraph/pkg/localstore/global_deps.go:190.22,192.4 1 1
sourcegraph.com/sourcegraph/sourcegraph/pkg/localstore/global_deps.go:196.22,198.4 1 4
sourcegraph.com/sourcegraph/sourcegraph/pkg/localstore/global_deps.go:202.22,208.4 1 5
sourcegraph.com/sourcegraph/sourcegraph/pkg/localstore/global_deps.go:212.22,214.4 1 3
sourcegraph.com/sourcegraph/sourcegraph/pkg/localstore/global_deps.go:218.22,220.4 1 8
sourcegraph.com/sourcegraph/sourcegraph/pkg/localstore/global_deps.go:224.60,232.4 1 2
sourcegraph.com/sourcegraph/sourcegraph/pkg/localstore/global_deps.go:232.4,232.29 1 2
sourcegraph.com/sourcegraph/sourcegraph/pkg/localstore/global_deps.go:232.29,238.4 1 2
sourcegraph.com/sourcegraph/sourcegraph/pkg/localstore/global_deps.go:244.101,247.16 2 0
sourcegraph.com/sourcegraph/sourcegraph/pkg/localstore/global_deps.go:250.2,250.24 1 0
sourcegraph.com/sourcegraph/sourcegraph/pkg/localstore/global_deps.go:255.2,256.36 2 0
sourcegraph.com/sourcegraph/sourcegraph/pkg/localstore/global_deps.go:260.2,261.31 2 0
sourcegraph.com/sourcegraph/sourcegraph/pkg/localstore/global_deps.go:272.2,277.16 4 0
sourcegraph.com/sourcegraph/sourcegraph/pkg/localstore/global_deps.go:280.2,282.18 3 0
sourcegraph.com/sourcegraph/sourcegraph/pkg/localstore/global_deps.go:287.2,287.19 1 0
sourcegraph.com/sourcegraph/sourcegraph/pkg/localstore/global_deps.go:247.16,249.3 1 0
sourcegraph.com/sourcegraph/sourcegraph/pkg/localstore/global_deps.go:250.24,252.3 1 0
sourcegraph.com/sourcegraph/sourcegraph/pkg/localstore/global_deps.go:256.36,259.3 2 0
sourcegraph.com/sourcegraph/sourcegraph/pkg/localstore/global_deps.go:261.31,263.10 2 0
sourcegraph.com/sourcegraph/sourcegraph/pkg/localstore/global_deps.go:266.3,267.17 2 0
sourcegraph.com/sourcegraph/sourcegraph/pkg/localstore/global_deps.go:270.3,270.80 1 0
sourcegraph.com/sourcegraph/sourcegraph/pkg/localstore/global_deps.go:263.10,265.4 1 0
sourcegraph.com/sourcegraph/sourcegraph/pkg/localstore/global_deps.go:267.17,269.4 1 0
sourcegraph.com/sourcegraph/sourcegraph/pkg/localstore/global_deps.go:277.16,279.3 1 0
sourcegraph.com/sourcegraph/sourcegraph/pkg/localstore/global_deps.go:282.18,283.43 1 0
sourcegraph.com/sourcegraph/sourcegraph/pkg/localstore/global_deps.go:283.43,285.4 1 0
sourcegraph.com/sourcegraph/sourcegraph/pkg/localstore/global_deps.go:292.113,295.16 2 0
sourcegraph.com/sourcegraph/sourcegraph/pkg/localstore/global_deps.go:298.2,298.24 1 0
sourcegraph.com/sourcegraph/sourcegraph/pkg/localstore/global_deps.go:303.2,304.36 2 0
sourcegraph.com/sourcegraph/sourcegraph/pkg/localstore/global_deps.go:308.2,309.31 2 0
sourcegraph.com/sourcegraph/sourcegraph/pkg/localstore/global_deps.go:320.2,325.16 4 0
sourcegraph.com/sourcegraph/sourcegraph/pkg/localstore/global_deps.go:328.2,329.18 2 0
sourcegraph.com/sourcegraph/sourcegraph/pkg/localstore/global_deps.go:336.2,336.21 1 0
sourcegraph.com/sourcegraph/sourcegraph/pkg/localstore/global_deps.go:295.16,297.3 1 0
sourcegraph.com/sourcegraph/sourcegraph/pkg/localstore/global_deps.go:298.24,300.3 1 0
sourcegraph.com/sourcegraph/sourcegraph/pkg/localstore/global_deps.go:304.36,307.3 2 0
sourcegraph.com/sourcegraph/sourcegraph/pkg/localstore/global_deps.go:309.31,311.10 2 0
sourcegraph.com/sourcegraph/sourcegraph/pkg/localstore/global_deps.go:314.3,315.17 2 0
sourcegraph.com/sourcegraph/sourcegraph/pkg/localstore/global_deps.go:318.3,318.80 1 0
sourcegraph.com/sourcegraph/sourcegraph/pkg/localstore/global_deps.go:311.10,313.4 1 0
sourcegraph.com/sourcegraph/sourcegraph/pkg/localstore/global_deps.go:315.17,317.4 1 0
sourcegraph.com/sourcegraph/sourcegraph/pkg/localstore/global_deps.go:325.16,327.3 1 0
sourcegraph.com/sourcegraph/sourcegraph/pkg/localstore/global_deps.go:329.18,331.40 2 0
sourcegraph.com/sourcegraph/sourcegraph/pkg/localstore/global_deps.go:334.3,334.39 1 0
sourcegraph.com/sourcegraph/sourcegraph/pkg/localstore/global_deps.go:331.40,333.4 1 0
sourcegraph.com/sourcegraph/sourcegraph/pkg/localstore/global_deps.go:341.85,358.16 2 0
sourcegraph.com/sourcegraph/sourcegraph/pkg/localstore/global_deps.go:361.2,363.18 3 0
sourcegraph.com/sourcegraph/sourcegraph/pkg/localstore/global_deps.go:369.2,369.19 1 0
sourcegraph.com/sourcegraph/sourcegraph/pkg/localstore/global_deps.go:358.16,360.3 1 0
sourcegraph.com/sourcegraph/sourcegraph/pkg/localstore/global_deps.go:363.18,365.17 2 0
sourcegraph.com/sourcegraph/sourcegraph/pkg/localstore/global_deps.go:365.17,367.4 1 0
sourcegraph.com/sourcegraph/sourcegraph/pkg/localstore/global_deps.go:375.93,392.16 2 0
sourcegraph.com/sourcegraph/sourcegraph/pkg/localstore/global_deps.go:395.2,397.18 3 0
sourcegraph.com/sourcegraph/sourcegraph/pkg/localstore/global_deps.go:405.2,405.21 1 0
sourcegraph.com/sourcegraph/sourcegraph/pkg/localstore/global_deps.go:392.16,394.3 1 0
sourcegraph.com/sourcegraph/sourcegraph/pkg/localstore/global_deps.go:397.18,400.17 3 0
sourcegraph.com/sourcegraph/sourcegraph/pkg/localstore/global_deps.go:403.3,403.39 1 0
sourcegraph.com/sourcegraph/sourcegraph/pkg/localstore/global_deps.go:400.17,402.4 1 0
sourcegraph.com/sourcegraph/sourcegraph/pkg/localstore/global_deps.go:408.137,410.15 2 1
sourcegraph.com/sourcegraph/sourcegraph/pkg/localstore/global_deps.go:418.2,428.16 5 1
sourcegraph.com/sourcegraph/sourcegraph/pkg/localstore/global_deps.go:432.2,433.18 2 1
sourcegraph.com/sourcegraph/sourcegraph/pkg/localstore/global_deps.go:437.2,437.65 1 1
sourcegraph.com/sourcegraph/sourcegraph/pkg/localstore/global_deps.go:445.2,445.16 1 1
sourcegraph.com/sourcegraph/sourcegraph/pkg/localstore/global_deps.go:448.2,448.12 1 1
sourcegraph.com/sourcegraph/sourcegraph/pkg/localstore/global_deps.go:410.15,411.17 1 1
sourcegraph.com/sourcegraph/sourcegraph/pkg/localstore/global_deps.go:415.3,415.16 1 1
sourcegraph.com/sourcegraph/sourcegraph/pkg/localstore/global_deps.go:411.17,414.4 2 0
sourcegraph.com/sourcegraph/sourcegraph/pkg/localstore/global_deps.go:428.16,430.3 1 0
sourcegraph.com/sourcegraph/sourcegraph/pkg/localstore/global_deps.go:433.18,435.3 1 0
sourcegraph.com/sourcegraph/sourcegraph/pkg/localstore/global_deps.go:437.65,440.17 2 1
sourcegraph.com/sourcegraph/sourcegraph/pkg/localstore/global_deps.go:443.3,443.13 1 1
sourcegraph.com/sourcegraph/sourcegraph/pkg/localstore/global_deps.go:440.17,442.4 1 0
sourcegraph.com/sourcegraph/sourcegraph/pkg/localstore/global_deps.go:445.16,447.3 1 0
sourcegraph.com/sourcegraph/sourcegraph/pkg/localstore/global_deps.go:481.82,482.39 1 8
sourcegraph.com/sourcegraph/sourcegraph/pkg/localstore/global_deps.go:485.2,487.16 3 4
sourcegraph.com/sourcegraph/sourcegraph/pkg/localstore/global_deps.go:490.2,490.28 1 4
sourcegraph.com/sourcegraph/sourcegraph/pkg/localstore/global_deps.go:502.2,502.24 1 4
sourcegraph.com/sourcegraph/sourcegraph/pkg/localstore/global_deps.go:482.39,484.3 1 4
sourcegraph.com/sourcegraph/sourcegraph/pkg/localstore/global_deps.go:487.16,489.3 1 0
sourcegraph.com/sourcegraph/sourcegraph/pkg/localstore/global_deps.go:490.28,494.17 2 0
sourcegraph.com/sourcegraph/sourcegraph/pkg/localstore/global_deps.go:500.3,500.40 1 0
sourcegraph.com/sourcegraph/sourcegraph/pkg/localstore/global_deps.go:494.17,495.52 1 0
sourcegraph.com/sourcegraph/sourcegraph/pkg/localstore/global_deps.go:498.4,498.19 1 0
sourcegraph.com/sourcegraph/sourcegraph/pkg/localstore/global_deps.go:495.52,496.13 1 0
sourcegraph.com/sourcegraph/sourcegraph/pkg/localstore/global_deps.go:505.133,506.42 1 8
sourcegraph.com/sourcegraph/sourcegraph/pkg/localstore/global_deps.go:510.2,511.24 2 8
sourcegraph.com/sourcegraph/sourcegraph/pkg/localstore/global_deps.go:520.2,520.69 1 8
sourcegraph.com/sourcegraph/sourcegraph/pkg/localstore/global_deps.go:528.2,529.33 2 8
sourcegraph.com/sourcegraph/sourcegraph/pkg/localstore/global_deps.go:544.2,544.23 1 8
sourcegraph.com/sourcegraph/sourcegraph/pkg/localstore/global_deps.go:506.42,508.3 1 0
sourcegraph.com/sourcegraph/sourcegraph/pkg/localstore/global_deps.go:511.24,513.17 2 8
sourcegraph.com/sourcegraph/sourcegraph/pkg/localstore/global_deps.go:513.17,515.4 1 0
sourcegraph.com/sourcegraph/sourcegraph/pkg/localstore/global_deps.go:520.69,522.17 2 16
sourcegraph.com/sourcegraph/sourcegraph/pkg/localstore/global_deps.go:525.3,525.28 1 16
sourcegraph.com/sourcegraph/sourcegraph/pkg/localstore/global_deps.go:522.17,524.4 1 0
sourcegraph.com/sourcegraph/sourcegraph/pkg/localstore/global_deps.go:529.33,535.28 2 8
sourcegraph.com/sourcegraph/sourcegraph/pkg/localstore/global_deps.go:535.28,536.56 1 8
sourcegraph.com/sourcegraph/sourcegraph/pkg/localstore/global_deps.go:539.4,539.38 1 7
sourcegraph.com/sourcegraph/sourcegraph/pkg/localstore/global_deps.go:536.56,537.13 1 1
sourcegraph.com/sourcegraph/sourcegraph/pkg/localstore/global_deps.go:541.3,543.3 1 0
sourcegraph.com/sourcegraph/sourcegraph/pkg/localstore/global_deps.go:550.176,552.15 2 16
sourcegraph.com/sourcegraph/sourcegraph/pkg/localstore/global_deps.go:559.2,564.36 5 16
sourcegraph.com/sourcegraph/sourcegraph/pkg/localstore/global_deps.go:569.2,571.23 2 16
sourcegraph.com/sourcegraph/sourcegraph/pkg/localstore/global_deps.go:575.2,575.23 1 16
sourcegraph.com/sourcegraph/sourcegraph/pkg/localstore/global_deps.go:582.2,582.18 1 16
sourcegraph.com/sourcegraph/sourcegraph/pkg/localstore/global_deps.go:586.2,586.15 1 16
sourcegraph.com/sourcegraph/sourcegraph/pkg/localstore/global_deps.go:604.2,607.25 4 12
sourcegraph.com/sourcegraph/sourcegraph/pkg/localstore/global_deps.go:610.2,611.19 2 12
sourcegraph.com/sourcegraph/sourcegraph/pkg/localstore/global_deps.go:614.2,617.16 3 12
sourcegraph.com/sourcegraph/sourcegraph/pkg/localstore/global_deps.go:620.2,622.18 2 12
sourcegraph.com/sourcegraph/sourcegraph/pkg/localstore/global_deps.go:641.2,641.35 1 12
sourcegraph.com/sourcegraph/sourcegraph/pkg/localstore/global_deps.go:644.2,644.18 1 12
sourcegraph.com/sourcegraph/sourcegraph/pkg/localstore/global_deps.go:552.15,553.17 1 16
sourcegraph.com/sourcegraph/sourcegraph/pkg/localstore/global_deps.go:557.3,557.16 1 16
sourcegraph.com/sourcegraph/sourcegraph/pkg/localstore/global_deps.go:553.17,556.4 2 0
sourcegraph.com/sourcegraph/sourcegraph/pkg/localstore/global_deps.go:564.36,567.3 2 44
sourcegraph.com/sourcegraph/sourcegraph/pkg/localstore/global_deps.go:571.23,573.3 1 16
sourcegraph.com/sourcegraph/sourcegraph/pkg/localstore/global_deps.go:575.23,577.17 2 16
sourcegraph.com/sourcegraph/sourcegraph/pkg/localstore/global_deps.go:580.3,580.80 1 16
sourcegraph.com/sourcegraph/sourcegraph/pkg/localstore/global_deps.go:577.17,579.4 1 0
sourcegraph.com/sourcegraph/sourcegraph/pkg/localstore/global_deps.go:582.18,584.3 1 0
sourcegraph.com/sourcegraph/sourcegraph/pkg/localstore/global_deps.go:587.28,590.31 1 8
sourcegraph.com/sourcegraph/sourcegraph/pkg/localstore/global_deps.go:593.3,594.41 2 4
sourcegraph.com/sourcegraph/sourcegraph/pkg/localstore/global_deps.go:597.3,598.67 2 4
sourcegraph.com/sourcegraph/sourcegraph/pkg/localstore/global_deps.go:599.20,599.20 0 8
sourcegraph.com/sourcegraph/sourcegraph/pkg/localstore/global_deps.go:600.10,601.70 1 0
sourcegraph.com/sourcegraph/sourcegraph/pkg/localstore/global_deps.go:590.31,592.4 1 4
sourcegraph.com/sourcegraph/sourcegraph/pkg/localstore/global_deps.go:594.41,596.4 1 20
sourcegraph.com/sourcegraph/sourcegraph/pkg/localstore/global_deps.go:607.25,609.3 1 12
sourcegraph.com/sourcegraph/sourcegraph/pkg/localstore/global_deps.go:611.19,613.3 1 12
sourcegraph.com/sourcegraph/sourcegraph/pkg/localstore/global_deps.go:617.16,619.3 1 0
sourcegraph.com/sourcegraph/sourcegraph/pkg/localstore/global_deps.go:622.18,627.62 2 8
sourcegraph.com/sourcegraph/sourcegraph/pkg/localstore/global_deps.go:630.3,633.69 2 8
sourcegraph.com/sourcegraph/sourcegraph/pkg/localstore/global_deps.go:636.3,636.65 1 8
sourcegraph.com/sourcegraph/sourcegraph/pkg/localstore/global_deps.go:639.3,639.25 1 8
sourcegraph.com/sourcegraph/sourcegraph/pkg/localstore/global_deps.go:627.62,629.4 1 0
sourcegraph.com/sourcegraph/sourcegraph/pkg/localstore/global_deps.go:633.69,635.4 1 0
sourcegraph.com/sourcegraph/sourcegraph/pkg/localstore/global_deps.go:636.65,638.4 1 0
sourcegraph.com/sourcegraph/sourcegraph/pkg/localstore/global_deps.go:641.35,643.3 1 0
sourcegraph.com/sourcegraph/sourcegraph/pkg/localstore/global_deps.go:648.150,650.15 2 8
sourcegraph.com/sourcegraph/sourcegraph/pkg/localstore/global_deps.go:657.2,667.16 4 8
sourcegraph.com/sourcegraph/sourcegraph/pkg/localstore/global_deps.go:670.2,679.16 3 8
sourcegraph.com/sourcegraph/sourcegraph/pkg/localstore/global_deps.go:682.2,685.25 3 8
sourcegraph.com/sourcegraph/sourcegraph/pkg/localstore/global_deps.go:704.2,705.39 2 8
sourcegraph.com/sourcegraph/sourcegraph/pkg/localstore/global_deps.go:708.2,710.126 2 8
sourcegraph.com/sourcegraph/sourcegraph/pkg/localstore/global_deps.go:713.2,726.16 3 8
sourcegraph.com/sourcegraph/sourcegraph/pkg/localstore/global_deps.go:729.2,730.12 2 8
sourcegraph.com/sourcegraph/sourcegraph/pkg/localstore/global_deps.go:650.15,651.17 1 8
sourcegraph.com/sourcegraph/sourcegraph/pkg/localstore/global_deps.go:655.3,655.16 1 8
sourcegraph.com/sourcegraph/sourcegraph/pkg/localstore/global_deps.go:651.17,654.4 2 0
sourcegraph.com/sourcegraph/sourcegraph/pkg/localstore/global_deps.go:667.16,669.3 1 0
sourcegraph.com/sourcegraph/sourcegraph/pkg/localstore/global_deps.go:679.16,681.3 1 0
sourcegraph.com/sourcegraph/sourcegraph/pkg/localstore/global_deps.go:685.25,687.17 2 8
sourcegraph.com/sourcegraph/sourcegraph/pkg/localstore/global_deps.go:690.3,691.17 2 8
sourcegraph.com/sourcegraph/sourcegraph/pkg/localstore/global_deps.go:695.3,700.17 1 8
sourcegraph.com/sourcegraph/sourcegraph/pkg/localstore/global_deps.go:687.17,689.4 1 0
sourcegraph.com/sourcegraph/sourcegraph/pkg/localstore/global_deps.go:691.17,693.4 1 0
sourcegraph.com/sourcegraph/sourcegraph/pkg/localstore/global_deps.go:700.17,702.4 1 0
sourcegraph.com/sourcegraph/sourcegraph/pkg/localstore/global_deps.go:705.39,707.3 1 0
sourcegraph.com/sourcegraph/sourcegraph/pkg/localstore/global_deps.go:710.126,712.3 1 0
sourcegraph.com/sourcegraph/sourcegraph/pkg/localstore/global_deps.go:726.16,728.3 1 0
sourcegraph.com/sourcegraph/sourcegraph/pkg/localstore/global_deps.go:733.68,734.102 1 3
sourcegraph.com/sourcegraph/sourcegraph/pkg/localstore/global_deps.go:737.2,738.12 2 3
sourcegraph.com/sourcegraph/sourcegraph/pkg/localstore/global_deps.go:734.102,736.3 1 0
sourcegraph.com/sourcegraph/sourcegraph/pkg/localstore/repo_vcs.go:17.81,18.31 1 0
sourcegraph.com/sourcegraph/sourcegraph/pkg/localstore/repo_vcs.go:23.2,24.16 2 0
sourcegraph.com/sourcegraph/sourcegraph/pkg/localstore/repo_vcs.go:28.2,28.28 1 0
sourcegraph.com/sourcegraph/sourcegraph/pkg/localstore/repo_vcs.go:18.31,20.3 1 0
sourcegraph.com/sourcegraph/sourcegraph/pkg/localstore/repo_vcs.go:24.16,26.3 1 0
sourcegraph.com/sourcegraph/sourcegraph/pkg/localstore/repo_vcs.go:35.116,37.73 2 0
sourcegraph.com/sourcegraph/sourcegraph/pkg/localstore/repo_vcs.go:45.2,45.8 1 0
sourcegraph.com/sourcegraph/sourcegraph/pkg/localstore/repo_vcs.go:37.73,39.23 2 0
sourcegraph.com/sourcegraph/sourcegraph/pkg/localstore/repo_vcs.go:43.3,43.26 1 0
sourcegraph.com/sourcegraph/sourcegraph/pkg/localstore/repo_vcs.go:39.23,42.4 2 0
sourcegraph.com/sourcegraph/sourcegraph/pkg/localstore/repo_vcs.go:48.108,50.73 2 0
sourcegraph.com/sourcegraph/sourcegraph/pkg/localstore/repo_vcs.go:54.2,54.8 1 0
sourcegraph.com/sourcegraph/sourcegraph/pkg/localstore/repo_vcs.go:50.73,53.3 2 0
sourcegraph.com/sourcegraph/sourcegraph/pkg/localstore/db_helpers.go:5.49,8.2 2 1
sourcegraph.com/sourcegraph/sourcegraph/pkg/localstore/db_helpers.go:10.47,12.2 1 1
sourcegraph.com/sourcegraph/sourcegraph/pkg/localstore/repos_mock.go:19.74,21.75 2 0
sourcegraph.com/sourcegraph/sourcegraph/pkg/localstore/repos_mock.go:29.2,29.8 1 0
sourcegraph.com/sourcegraph/sourcegraph/pkg/localstore/repos_mock.go:21.75,23.23 2 0
sourcegraph.com/sourcegraph/sourcegraph/pkg/localstore/repos_mock.go:27.3,27.42 1 0
sourcegraph.com/sourcegraph/sourcegraph/pkg/localstore/repos_mock.go:23.23,26.4 2 0
sourcegraph.com/sourcegraph/sourcegraph/pkg/localstore/repos_mock.go:32.92,34.75 2 0
sourcegraph.com/sourcegraph/sourcegraph/pkg/localstore/repos_mock.go:42.2,42.8 1 0
sourcegraph.com/sourcegraph/sourcegraph/pkg/localstore/repos_mock.go:34.75,36.25 2 0
sourcegraph.com/sourcegraph/sourcegraph/pkg/localstore/repos_mock.go:40.3,40.22 1 0
sourcegraph.com/sourcegraph/sourcegraph/pkg/localstore/repos_mock.go:36.25,39.4 2 0
sourcegraph.com/sourcegraph/sourcegraph/pkg/localstore/repos_mock.go:45.93,47.80 2 0
sourcegraph.com/sourcegraph/sourcegraph/pkg/localstore/repos_mock.go:55.2,55.8 1 0
sourcegraph.com/sourcegraph/sourcegraph/pkg/localstore/repos_mock.go:47.80,49.21 2 0
sourcegraph.com/sourcegraph/sourcegraph/pkg/localstore/repos_mock.go:53.3,53.54 1 0
sourcegraph.com/sourcegraph/sourcegraph/pkg/localstore/repos_mock.go:49.21,52.4 2 0
sourcegraph.com/sourcegraph/sourcegraph/pkg/localstore/repos_mock.go:58.80,60.83 2 0
sourcegraph.com/sourcegraph/sourcegraph/pkg/localstore/repos_mock.go:68.2,68.8 1 0
sourcegraph.com/sourcegraph/sourcegraph/pkg/localstore/repos_mock.go:60.83,63.34 3 0
sourcegraph.com/sourcegraph/sourcegraph/pkg/localstore/repos_mock.go:66.3,66.20 1 0
sourcegraph.com/sourcegraph/sourcegraph/pkg/localstore/repos_mock.go:63.34,65.4 1 0
sourcegraph.com/sourcegraph/sourcegraph/pkg/localstore/xlang.go:17.132,19.2 1 0
sourcegraph.com/sourcegraph/sourcegraph/pkg/localstore/xlang.go:21.148,23.16 2 2
sourcegraph.com/sourcegraph/sourcegraph/pkg/localstore/xlang.go:23.16,25.3 1 2
sourcegraph.com/sourcegraph/sourcegraph/pkg/localstore/org_repos.go:20.52,21.34 1 13
sourcegraph.com/sourcegraph/sourcegraph/pkg/localstore/org_repos.go:24.2,25.14 2 13
sourcegraph.com/sourcegraph/sourcegraph/pkg/localstore/org_repos.go:28.2,28.21 1 5
sourcegraph.com/sourcegraph/sourcegraph/pkg/localstore/org_repos.go:31.2,31.12 1 5
sourcegraph.com/sourcegraph/sourcegraph/pkg/localstore/org_repos.go:21.34,23.3 1 0
sourcegraph.com/sourcegraph/sourcegraph/pkg/localstore/org_repos.go:25.14,27.3 1 8
sourcegraph.com/sourcegraph/sourcegraph/pkg/localstore/org_repos.go:28.21,30.3 1 0
sourcegraph.com/sourcegraph/sourcegraph/pkg/localstore/org_repos.go:36.89,37.35 1 0
sourcegraph.com/sourcegraph/sourcegraph/pkg/localstore/org_repos.go:40.2,40.77 1 0
sourcegraph.com/sourcegraph/sourcegraph/pkg/localstore/org_repos.go:37.35,39.3 1 0
sourcegraph.com/sourcegraph/sourcegraph/pkg/localstore/org_repos.go:43.95,45.2 1 0
sourcegraph.com/sourcegraph/sourcegraph/pkg/localstore/org_repos.go:47.133,48.50 1 0
sourcegraph.com/sourcegraph/sourcegraph/pkg/localstore/org_repos.go:51.2,52.79 2 0
sourcegraph.com/sourcegraph/sourcegraph/pkg/localstore/org_repos.go:48.50,50.3 1 0
sourcegraph.com/sourcegraph/sourcegraph/pkg/localstore/org_repos.go:55.139,58.2 2 0
sourcegraph.com/sourcegraph/sourcegraph/pkg/localstore/org_repos.go:60.84,63.33 3 0
sourcegraph.com/sourcegraph/sourcegraph/pkg/localstore/org_repos.go:70.2,71.58 2 0
sourcegraph.com/sourcegraph/sourcegraph/pkg/localstore/org_repos.go:63.33,65.41 2 0
sourcegraph.com/sourcegraph/sourcegraph/pkg/localstore/org_repos.go:68.3,68.90 1 0
sourcegraph.com/sourcegraph/sourcegraph/pkg/localstore/org_repos.go:65.41,67.4 1 0
sourcegraph.com/sourcegraph/sourcegraph/pkg/localstore/org_repos.go:74.87,75.16 1 0
sourcegraph.com/sourcegraph/sourcegraph/pkg/localstore/org_repos.go:78.2,78.21 1 0
sourcegraph.com/sourcegraph/sourcegraph/pkg/localstore/org_repos.go:82.2,82.22 1 0
sourcegraph.com/sourcegraph/sourcegraph/pkg/localstore/org_repos.go:75.16,77.3 1 0
sourcegraph.com/sourcegraph/sourcegraph/pkg/localstore/org_repos.go:78.21,80.3 1 0
sourcegraph.com/sourcegraph/sourcegraph/pkg/localstore/org_repos.go:85.106,86.34 1 0
sourcegraph.com/sourcegraph/sourcegraph/pkg/localstore/org_repos.go:90.2,93.16 4 0
sourcegraph.com/sourcegraph/sourcegraph/pkg/localstore/org_repos.go:99.2,103.16 2 0
sourcegraph.com/sourcegraph/sourcegraph/pkg/localstore/org_repos.go:107.2,107.21 1 0
sourcegraph.com/sourcegraph/sourcegraph/pkg/localstore/org_repos.go:86.34,88.3 1 0
sourcegraph.com/sourcegraph/sourcegraph/pkg/localstore/org_repos.go:93.16,95.3 1 0
sourcegraph.com/sourcegraph/sourcegraph/pkg/localstore/org_repos.go:103.16,105.3 1 0
sourcegraph.com/sourcegraph/sourcegraph/pkg/localstore/org_repos.go:111.115,113.16 2 0
sourcegraph.com/sourcegraph/sourcegraph/pkg/localstore/org_repos.go:117.2,119.18 3 0
sourcegraph.com/sourcegraph/sourcegraph/pkg/localstore/org_repos.go:133.2,133.34 1 0
sourcegraph.com/sourcegraph/sourcegraph/pkg/localstore/org_repos.go:137.2,137.19 1 0
sourcegraph.com/sourcegraph/sourcegraph/pkg/localstore/org_repos.go:113.16,115.3 1 0
sourcegraph.com/sourcegraph/sourcegraph/pkg/localstore/org_repos.go:119.18,125.17 4 0
sourcegraph.com/sourcegraph/sourcegraph/pkg/localstore/org_repos.go:128.3,128.18 1 0
sourcegraph.com/sourcegraph/sourcegraph/pkg/localstore/org_repos.go:131.3,131.31 1 0
sourcegraph.com/sourcegraph/sourcegraph/pkg/localstore/org_repos.go:125.17,127.4 1 0
sourcegraph.com/sourcegraph/sourcegraph/pkg/localstore/org_repos.go:128.18,130.4 1 0
sourcegraph.com/sourcegraph/sourcegraph/pkg/localstore/org_repos.go:133.34,135.3 1 0
sourcegraph.com/sourcegraph/sourcegraph/pkg/localstore/settings.go:15.209,23.16 3 0
sourcegraph.com/sourcegraph/sourcegraph/pkg/localstore/settings.go:27.2,27.15 1 0
sourcegraph.com/sourcegraph/sourcegraph/pkg/localstore/settings.go:38.2,39.16 2 0
sourcegraph.com/sourcegraph/sourcegraph/pkg/localstore/settings.go:43.2,44.47 2 0
sourcegraph.com/sourcegraph/sourcegraph/pkg/localstore/settings.go:54.2,54.27 1 0
sourcegraph.com/sourcegraph/sourcegraph/pkg/localstore/settings.go:23.16,25.3 1 0
sourcegraph.com/sourcegraph/sourcegraph/pkg/localstore/settings.go:27.15,28.17 1 0
sourcegraph.com/sourcegraph/sourcegraph/pkg/localstore/settings.go:35.3,35.20 1 0
sourcegraph.com/sourcegraph/sourcegraph/pkg/localstore/settings.go:28.17,30.22 2 0
sourcegraph.com/sourcegraph/sourcegraph/pkg/localstore/settings.go:33.4,33.10 1 0
sourcegraph.com/sourcegraph/sourcegraph/pkg/localstore/settings.go:30.22,32.5 1 0
sourcegraph.com/sourcegraph/sourcegraph/pkg/localstore/settings.go:39.16,41.3 1 0
sourcegraph.com/sourcegraph/sourcegraph/pkg/localstore/settings.go:44.47,48.17 2 0
sourcegraph.com/sourcegraph/sourcegraph/pkg/localstore/settings.go:51.3,51.21 1 0
sourcegraph.com/sourcegraph/sourcegraph/pkg/localstore/settings.go:48.17,50.4 1 0
sourcegraph.com/sourcegraph/sourcegraph/pkg/localstore/settings.go:57.124,59.2 1 0
sourcegraph.com/sourcegraph/sourcegraph/pkg/localstore/settings.go:61.147,63.9 2 0
sourcegraph.com/sourcegraph/sourcegraph/pkg/localstore/settings.go:72.2,77.16 3 0
sourcegraph.com/sourcegraph/sourcegraph/pkg/localstore/settings.go:80.2,81.16 2 0
sourcegraph.com/sourcegraph/sourcegraph/pkg/localstore/settings.go:84.2,84.24 1 0
sourcegraph.com/sourcegraph/sourcegraph/pkg/localstore/settings.go:88.2,88.25 1 0
sourcegraph.com/sourcegraph/sourcegraph/pkg/localstore/settings.go:64.26,65.49 1 0
sourcegraph.com/sourcegraph/sourcegraph/pkg/localstore/settings.go:66.27,67.51 1 0
sourcegraph.com/sourcegraph/sourcegraph/pkg/localstore/settings.go:68.10,69.31 1 0
sourcegraph.com/sourcegraph/sourcegraph/pkg/localstore/settings.go:77.16,79.3 1 0
sourcegraph.com/sourcegraph/sourcegraph/pkg/localstore/settings.go:81.16,83.3 1 0
sourcegraph.com/sourcegraph/sourcegraph/pkg/localstore/settings.go:84.24,87.3 1 0
sourcegraph.com/sourcegraph/sourcegraph/pkg/localstore/settings.go:97.105,100.18 3 0
sourcegraph.com/sourcegraph/sourcegraph/pkg/localstore/settings.go:108.2,108.35 1 0
sourcegraph.com/sourcegraph/sourcegraph/pkg/localstore/settings.go:111.2,111.22 1 0
sourcegraph.com/sourcegraph/sourcegraph/pkg/localstore/settings.go:100.18,103.17 3 0
sourcegraph.com/sourcegraph/sourcegraph/pkg/localstore/settings.go:106.3,106.34 1 0
sourcegraph.com/sourcegraph/sourcegraph/pkg/localstore/settings.go:103.17,105.4 1 0
sourcegraph.com/sourcegraph/sourcegraph/pkg/localstore/settings.go:108.35,110.3 1 0
sourcegraph.com/sourcegraph/sourcegraph/pkg/localstore/user_perms.go:20.75,21.29 1 19
sourcegraph.com/sourcegraph/sourcegraph/pkg/localstore/user_perms.go:25.2,25.9 1 8
sourcegraph.com/sourcegraph/sourcegraph/pkg/localstore/user_perms.go:21.29,23.3 1 11
sourcegraph.com/sourcegraph/sourcegraph/pkg/localstore/user_perms.go:26.66,28.57 1 6
sourcegraph.com/sourcegraph/sourcegraph/pkg/localstore/user_perms.go:31.3,31.15 1 2
sourcegraph.com/sourcegraph/sourcegraph/pkg/localstore/user_perms.go:33.10,36.15 1 2
sourcegraph.com/sourcegraph/sourcegraph/pkg/localstore/user_perms.go:28.57,30.4 1 4
sourcegraph.com/sourcegraph/sourcegraph/pkg/localstore/user_perms.go:58.137,59.29 1 23
sourcegraph.com/sourcegraph/sourcegraph/pkg/localstore/user_perms.go:63.2,64.29 2 0
sourcegraph.com/sourcegraph/sourcegraph/pkg/localstore/user_perms.go:71.2,72.45 2 0
sourcegraph.com/sourcegraph/sourcegraph/pkg/localstore/user_perms.go:83.2,83.29 1 0
sourcegraph.com/sourcegraph/sourcegraph/pkg/localstore/user_perms.go:93.2,93.21 1 0
sourcegraph.com/sourcegraph/sourcegraph/pkg/localstore/user_perms.go:59.29,61.3 1 23
sourcegraph.com/sourcegraph/sourcegraph/pkg/localstore/user_perms.go:64.29,65.19 1 0
sourcegraph.com/sourcegraph/sourcegraph/pkg/localstore/user_perms.go:65.19,67.9 2 0
sourcegraph.com/sourcegraph/sourcegraph/pkg/localstore/user_perms.go:72.45,75.17 3 0
sourcegraph.com/sourcegraph/sourcegraph/pkg/localstore/user_perms.go:78.3,78.34 1 0
sourcegraph.com/sourcegraph/sourcegraph/pkg/localstore/user_perms.go:75.17,77.4 1 0
sourcegraph.com/sourcegraph/sourcegraph/pkg/localstore/user_perms.go:78.34,80.4 1 0
sourcegraph.com/sourcegraph/sourcegraph/pkg/localstore/user_perms.go:83.29,84.19 1 0
sourcegraph.com/sourcegraph/sourcegraph/pkg/localstore/user_perms.go:84.19,85.64 1 0
sourcegraph.com/sourcegraph/sourcegraph/pkg/localstore/user_perms.go:85.64,87.5 1 0
sourcegraph.com/sourcegraph/sourcegraph/pkg/localstore/user_perms.go:88.4,90.4 1 0
