mode: atomic
sourcegraph.com/sourcegraph/sourcegraph/cmd/frontend/internal/graphqlbackend/settings.go:20.39,22.2 1 0
sourcegraph.com/sourcegraph/sourcegraph/cmd/frontend/internal/graphqlbackend/settings.go:24.60,26.2 1 0
sourcegraph.com/sourcegraph/sourcegraph/cmd/frontend/internal/graphqlbackend/settings.go:28.67,30.2 1 0
sourcegraph.com/sourcegraph/sourcegraph/cmd/frontend/internal/graphqlbackend/settings.go:32.46,32.76 1 3
sourcegraph.com/sourcegraph/sourcegraph/cmd/frontend/internal/graphqlbackend/settings.go:34.47,36.2 1 0
sourcegraph.com/sourcegraph/sourcegraph/cmd/frontend/internal/graphqlbackend/settings.go:38.79,39.19 1 0
sourcegraph.com/sourcegraph/sourcegraph/cmd/frontend/internal/graphqlbackend/settings.go:46.2,46.35 1 0
sourcegraph.com/sourcegraph/sourcegraph/cmd/frontend/internal/graphqlbackend/settings.go:39.19,42.17 3 0
sourcegraph.com/sourcegraph/sourcegraph/cmd/frontend/internal/graphqlbackend/settings.go:42.17,44.4 1 0
sourcegraph.com/sourcegraph/sourcegraph/cmd/frontend/internal/graphqlbackend/settings.go:52.31,55.16 2 0
sourcegraph.com/sourcegraph/sourcegraph/cmd/frontend/internal/graphqlbackend/settings.go:59.2,60.16 2 0
sourcegraph.com/sourcegraph/sourcegraph/cmd/frontend/internal/graphqlbackend/settings.go:63.2,66.8 1 0
sourcegraph.com/sourcegraph/sourcegraph/cmd/frontend/internal/graphqlbackend/settings.go:55.16,57.3 1 0
sourcegraph.com/sourcegraph/sourcegraph/cmd/frontend/internal/graphqlbackend/settings.go:60.16,62.3 1 0
sourcegraph.com/sourcegraph/sourcegraph/cmd/frontend/internal/graphqlbackend/settings.go:74.31,76.16 2 0
sourcegraph.com/sourcegraph/sourcegraph/cmd/frontend/internal/graphqlbackend/settings.go:81.2,81.72 1 0
sourcegraph.com/sourcegraph/sourcegraph/cmd/frontend/internal/graphqlbackend/settings.go:85.2,86.16 2 0
sourcegraph.com/sourcegraph/sourcegraph/cmd/frontend/internal/graphqlbackend/settings.go:90.2,91.16 2 0
sourcegraph.com/sourcegraph/sourcegraph/cmd/frontend/internal/graphqlbackend/settings.go:94.2,97.8 1 0
sourcegraph.com/sourcegraph/sourcegraph/cmd/frontend/internal/graphqlbackend/settings.go:76.16,78.3 1 0
sourcegraph.com/sourcegraph/sourcegraph/cmd/frontend/internal/graphqlbackend/settings.go:81.72,83.3 1 0
sourcegraph.com/sourcegraph/sourcegraph/cmd/frontend/internal/graphqlbackend/settings.go:86.16,88.3 1 0
sourcegraph.com/sourcegraph/sourcegraph/cmd/frontend/internal/graphqlbackend/settings.go:91.16,93.3 1 0
sourcegraph.com/sourcegraph/sourcegraph/cmd/frontend/internal/graphqlbackend/settings.go:100.74,102.16 2 0
sourcegraph.com/sourcegraph/sourcegraph/cmd/frontend/internal/graphqlbackend/settings.go:105.2,105.21 1 0
sourcegraph.com/sourcegraph/sourcegraph/cmd/frontend/internal/graphqlbackend/settings.go:108.2,108.71 1 0
sourcegraph.com/sourcegraph/sourcegraph/cmd/frontend/internal/graphqlbackend/settings.go:102.16,104.3 1 0
sourcegraph.com/sourcegraph/sourcegraph/cmd/frontend/internal/graphqlbackend/settings.go:105.21,107.3 1 0
sourcegraph.com/sourcegraph/sourcegraph/cmd/frontend/internal/graphqlbackend/settings.go:111.94,113.2 1 0
sourcegraph.com/sourcegraph/sourcegraph/cmd/frontend/internal/graphqlbackend/settings.go:118.31,120.65 1 0
sourcegraph.com/sourcegraph/sourcegraph/cmd/frontend/internal/graphqlbackend/settings.go:124.2,125.16 2 0
sourcegraph.com/sourcegraph/sourcegraph/cmd/frontend/internal/graphqlbackend/settings.go:128.2,131.8 1 0
sourcegraph.com/sourcegraph/sourcegraph/cmd/frontend/internal/graphqlbackend/settings.go:120.65,122.3 1 0
sourcegraph.com/sourcegraph/sourcegraph/cmd/frontend/internal/graphqlbackend/settings.go:125.16,127.3 1 0
sourcegraph.com/sourcegraph/sourcegraph/cmd/frontend/internal/graphqlbackend/threads.go:34.85,35.18 1 0
sourcegraph.com/sourcegraph/sourcegraph/cmd/frontend/internal/graphqlbackend/threads.go:38.2,38.22 1 0
sourcegraph.com/sourcegraph/sourcegraph/cmd/frontend/internal/graphqlbackend/threads.go:50.2,50.21 1 0
sourcegraph.com/sourcegraph/sourcegraph/cmd/frontend/internal/graphqlbackend/threads.go:35.18,37.3 1 0
sourcegraph.com/sourcegraph/sourcegraph/cmd/frontend/internal/graphqlbackend/threads.go:38.22,39.32 1 0
sourcegraph.com/sourcegraph/sourcegraph/cmd/frontend/internal/graphqlbackend/threads.go:43.3,43.14 1 0
sourcegraph.com/sourcegraph/sourcegraph/cmd/frontend/internal/graphqlbackend/threads.go:39.32,41.4 1 0
sourcegraph.com/sourcegraph/sourcegraph/cmd/frontend/internal/graphqlbackend/threads.go:44.3,44.42 1 0
sourcegraph.com/sourcegraph/sourcegraph/cmd/frontend/internal/graphqlbackend/threads.go:44.42,49.3 1 0
sourcegraph.com/sourcegraph/sourcegraph/cmd/frontend/internal/graphqlbackend/threads.go:55.90,57.43 2 0
sourcegraph.com/sourcegraph/sourcegraph/cmd/frontend/internal/graphqlbackend/threads.go:60.2,62.16 3 0
sourcegraph.com/sourcegraph/sourcegraph/cmd/frontend/internal/graphqlbackend/threads.go:65.2,66.31 2 0
sourcegraph.com/sourcegraph/sourcegraph/cmd/frontend/internal/graphqlbackend/threads.go:69.2,70.33 2 0
sourcegraph.com/sourcegraph/sourcegraph/cmd/frontend/internal/graphqlbackend/threads.go:74.2,74.23 1 0
sourcegraph.com/sourcegraph/sourcegraph/cmd/frontend/internal/graphqlbackend/threads.go:57.43,59.3 1 0
sourcegraph.com/sourcegraph/sourcegraph/cmd/frontend/internal/graphqlbackend/threads.go:62.16,64.3 1 0
sourcegraph.com/sourcegraph/sourcegraph/cmd/frontend/internal/graphqlbackend/threads.go:66.31,68.3 1 0
sourcegraph.com/sourcegraph/sourcegraph/cmd/frontend/internal/graphqlbackend/threads.go:70.33,73.3 2 0
sourcegraph.com/sourcegraph/sourcegraph/cmd/frontend/internal/graphqlbackend/threads.go:77.83,81.2 3 0
sourcegraph.com/sourcegraph/sourcegraph/cmd/frontend/internal/graphqlbackend/threads.go:89.78,91.19 2 0
sourcegraph.com/sourcegraph/sourcegraph/cmd/frontend/internal/graphqlbackend/threads.go:97.2,97.45 1 0
sourcegraph.com/sourcegraph/sourcegraph/cmd/frontend/internal/graphqlbackend/threads.go:91.19,93.17 2 0
sourcegraph.com/sourcegraph/sourcegraph/cmd/frontend/internal/graphqlbackend/threads.go:93.17,95.4 1 0
sourcegraph.com/sourcegraph/sourcegraph/cmd/frontend/internal/graphqlbackend/threads.go:101.40,103.2 1 0
sourcegraph.com/sourcegraph/sourcegraph/cmd/frontend/internal/graphqlbackend/threads.go:105.52,107.2 1 0
sourcegraph.com/sourcegraph/sourcegraph/cmd/frontend/internal/graphqlbackend/threads.go:109.53,111.2 1 0
sourcegraph.com/sourcegraph/sourcegraph/cmd/frontend/internal/graphqlbackend/threads.go:113.43,115.2 1 0
sourcegraph.com/sourcegraph/sourcegraph/cmd/frontend/internal/graphqlbackend/threads.go:117.48,119.2 1 0
sourcegraph.com/sourcegraph/sourcegraph/cmd/frontend/internal/graphqlbackend/threads.go:121.49,123.2 1 0
sourcegraph.com/sourcegraph/sourcegraph/cmd/frontend/internal/graphqlbackend/threads.go:125.44,127.2 1 0
sourcegraph.com/sourcegraph/sourcegraph/cmd/frontend/internal/graphqlbackend/threads.go:129.42,131.2 1 0
sourcegraph.com/sourcegraph/sourcegraph/cmd/frontend/internal/graphqlbackend/threads.go:133.49,135.2 1 0
sourcegraph.com/sourcegraph/sourcegraph/cmd/frontend/internal/graphqlbackend/threads.go:137.47,139.2 1 0
sourcegraph.com/sourcegraph/sourcegraph/cmd/frontend/internal/graphqlbackend/threads.go:141.46,143.2 1 0
sourcegraph.com/sourcegraph/sourcegraph/cmd/frontend/internal/graphqlbackend/threads.go:145.45,147.2 1 0
sourcegraph.com/sourcegraph/sourcegraph/cmd/frontend/internal/graphqlbackend/threads.go:149.77,151.16 2 0
sourcegraph.com/sourcegraph/sourcegraph/cmd/frontend/internal/graphqlbackend/threads.go:154.2,154.39 1 0
sourcegraph.com/sourcegraph/sourcegraph/cmd/frontend/internal/graphqlbackend/threads.go:151.16,153.3 1 0
sourcegraph.com/sourcegraph/sourcegraph/cmd/frontend/internal/graphqlbackend/threads.go:157.54,158.27 1 0
sourcegraph.com/sourcegraph/sourcegraph/cmd/frontend/internal/graphqlbackend/threads.go:161.2,161.44 1 0
sourcegraph.com/sourcegraph/sourcegraph/cmd/frontend/internal/graphqlbackend/threads.go:158.27,160.3 1 0
sourcegraph.com/sourcegraph/sourcegraph/cmd/frontend/internal/graphqlbackend/threads.go:170.11,172.2 1 0
sourcegraph.com/sourcegraph/sourcegraph/cmd/frontend/internal/graphqlbackend/threads.go:176.11,178.2 1 0
sourcegraph.com/sourcegraph/sourcegraph/cmd/frontend/internal/graphqlbackend/threads.go:182.11,184.2 1 0
sourcegraph.com/sourcegraph/sourcegraph/cmd/frontend/internal/graphqlbackend/threads.go:195.35,199.2 3 10
sourcegraph.com/sourcegraph/sourcegraph/cmd/frontend/internal/graphqlbackend/threads.go:206.55,207.19 1 0
sourcegraph.com/sourcegraph/sourcegraph/cmd/frontend/internal/graphqlbackend/threads.go:212.2,224.45 2 0
sourcegraph.com/sourcegraph/sourcegraph/cmd/frontend/internal/graphqlbackend/threads.go:229.2,229.13 1 0
sourcegraph.com/sourcegraph/sourcegraph/cmd/frontend/internal/graphqlbackend/threads.go:207.19,209.3 1 0
sourcegraph.com/sourcegraph/sourcegraph/cmd/frontend/internal/graphqlbackend/threads.go:224.45,228.3 3 0
sourcegraph.com/sourcegraph/sourcegraph/cmd/frontend/internal/graphqlbackend/threads.go:232.50,234.2 1 0
sourcegraph.com/sourcegraph/sourcegraph/cmd/frontend/internal/graphqlbackend/threads.go:236.44,238.2 1 0
sourcegraph.com/sourcegraph/sourcegraph/cmd/frontend/internal/graphqlbackend/threads.go:240.49,242.2 1 0
sourcegraph.com/sourcegraph/sourcegraph/cmd/frontend/internal/graphqlbackend/threads.go:244.62,246.2 1 0
sourcegraph.com/sourcegraph/sourcegraph/cmd/frontend/internal/graphqlbackend/threads.go:248.63,250.2 1 0
sourcegraph.com/sourcegraph/sourcegraph/cmd/frontend/internal/graphqlbackend/threads.go:252.47,253.32 1 0
sourcegraph.com/sourcegraph/sourcegraph/cmd/frontend/internal/graphqlbackend/threads.go:256.2,257.11 2 0
sourcegraph.com/sourcegraph/sourcegraph/cmd/frontend/internal/graphqlbackend/threads.go:253.32,255.3 1 0
sourcegraph.com/sourcegraph/sourcegraph/cmd/frontend/internal/graphqlbackend/threads.go:260.69,262.16 2 1
sourcegraph.com/sourcegraph/sourcegraph/cmd/frontend/internal/graphqlbackend/threads.go:265.2,265.18 1 1
sourcegraph.com/sourcegraph/sourcegraph/cmd/frontend/internal/graphqlbackend/threads.go:268.2,268.49 1 0
sourcegraph.com/sourcegraph/sourcegraph/cmd/frontend/internal/graphqlbackend/threads.go:262.16,264.3 1 0
sourcegraph.com/sourcegraph/sourcegraph/cmd/frontend/internal/graphqlbackend/threads.go:265.18,267.3 1 1
sourcegraph.com/sourcegraph/sourcegraph/cmd/frontend/internal/graphqlbackend/threads.go:271.84,273.16 2 1
sourcegraph.com/sourcegraph/sourcegraph/cmd/frontend/internal/graphqlbackend/threads.go:276.2,277.35 2 1
sourcegraph.com/sourcegraph/sourcegraph/cmd/frontend/internal/graphqlbackend/threads.go:280.2,280.30 1 1
sourcegraph.com/sourcegraph/sourcegraph/cmd/frontend/internal/graphqlbackend/threads.go:273.16,275.3 1 0
sourcegraph.com/sourcegraph/sourcegraph/cmd/frontend/internal/graphqlbackend/threads.go:277.35,279.3 1 0
sourcegraph.com/sourcegraph/sourcegraph/cmd/frontend/internal/graphqlbackend/threads.go:294.54,296.2 1 1
sourcegraph.com/sourcegraph/sourcegraph/cmd/frontend/internal/graphqlbackend/threads.go:298.59,299.31 1 0
sourcegraph.com/sourcegraph/sourcegraph/cmd/frontend/internal/graphqlbackend/threads.go:300.14,303.53 3 0
sourcegraph.com/sourcegraph/sourcegraph/cmd/frontend/internal/graphqlbackend/threads.go:306.3,306.62 1 0
sourcegraph.com/sourcegraph/sourcegraph/cmd/frontend/internal/graphqlbackend/threads.go:309.3,310.13 2 0
sourcegraph.com/sourcegraph/sourcegraph/cmd/frontend/internal/graphqlbackend/threads.go:311.10,312.34 1 0
sourcegraph.com/sourcegraph/sourcegraph/cmd/frontend/internal/graphqlbackend/threads.go:303.53,305.4 1 0
sourcegraph.com/sourcegraph/sourcegraph/cmd/frontend/internal/graphqlbackend/threads.go:306.62,308.4 1 0
sourcegraph.com/sourcegraph/sourcegraph/cmd/frontend/internal/graphqlbackend/threads.go:322.57,324.2 1 4
sourcegraph.com/sourcegraph/sourcegraph/cmd/frontend/internal/graphqlbackend/threads.go:326.62,327.31 1 0
sourcegraph.com/sourcegraph/sourcegraph/cmd/frontend/internal/graphqlbackend/threads.go:328.14,331.56 3 0
sourcegraph.com/sourcegraph/sourcegraph/cmd/frontend/internal/graphqlbackend/threads.go:334.3,334.62 1 0
sourcegraph.com/sourcegraph/sourcegraph/cmd/frontend/internal/graphqlbackend/threads.go:337.3,338.13 2 0
sourcegraph.com/sourcegraph/sourcegraph/cmd/frontend/internal/graphqlbackend/threads.go:339.10,340.34 1 0
sourcegraph.com/sourcegraph/sourcegraph/cmd/frontend/internal/graphqlbackend/threads.go:331.56,333.4 1 0
sourcegraph.com/sourcegraph/sourcegraph/cmd/frontend/internal/graphqlbackend/threads.go:334.62,336.4 1 0
sourcegraph.com/sourcegraph/sourcegraph/cmd/frontend/internal/graphqlbackend/threads.go:364.29,366.2 1 1
sourcegraph.com/sourcegraph/sourcegraph/cmd/frontend/internal/graphqlbackend/threads.go:371.29,373.2 1 0
sourcegraph.com/sourcegraph/sourcegraph/cmd/frontend/internal/graphqlbackend/threads.go:375.115,377.88 1 1
sourcegraph.com/sourcegraph/sourcegraph/cmd/frontend/internal/graphqlbackend/threads.go:381.2,382.16 2 1
sourcegraph.com/sourcegraph/sourcegraph/cmd/frontend/internal/graphqlbackend/threads.go:385.2,386.16 2 1
sourcegraph.com/sourcegraph/sourcegraph/cmd/frontend/internal/graphqlbackend/threads.go:390.2,391.31 2 1
sourcegraph.com/sourcegraph/sourcegraph/cmd/frontend/internal/graphqlbackend/threads.go:398.2,398.16 1 1
sourcegraph.com/sourcegraph/sourcegraph/cmd/frontend/internal/graphqlbackend/threads.go:402.2,403.16 2 1
sourcegraph.com/sourcegraph/sourcegraph/cmd/frontend/internal/graphqlbackend/threads.go:408.2,422.23 2 1
sourcegraph.com/sourcegraph/sourcegraph/cmd/frontend/internal/graphqlbackend/threads.go:434.2,435.16 2 1
sourcegraph.com/sourcegraph/sourcegraph/cmd/frontend/internal/graphqlbackend/threads.go:439.2,439.25 1 1
sourcegraph.com/sourcegraph/sourcegraph/cmd/frontend/internal/graphqlbackend/threads.go:470.2,470.51 1 1
sourcegraph.com/sourcegraph/sourcegraph/cmd/frontend/internal/graphqlbackend/threads.go:377.88,379.3 1 0
sourcegraph.com/sourcegraph/sourcegraph/cmd/frontend/internal/graphqlbackend/threads.go:382.16,384.3 1 0
sourcegraph.com/sourcegraph/sourcegraph/cmd/frontend/internal/graphqlbackend/threads.go:386.16,388.3 1 0
sourcegraph.com/sourcegraph/sourcegraph/cmd/frontend/internal/graphqlbackend/threads.go:391.31,397.3 1 1
sourcegraph.com/sourcegraph/sourcegraph/cmd/frontend/internal/graphqlbackend/threads.go:398.16,400.3 1 0
sourcegraph.com/sourcegraph/sourcegraph/cmd/frontend/internal/graphqlbackend/threads.go:403.16,405.3 1 0
sourcegraph.com/sourcegraph/sourcegraph/cmd/frontend/internal/graphqlbackend/threads.go:422.23,433.3 1 0
sourcegraph.com/sourcegraph/sourcegraph/cmd/frontend/internal/graphqlbackend/threads.go:435.16,437.3 1 0
sourcegraph.com/sourcegraph/sourcegraph/cmd/frontend/internal/graphqlbackend/threads.go:439.25,441.17 2 1
sourcegraph.com/sourcegraph/sourcegraph/cmd/frontend/internal/graphqlbackend/threads.go:444.3,445.22 2 1
sourcegraph.com/sourcegraph/sourcegraph/cmd/frontend/internal/graphqlbackend/threads.go:456.3,456.17 1 1
sourcegraph.com/sourcegraph/sourcegraph/cmd/frontend/internal/graphqlbackend/threads.go:459.3,459.21 1 1
sourcegraph.com/sourcegraph/sourcegraph/cmd/frontend/internal/graphqlbackend/threads.go:441.17,443.4 1 0
sourcegraph.com/sourcegraph/sourcegraph/cmd/frontend/internal/graphqlbackend/threads.go:445.22,447.18 2 1
sourcegraph.com/sourcegraph/sourcegraph/cmd/frontend/internal/graphqlbackend/threads.go:450.4,451.18 2 1
sourcegraph.com/sourcegraph/sourcegraph/cmd/frontend/internal/graphqlbackend/threads.go:454.4,454.14 1 1
sourcegraph.com/sourcegraph/sourcegraph/cmd/frontend/internal/graphqlbackend/threads.go:447.18,449.5 1 0
sourcegraph.com/sourcegraph/sourcegraph/cmd/frontend/internal/graphqlbackend/threads.go:451.18,453.5 1 0
sourcegraph.com/sourcegraph/sourcegraph/cmd/frontend/internal/graphqlbackend/threads.go:456.17,458.4 1 0
sourcegraph.com/sourcegraph/sourcegraph/cmd/frontend/internal/graphqlbackend/threads.go:459.21,464.4 3 0
sourcegraph.com/sourcegraph/sourcegraph/cmd/frontend/internal/graphqlbackend/threads.go:476.29,478.16 2 1
sourcegraph.com/sourcegraph/sourcegraph/cmd/frontend/internal/graphqlbackend/threads.go:482.2,483.16 2 1
sourcegraph.com/sourcegraph/sourcegraph/cmd/frontend/internal/graphqlbackend/threads.go:488.2,488.77 1 1
sourcegraph.com/sourcegraph/sourcegraph/cmd/frontend/internal/graphqlbackend/threads.go:492.2,493.16 2 1
sourcegraph.com/sourcegraph/sourcegraph/cmd/frontend/internal/graphqlbackend/threads.go:497.2,499.16 3 1
sourcegraph.com/sourcegraph/sourcegraph/cmd/frontend/internal/graphqlbackend/threads.go:503.2,503.52 1 1
sourcegraph.com/sourcegraph/sourcegraph/cmd/frontend/internal/graphqlbackend/threads.go:517.2,517.48 1 1
sourcegraph.com/sourcegraph/sourcegraph/cmd/frontend/internal/graphqlbackend/threads.go:478.16,480.3 1 0
sourcegraph.com/sourcegraph/sourcegraph/cmd/frontend/internal/graphqlbackend/threads.go:483.16,485.3 1 0
sourcegraph.com/sourcegraph/sourcegraph/cmd/frontend/internal/graphqlbackend/threads.go:488.77,490.3 1 0
sourcegraph.com/sourcegraph/sourcegraph/cmd/frontend/internal/graphqlbackend/threads.go:493.16,495.3 1 0
sourcegraph.com/sourcegraph/sourcegraph/cmd/frontend/internal/graphqlbackend/threads.go:499.16,501.3 1 0
sourcegraph.com/sourcegraph/sourcegraph/cmd/frontend/internal/graphqlbackend/threads.go:503.52,505.17 2 1
sourcegraph.com/sourcegraph/sourcegraph/cmd/frontend/internal/graphqlbackend/threads.go:508.3,509.17 2 1
sourcegraph.com/sourcegraph/sourcegraph/cmd/frontend/internal/graphqlbackend/threads.go:512.3,512.90 1 1
sourcegraph.com/sourcegraph/sourcegraph/cmd/frontend/internal/graphqlbackend/threads.go:505.17,507.4 1 0
sourcegraph.com/sourcegraph/sourcegraph/cmd/frontend/internal/graphqlbackend/threads.go:509.17,511.4 1 0
sourcegraph.com/sourcegraph/sourcegraph/cmd/frontend/internal/graphqlbackend/threads.go:512.90,514.4 1 0
sourcegraph.com/sourcegraph/sourcegraph/cmd/frontend/internal/graphqlbackend/threads.go:522.20,524.16 2 0
sourcegraph.com/sourcegraph/sourcegraph/cmd/frontend/internal/graphqlbackend/threads.go:530.2,533.24 4 0
sourcegraph.com/sourcegraph/sourcegraph/cmd/frontend/internal/graphqlbackend/threads.go:524.16,526.3 1 0
sourcegraph.com/sourcegraph/sourcegraph/cmd/frontend/internal/graphqlbackend/threads.go:537.112,539.16 2 0
sourcegraph.com/sourcegraph/sourcegraph/cmd/frontend/internal/graphqlbackend/threads.go:543.2,544.16 2 0
sourcegraph.com/sourcegraph/sourcegraph/cmd/frontend/internal/graphqlbackend/threads.go:549.2,549.77 1 0
sourcegraph.com/sourcegraph/sourcegraph/cmd/frontend/internal/graphqlbackend/threads.go:553.2,554.16 2 0
sourcegraph.com/sourcegraph/sourcegraph/cmd/frontend/internal/graphqlbackend/threads.go:558.2,562.4 1 0
sourcegraph.com/sourcegraph/sourcegraph/cmd/frontend/internal/graphqlbackend/threads.go:539.16,541.3 1 0
sourcegraph.com/sourcegraph/sourcegraph/cmd/frontend/internal/graphqlbackend/threads.go:544.16,546.3 1 0
sourcegraph.com/sourcegraph/sourcegraph/cmd/frontend/internal/graphqlbackend/threads.go:549.77,551.3 1 0
sourcegraph.com/sourcegraph/sourcegraph/cmd/frontend/internal/graphqlbackend/threads.go:554.16,556.3 1 0
sourcegraph.com/sourcegraph/sourcegraph/cmd/frontend/internal/graphqlbackend/threads.go:565.175,569.31 3 1
sourcegraph.com/sourcegraph/sourcegraph/cmd/frontend/internal/graphqlbackend/threads.go:573.2,574.16 2 1
sourcegraph.com/sourcegraph/sourcegraph/cmd/frontend/internal/graphqlbackend/threads.go:577.2,578.16 2 1
sourcegraph.com/sourcegraph/sourcegraph/cmd/frontend/internal/graphqlbackend/threads.go:583.2,583.12 1 1
sourcegraph.com/sourcegraph/sourcegraph/cmd/frontend/internal/graphqlbackend/threads.go:614.2,614.12 1 1
sourcegraph.com/sourcegraph/sourcegraph/cmd/frontend/internal/graphqlbackend/threads.go:569.31,571.3 1 1
sourcegraph.com/sourcegraph/sourcegraph/cmd/frontend/internal/graphqlbackend/threads.go:574.16,576.3 1 0
sourcegraph.com/sourcegraph/sourcegraph/cmd/frontend/internal/graphqlbackend/threads.go:578.16,580.3 1 0
sourcegraph.com/sourcegraph/sourcegraph/cmd/frontend/internal/graphqlbackend/threads.go:583.12,587.32 4 1
sourcegraph.com/sourcegraph/sourcegraph/cmd/frontend/internal/graphqlbackend/threads.go:587.32,589.28 2 1
sourcegraph.com/sourcegraph/sourcegraph/cmd/frontend/internal/graphqlbackend/threads.go:592.4,593.20 2 1
sourcegraph.com/sourcegraph/sourcegraph/cmd/frontend/internal/graphqlbackend/threads.go:596.4,608.19 1 1
sourcegraph.com/sourcegraph/sourcegraph/cmd/frontend/internal/graphqlbackend/threads.go:589.28,591.5 1 0
sourcegraph.com/sourcegraph/sourcegraph/cmd/frontend/internal/graphqlbackend/threads.go:593.20,595.5 1 1
sourcegraph.com/sourcegraph/sourcegraph/cmd/frontend/internal/graphqlbackend/threads.go:608.19,610.5 1 0
sourcegraph.com/sourcegraph/sourcegraph/cmd/frontend/internal/graphqlbackend/threads.go:643.48,645.76 2 61
sourcegraph.com/sourcegraph/sourcegraph/cmd/frontend/internal/graphqlbackend/threads.go:648.2,648.49 1 61
sourcegraph.com/sourcegraph/sourcegraph/cmd/frontend/internal/graphqlbackend/threads.go:651.2,652.25 2 61
sourcegraph.com/sourcegraph/sourcegraph/cmd/frontend/internal/graphqlbackend/threads.go:655.2,655.17 1 61
sourcegraph.com/sourcegraph/sourcegraph/cmd/frontend/internal/graphqlbackend/threads.go:645.76,647.3 1 38
sourcegraph.com/sourcegraph/sourcegraph/cmd/frontend/internal/graphqlbackend/threads.go:648.49,650.3 1 20
sourcegraph.com/sourcegraph/sourcegraph/cmd/frontend/internal/graphqlbackend/threads.go:652.25,654.3 1 3
sourcegraph.com/sourcegraph/sourcegraph/cmd/frontend/internal/graphqlbackend/tree.go:22.123,27.16 4 1
sourcegraph.com/sourcegraph/sourcegraph/cmd/frontend/internal/graphqlbackend/tree.go:31.2,31.29 1 1
sourcegraph.com/sourcegraph/sourcegraph/cmd/frontend/internal/graphqlbackend/tree.go:35.2,36.16 2 1
sourcegraph.com/sourcegraph/sourcegraph/cmd/frontend/internal/graphqlbackend/tree.go:44.2,48.8 1 1
sourcegraph.com/sourcegraph/sourcegraph/cmd/frontend/internal/graphqlbackend/tree.go:27.16,29.3 1 0
sourcegraph.com/sourcegraph/sourcegraph/cmd/frontend/internal/graphqlbackend/tree.go:31.29,33.3 1 0
sourcegraph.com/sourcegraph/sourcegraph/cmd/frontend/internal/graphqlbackend/tree.go:36.16,37.59 1 0
sourcegraph.com/sourcegraph/sourcegraph/cmd/frontend/internal/graphqlbackend/tree.go:37.59,39.4 0 0
sourcegraph.com/sourcegraph/sourcegraph/cmd/frontend/internal/graphqlbackend/tree.go:39.4,41.4 1 0
sourcegraph.com/sourcegraph/sourcegraph/cmd/frontend/internal/graphqlbackend/tree.go:51.90,53.34 2 2
sourcegraph.com/sourcegraph/sourcegraph/cmd/frontend/internal/graphqlbackend/tree.go:63.2,63.10 1 2
sourcegraph.com/sourcegraph/sourcegraph/cmd/frontend/internal/graphqlbackend/tree.go:53.34,54.37 1 4
sourcegraph.com/sourcegraph/sourcegraph/cmd/frontend/internal/graphqlbackend/tree.go:54.37,61.4 1 2
sourcegraph.com/sourcegraph/sourcegraph/cmd/frontend/internal/graphqlbackend/tree.go:66.50,68.2 1 0
sourcegraph.com/sourcegraph/sourcegraph/cmd/frontend/internal/graphqlbackend/tree.go:70.54,71.53 1 1
sourcegraph.com/sourcegraph/sourcegraph/cmd/frontend/internal/graphqlbackend/tree.go:71.53,73.3 1 2
sourcegraph.com/sourcegraph/sourcegraph/cmd/frontend/internal/graphqlbackend/tree.go:76.48,77.53 1 1
sourcegraph.com/sourcegraph/sourcegraph/cmd/frontend/internal/graphqlbackend/tree.go:77.53,79.3 1 2
sourcegraph.com/sourcegraph/sourcegraph/cmd/frontend/internal/graphqlbackend/tree.go:82.73,84.2 1 0
sourcegraph.com/sourcegraph/sourcegraph/cmd/frontend/internal/graphqlbackend/repository.go:29.86,31.57 2 0
sourcegraph.com/sourcegraph/sourcegraph/cmd/frontend/internal/graphqlbackend/repository.go:34.2,35.16 2 0
sourcegraph.com/sourcegraph/sourcegraph/cmd/frontend/internal/graphqlbackend/repository.go:38.2,38.66 1 0
sourcegraph.com/sourcegraph/sourcegraph/cmd/frontend/internal/graphqlbackend/repository.go:41.2,41.45 1 0
sourcegraph.com/sourcegraph/sourcegraph/cmd/frontend/internal/graphqlbackend/repository.go:31.57,33.3 1 0
sourcegraph.com/sourcegraph/sourcegraph/cmd/frontend/internal/graphqlbackend/repository.go:35.16,37.3 1 0
sourcegraph.com/sourcegraph/sourcegraph/cmd/frontend/internal/graphqlbackend/repository.go:38.66,40.3 1 0
sourcegraph.com/sourcegraph/sourcegraph/cmd/frontend/internal/graphqlbackend/repository.go:44.95,46.16 2 0
sourcegraph.com/sourcegraph/sourcegraph/cmd/frontend/internal/graphqlbackend/repository.go:49.2,49.66 1 0
sourcegraph.com/sourcegraph/sourcegraph/cmd/frontend/internal/graphqlbackend/repository.go:52.2,52.45 1 0
sourcegraph.com/sourcegraph/sourcegraph/cmd/frontend/internal/graphqlbackend/repository.go:46.16,48.3 1 0
sourcegraph.com/sourcegraph/sourcegraph/cmd/frontend/internal/graphqlbackend/repository.go:49.66,51.3 1 0
sourcegraph.com/sourcegraph/sourcegraph/cmd/frontend/internal/graphqlbackend/repository.go:55.46,57.2 1 0
sourcegraph.com/sourcegraph/sourcegraph/cmd/frontend/internal/graphqlbackend/repository.go:59.54,59.100 1 0
sourcegraph.com/sourcegraph/sourcegraph/cmd/frontend/internal/graphqlbackend/repository.go:61.72,64.2 2 0
sourcegraph.com/sourcegraph/sourcegraph/cmd/frontend/internal/graphqlbackend/repository.go:66.43,68.2 1 5
sourcegraph.com/sourcegraph/sourcegraph/cmd/frontend/internal/graphqlbackend/repository.go:70.51,72.2 1 0
sourcegraph.com/sourcegraph/sourcegraph/cmd/frontend/internal/graphqlbackend/repository.go:74.52,76.2 1 0
sourcegraph.com/sourcegraph/sourcegraph/cmd/frontend/internal/graphqlbackend/repository.go:78.85,79.65 1 0
sourcegraph.com/sourcegraph/sourcegraph/cmd/frontend/internal/graphqlbackend/repository.go:85.2,85.18 1 0
sourcegraph.com/sourcegraph/sourcegraph/cmd/frontend/internal/graphqlbackend/repository.go:79.65,80.33 1 0
sourcegraph.com/sourcegraph/sourcegraph/cmd/frontend/internal/graphqlbackend/repository.go:83.3,83.20 1 0
sourcegraph.com/sourcegraph/sourcegraph/cmd/frontend/internal/graphqlbackend/repository.go:80.33,82.4 1 0
sourcegraph.com/sourcegraph/sourcegraph/cmd/frontend/internal/graphqlbackend/repository.go:88.81,90.2 1 0
sourcegraph.com/sourcegraph/sourcegraph/cmd/frontend/internal/graphqlbackend/repository.go:92.114,94.16 2 2
sourcegraph.com/sourcegraph/sourcegraph/cmd/frontend/internal/graphqlbackend/repository.go:103.2,104.16 2 2
sourcegraph.com/sourcegraph/sourcegraph/cmd/frontend/internal/graphqlbackend/repository.go:107.2,107.44 1 2
sourcegraph.com/sourcegraph/sourcegraph/cmd/frontend/internal/graphqlbackend/repository.go:94.16,95.37 1 0
sourcegraph.com/sourcegraph/sourcegraph/cmd/frontend/internal/graphqlbackend/repository.go:98.3,98.72 1 0
sourcegraph.com/sourcegraph/sourcegraph/cmd/frontend/internal/graphqlbackend/repository.go:101.3,101.18 1 0
sourcegraph.com/sourcegraph/sourcegraph/cmd/frontend/internal/graphqlbackend/repository.go:95.37,97.4 1 0
sourcegraph.com/sourcegraph/sourcegraph/cmd/frontend/internal/graphqlbackend/repository.go:98.72,100.4 1 0
sourcegraph.com/sourcegraph/sourcegraph/cmd/frontend/internal/graphqlbackend/repository.go:104.16,106.3 1 0
sourcegraph.com/sourcegraph/sourcegraph/cmd/frontend/internal/graphqlbackend/repository.go:110.102,113.68 1 0
sourcegraph.com/sourcegraph/sourcegraph/cmd/frontend/internal/graphqlbackend/repository.go:116.2,116.58 1 0
sourcegraph.com/sourcegraph/sourcegraph/cmd/frontend/internal/graphqlbackend/repository.go:113.68,115.3 1 0
sourcegraph.com/sourcegraph/sourcegraph/cmd/frontend/internal/graphqlbackend/repository.go:119.82,121.16 2 0
sourcegraph.com/sourcegraph/sourcegraph/cmd/frontend/internal/graphqlbackend/repository.go:124.2,126.16 2 0
sourcegraph.com/sourcegraph/sourcegraph/cmd/frontend/internal/graphqlbackend/repository.go:132.2,133.16 2 0
sourcegraph.com/sourcegraph/sourcegraph/cmd/frontend/internal/graphqlbackend/repository.go:121.16,123.3 1 0
sourcegraph.com/sourcegraph/sourcegraph/cmd/frontend/internal/graphqlbackend/repository.go:126.16,127.72 1 0
sourcegraph.com/sourcegraph/sourcegraph/cmd/frontend/internal/graphqlbackend/repository.go:130.3,130.18 1 0
sourcegraph.com/sourcegraph/sourcegraph/cmd/frontend/internal/graphqlbackend/repository.go:127.72,129.4 1 0
sourcegraph.com/sourcegraph/sourcegraph/cmd/frontend/internal/graphqlbackend/repository.go:136.48,138.2 1 0
sourcegraph.com/sourcegraph/sourcegraph/cmd/frontend/internal/graphqlbackend/repository.go:140.45,140.70 1 0
sourcegraph.com/sourcegraph/sourcegraph/cmd/frontend/internal/graphqlbackend/repository.go:142.49,144.2 1 0
sourcegraph.com/sourcegraph/sourcegraph/cmd/frontend/internal/graphqlbackend/repository.go:146.50,147.29 1 0
sourcegraph.com/sourcegraph/sourcegraph/cmd/frontend/internal/graphqlbackend/repository.go:151.2,151.12 1 0
sourcegraph.com/sourcegraph/sourcegraph/cmd/frontend/internal/graphqlbackend/repository.go:147.29,150.3 2 0
sourcegraph.com/sourcegraph/sourcegraph/cmd/frontend/internal/graphqlbackend/repository.go:154.44,157.56 3 0
sourcegraph.com/sourcegraph/sourcegraph/cmd/frontend/internal/graphqlbackend/repository.go:161.2,161.51 1 0
sourcegraph.com/sourcegraph/sourcegraph/cmd/frontend/internal/graphqlbackend/repository.go:166.2,167.50 2 0
sourcegraph.com/sourcegraph/sourcegraph/cmd/frontend/internal/graphqlbackend/repository.go:172.2,173.21 2 0
sourcegraph.com/sourcegraph/sourcegraph/cmd/frontend/internal/graphqlbackend/repository.go:178.2,178.12 1 0
sourcegraph.com/sourcegraph/sourcegraph/cmd/frontend/internal/graphqlbackend/repository.go:157.56,159.3 1 0
sourcegraph.com/sourcegraph/sourcegraph/cmd/frontend/internal/graphqlbackend/repository.go:161.51,164.3 2 0
sourcegraph.com/sourcegraph/sourcegraph/cmd/frontend/internal/graphqlbackend/repository.go:167.50,170.3 2 0
sourcegraph.com/sourcegraph/sourcegraph/cmd/frontend/internal/graphqlbackend/repository.go:173.21,176.3 2 0
sourcegraph.com/sourcegraph/sourcegraph/cmd/frontend/internal/graphqlbackend/repository.go:181.49,183.51 2 0
sourcegraph.com/sourcegraph/sourcegraph/cmd/frontend/internal/graphqlbackend/repository.go:187.2,188.45 2 0
sourcegraph.com/sourcegraph/sourcegraph/cmd/frontend/internal/graphqlbackend/repository.go:192.2,193.21 2 0
sourcegraph.com/sourcegraph/sourcegraph/cmd/frontend/internal/graphqlbackend/repository.go:197.2,197.12 1 0
sourcegraph.com/sourcegraph/sourcegraph/cmd/frontend/internal/graphqlbackend/repository.go:183.51,186.3 2 0
sourcegraph.com/sourcegraph/sourcegraph/cmd/frontend/internal/graphqlbackend/repository.go:188.45,191.3 2 0
sourcegraph.com/sourcegraph/sourcegraph/cmd/frontend/internal/graphqlbackend/repository.go:193.21,196.3 2 0
sourcegraph.com/sourcegraph/sourcegraph/cmd/frontend/internal/graphqlbackend/repository.go:200.96,202.16 2 0
sourcegraph.com/sourcegraph/sourcegraph/cmd/frontend/internal/graphqlbackend/repository.go:205.2,209.44 2 0
sourcegraph.com/sourcegraph/sourcegraph/cmd/frontend/internal/graphqlbackend/repository.go:212.2,212.42 1 0
sourcegraph.com/sourcegraph/sourcegraph/cmd/frontend/internal/graphqlbackend/repository.go:217.2,223.36 2 0
sourcegraph.com/sourcegraph/sourcegraph/cmd/frontend/internal/graphqlbackend/repository.go:242.2,242.35 1 0
sourcegraph.com/sourcegraph/sourcegraph/cmd/frontend/internal/graphqlbackend/repository.go:251.2,254.8 1 0
sourcegraph.com/sourcegraph/sourcegraph/cmd/frontend/internal/graphqlbackend/repository.go:202.16,204.3 1 0
sourcegraph.com/sourcegraph/sourcegraph/cmd/frontend/internal/graphqlbackend/repository.go:209.44,211.3 1 0
sourcegraph.com/sourcegraph/sourcegraph/cmd/frontend/internal/graphqlbackend/repository.go:212.42,214.3 1 0
sourcegraph.com/sourcegraph/sourcegraph/cmd/frontend/internal/graphqlbackend/repository.go:223.36,225.31 2 0
sourcegraph.com/sourcegraph/sourcegraph/cmd/frontend/internal/graphqlbackend/repository.go:225.31,226.17 1 0
sourcegraph.com/sourcegraph/sourcegraph/cmd/frontend/internal/graphqlbackend/repository.go:232.4,233.18 2 0
sourcegraph.com/sourcegraph/sourcegraph/cmd/frontend/internal/graphqlbackend/repository.go:237.4,239.24 3 0
sourcegraph.com/sourcegraph/sourcegraph/cmd/frontend/internal/graphqlbackend/repository.go:226.17,227.33 1 0
sourcegraph.com/sourcegraph/sourcegraph/cmd/frontend/internal/graphqlbackend/repository.go:230.5,230.18 1 0
sourcegraph.com/sourcegraph/sourcegraph/cmd/frontend/internal/graphqlbackend/repository.go:227.33,229.6 1 0
sourcegraph.com/sourcegraph/sourcegraph/cmd/frontend/internal/graphqlbackend/repository.go:233.18,236.5 2 0
sourcegraph.com/sourcegraph/sourcegraph/cmd/frontend/internal/graphqlbackend/repository.go:242.35,245.25 1 0
sourcegraph.com/sourcegraph/sourcegraph/cmd/frontend/internal/graphqlbackend/repository.go:245.25,247.4 1 0
sourcegraph.com/sourcegraph/sourcegraph/cmd/frontend/internal/graphqlbackend/repository.go:247.4,249.4 1 0
sourcegraph.com/sourcegraph/sourcegraph/cmd/frontend/internal/graphqlbackend/repository.go:262.69,264.2 1 0
sourcegraph.com/sourcegraph/sourcegraph/cmd/frontend/internal/graphqlbackend/repository.go:266.46,268.2 1 0
sourcegraph.com/sourcegraph/sourcegraph/cmd/frontend/internal/graphqlbackend/repository.go:274.28,276.16 2 0
sourcegraph.com/sourcegraph/sourcegraph/cmd/frontend/internal/graphqlbackend/repository.go:279.2,279.17 1 0
sourcegraph.com/sourcegraph/sourcegraph/cmd/frontend/internal/graphqlbackend/repository.go:276.16,278.3 1 0
sourcegraph.com/sourcegraph/sourcegraph/cmd/frontend/internal/graphqlbackend/git_revision.go:7.40,7.57 1 0
sourcegraph.com/sourcegraph/sourcegraph/cmd/frontend/internal/graphqlbackend/git_revision.go:15.65,15.95 1 0
sourcegraph.com/sourcegraph/sourcegraph/cmd/frontend/internal/graphqlbackend/git_revision.go:16.65,16.97 1 0
sourcegraph.com/sourcegraph/sourcegraph/cmd/frontend/internal/graphqlbackend/git_revision.go:17.65,17.101 1 0
sourcegraph.com/sourcegraph/sourcegraph/cmd/frontend/internal/graphqlbackend/git_revision.go:25.47,25.64 1 0
sourcegraph.com/sourcegraph/sourcegraph/cmd/frontend/internal/graphqlbackend/git_revision.go:26.47,26.64 1 0
sourcegraph.com/sourcegraph/sourcegraph/cmd/frontend/internal/graphqlbackend/git_revision.go:27.58,30.2 2 0
sourcegraph.com/sourcegraph/sourcegraph/cmd/frontend/internal/graphqlbackend/git_revision.go:31.47,31.64 1 0
sourcegraph.com/sourcegraph/sourcegraph/cmd/frontend/internal/graphqlbackend/git_revision.go:32.58,35.2 2 0
sourcegraph.com/sourcegraph/sourcegraph/cmd/frontend/internal/graphqlbackend/git_revision.go:36.51,36.73 1 0
sourcegraph.com/sourcegraph/sourcegraph/cmd/frontend/internal/graphqlbackend/json.go:14.59,16.2 1 1
sourcegraph.com/sourcegraph/sourcegraph/cmd/frontend/internal/graphqlbackend/json.go:18.64,19.31 1 0
sourcegraph.com/sourcegraph/sourcegraph/cmd/frontend/internal/graphqlbackend/json.go:20.14,22.33 1 0
sourcegraph.com/sourcegraph/sourcegraph/cmd/frontend/internal/graphqlbackend/json.go:25.3,26.13 2 0
sourcegraph.com/sourcegraph/sourcegraph/cmd/frontend/internal/graphqlbackend/json.go:27.10,28.34 1 0
sourcegraph.com/sourcegraph/sourcegraph/cmd/frontend/internal/graphqlbackend/json.go:22.33,24.4 1 0
sourcegraph.com/sourcegraph/sourcegraph/cmd/frontend/internal/graphqlbackend/repo_revs.go:18.43,19.28 1 0
sourcegraph.com/sourcegraph/sourcegraph/cmd/frontend/internal/graphqlbackend/repo_revs.go:22.2,22.21 1 0
sourcegraph.com/sourcegraph/sourcegraph/cmd/frontend/internal/graphqlbackend/repo_revs.go:25.2,25.18 1 0
sourcegraph.com/sourcegraph/sourcegraph/cmd/frontend/internal/graphqlbackend/repo_revs.go:19.28,21.3 1 0
sourcegraph.com/sourcegraph/sourcegraph/cmd/frontend/internal/graphqlbackend/repo_revs.go:22.21,24.3 1 0
sourcegraph.com/sourcegraph/sourcegraph/cmd/frontend/internal/graphqlbackend/repo_revs.go:55.92,57.13 2 15
sourcegraph.com/sourcegraph/sourcegraph/cmd/frontend/internal/graphqlbackend/repo_revs.go:61.2,63.68 3 7
sourcegraph.com/sourcegraph/sourcegraph/cmd/frontend/internal/graphqlbackend/repo_revs.go:77.2,77.19 1 7
sourcegraph.com/sourcegraph/sourcegraph/cmd/frontend/internal/graphqlbackend/repo_revs.go:57.13,59.3 1 8
sourcegraph.com/sourcegraph/sourcegraph/cmd/frontend/internal/graphqlbackend/repo_revs.go:63.68,64.17 1 16
sourcegraph.com/sourcegraph/sourcegraph/cmd/frontend/internal/graphqlbackend/repo_revs.go:67.3,68.36 2 13
sourcegraph.com/sourcegraph/sourcegraph/cmd/frontend/internal/graphqlbackend/repo_revs.go:75.3,75.27 1 13
sourcegraph.com/sourcegraph/sourcegraph/cmd/frontend/internal/graphqlbackend/repo_revs.go:64.17,65.12 1 3
sourcegraph.com/sourcegraph/sourcegraph/cmd/frontend/internal/graphqlbackend/repo_revs.go:68.36,70.4 1 1
sourcegraph.com/sourcegraph/sourcegraph/cmd/frontend/internal/graphqlbackend/repo_revs.go:70.4,70.42 1 12
sourcegraph.com/sourcegraph/sourcegraph/cmd/frontend/internal/graphqlbackend/repo_revs.go:70.42,72.4 1 4
sourcegraph.com/sourcegraph/sourcegraph/cmd/frontend/internal/graphqlbackend/repo_revs.go:72.4,74.4 1 8
sourcegraph.com/sourcegraph/sourcegraph/cmd/frontend/internal/graphqlbackend/repo_revs.go:80.46,81.22 1 0
sourcegraph.com/sourcegraph/sourcegraph/cmd/frontend/internal/graphqlbackend/repo_revs.go:85.2,86.29 2 0
sourcegraph.com/sourcegraph/sourcegraph/cmd/frontend/internal/graphqlbackend/repo_revs.go:89.2,89.60 1 0
sourcegraph.com/sourcegraph/sourcegraph/cmd/frontend/internal/graphqlbackend/repo_revs.go:81.22,83.3 1 0
sourcegraph.com/sourcegraph/sourcegraph/cmd/frontend/internal/graphqlbackend/repo_revs.go:86.29,88.3 1 0
sourcegraph.com/sourcegraph/sourcegraph/cmd/frontend/internal/graphqlbackend/repo_revs.go:92.51,94.29 2 14
sourcegraph.com/sourcegraph/sourcegraph/cmd/frontend/internal/graphqlbackend/repo_revs.go:97.2,97.17 1 14
sourcegraph.com/sourcegraph/sourcegraph/cmd/frontend/internal/graphqlbackend/repo_revs.go:94.29,96.3 1 0
sourcegraph.com/sourcegraph/sourcegraph/cmd/frontend/internal/graphqlbackend/repo_revs.go:100.66,101.28 1 5
sourcegraph.com/sourcegraph/sourcegraph/cmd/frontend/internal/graphqlbackend/repo_revs.go:104.2,104.21 1 0
sourcegraph.com/sourcegraph/sourcegraph/cmd/frontend/internal/graphqlbackend/repo_revs.go:101.28,103.3 1 5
sourcegraph.com/sourcegraph/sourcegraph/cmd/frontend/internal/graphqlbackend/repo_revs.go:107.55,109.2 1 0
sourcegraph.com/sourcegraph/sourcegraph/cmd/frontend/internal/graphqlbackend/repository_text_search_index.go:13.83,14.20 1 0
sourcegraph.com/sourcegraph/sourcegraph/cmd/frontend/internal/graphqlbackend/repository_text_search_index.go:17.2,17.52 1 0
sourcegraph.com/sourcegraph/sourcegraph/cmd/frontend/internal/graphqlbackend/repository_text_search_index.go:14.20,16.3 1 0
sourcegraph.com/sourcegraph/sourcegraph/cmd/frontend/internal/graphqlbackend/repository_text_search_index.go:28.104,29.19 1 0
sourcegraph.com/sourcegraph/sourcegraph/cmd/frontend/internal/graphqlbackend/repository_text_search_index.go:43.2,43.23 1 0
sourcegraph.com/sourcegraph/sourcegraph/cmd/frontend/internal/graphqlbackend/repository_text_search_index.go:29.19,31.17 2 0
sourcegraph.com/sourcegraph/sourcegraph/cmd/frontend/internal/graphqlbackend/repository_text_search_index.go:35.3,35.30 1 0
sourcegraph.com/sourcegraph/sourcegraph/cmd/frontend/internal/graphqlbackend/repository_text_search_index.go:39.3,39.31 1 0
sourcegraph.com/sourcegraph/sourcegraph/cmd/frontend/internal/graphqlbackend/repository_text_search_index.go:31.17,34.4 2 0
sourcegraph.com/sourcegraph/sourcegraph/cmd/frontend/internal/graphqlbackend/repository_text_search_index.go:35.30,38.4 2 0
sourcegraph.com/sourcegraph/sourcegraph/cmd/frontend/internal/graphqlbackend/repository_text_search_index.go:39.31,41.4 1 0
sourcegraph.com/sourcegraph/sourcegraph/cmd/frontend/internal/graphqlbackend/repository_text_search_index.go:46.78,46.95 1 0
sourcegraph.com/sourcegraph/sourcegraph/cmd/frontend/internal/graphqlbackend/repository_text_search_index.go:48.115,50.16 2 0
sourcegraph.com/sourcegraph/sourcegraph/cmd/frontend/internal/graphqlbackend/repository_text_search_index.go:53.2,53.18 1 0
sourcegraph.com/sourcegraph/sourcegraph/cmd/frontend/internal/graphqlbackend/repository_text_search_index.go:56.2,56.61 1 0
sourcegraph.com/sourcegraph/sourcegraph/cmd/frontend/internal/graphqlbackend/repository_text_search_index.go:50.16,52.3 1 0
sourcegraph.com/sourcegraph/sourcegraph/cmd/frontend/internal/graphqlbackend/repository_text_search_index.go:53.18,55.3 1 0
sourcegraph.com/sourcegraph/sourcegraph/cmd/frontend/internal/graphqlbackend/repository_text_search_index.go:63.62,65.2 1 0
sourcegraph.com/sourcegraph/sourcegraph/cmd/frontend/internal/graphqlbackend/repository_text_search_index.go:66.67,68.2 1 0
sourcegraph.com/sourcegraph/sourcegraph/cmd/frontend/internal/graphqlbackend/repository_text_search_index.go:69.69,71.2 1 0
sourcegraph.com/sourcegraph/sourcegraph/cmd/frontend/internal/graphqlbackend/repository_text_search_index.go:72.65,74.2 1 0
sourcegraph.com/sourcegraph/sourcegraph/cmd/frontend/internal/graphqlbackend/repository_text_search_index.go:75.68,77.2 1 0
sourcegraph.com/sourcegraph/sourcegraph/cmd/frontend/internal/graphqlbackend/repository_text_search_index.go:79.114,84.16 2 0
sourcegraph.com/sourcegraph/sourcegraph/cmd/frontend/internal/graphqlbackend/repository_text_search_index.go:87.2,87.26 1 0
sourcegraph.com/sourcegraph/sourcegraph/cmd/frontend/internal/graphqlbackend/repository_text_search_index.go:90.2,93.35 3 0
sourcegraph.com/sourcegraph/sourcegraph/cmd/frontend/internal/graphqlbackend/repository_text_search_index.go:96.2,96.68 1 0
sourcegraph.com/sourcegraph/sourcegraph/cmd/frontend/internal/graphqlbackend/repository_text_search_index.go:109.2,110.16 2 0
sourcegraph.com/sourcegraph/sourcegraph/cmd/frontend/internal/graphqlbackend/repository_text_search_index.go:113.2,113.18 1 0
sourcegraph.com/sourcegraph/sourcegraph/cmd/frontend/internal/graphqlbackend/repository_text_search_index.go:119.2,119.18 1 0
sourcegraph.com/sourcegraph/sourcegraph/cmd/frontend/internal/graphqlbackend/repository_text_search_index.go:84.16,86.3 1 0
sourcegraph.com/sourcegraph/sourcegraph/cmd/frontend/internal/graphqlbackend/repository_text_search_index.go:87.26,89.3 1 0
sourcegraph.com/sourcegraph/sourcegraph/cmd/frontend/internal/graphqlbackend/repository_text_search_index.go:93.35,95.3 1 0
sourcegraph.com/sourcegraph/sourcegraph/cmd/frontend/internal/graphqlbackend/repository_text_search_index.go:96.68,97.28 1 0
sourcegraph.com/sourcegraph/sourcegraph/cmd/frontend/internal/graphqlbackend/repository_text_search_index.go:104.3,106.16 3 0
sourcegraph.com/sourcegraph/sourcegraph/cmd/frontend/internal/graphqlbackend/repository_text_search_index.go:97.28,98.31 1 0
sourcegraph.com/sourcegraph/sourcegraph/cmd/frontend/internal/graphqlbackend/repository_text_search_index.go:98.31,100.5 1 0
sourcegraph.com/sourcegraph/sourcegraph/cmd/frontend/internal/graphqlbackend/repository_text_search_index.go:110.16,112.3 1 0
sourcegraph.com/sourcegraph/sourcegraph/cmd/frontend/internal/graphqlbackend/repository_text_search_index.go:113.18,114.52 1 0
sourcegraph.com/sourcegraph/sourcegraph/cmd/frontend/internal/graphqlbackend/repository_text_search_index.go:114.52,117.4 2 0
sourcegraph.com/sourcegraph/sourcegraph/cmd/frontend/internal/graphqlbackend/repository_text_search_index.go:127.64,127.80 1 0
sourcegraph.com/sourcegraph/sourcegraph/cmd/frontend/internal/graphqlbackend/repository_text_search_index.go:128.64,128.96 1 0
sourcegraph.com/sourcegraph/sourcegraph/cmd/frontend/internal/graphqlbackend/repository_text_search_index.go:130.85,131.27 1 0
sourcegraph.com/sourcegraph/sourcegraph/cmd/frontend/internal/graphqlbackend/repository_text_search_index.go:135.2,136.16 2 0
sourcegraph.com/sourcegraph/sourcegraph/cmd/frontend/internal/graphqlbackend/repository_text_search_index.go:139.2,139.39 1 0
sourcegraph.com/sourcegraph/sourcegraph/cmd/frontend/internal/graphqlbackend/repository_text_search_index.go:131.27,133.3 1 0
sourcegraph.com/sourcegraph/sourcegraph/cmd/frontend/internal/graphqlbackend/repository_text_search_index.go:136.16,138.3 1 0
sourcegraph.com/sourcegraph/sourcegraph/cmd/frontend/internal/graphqlbackend/repository_text_search_index.go:142.69,143.27 1 0
sourcegraph.com/sourcegraph/sourcegraph/cmd/frontend/internal/graphqlbackend/repository_text_search_index.go:146.2,146.41 1 0
sourcegraph.com/sourcegraph/sourcegraph/cmd/frontend/internal/graphqlbackend/repository_text_search_index.go:143.27,145.3 1 0
sourcegraph.com/sourcegraph/sourcegraph/cmd/frontend/internal/graphqlbackend/git_ref.go:19.38,20.43 1 0
sourcegraph.com/sourcegraph/sourcegraph/cmd/frontend/internal/graphqlbackend/git_ref.go:23.2,23.42 1 0
sourcegraph.com/sourcegraph/sourcegraph/cmd/frontend/internal/graphqlbackend/git_ref.go:26.2,26.42 1 0
sourcegraph.com/sourcegraph/sourcegraph/cmd/frontend/internal/graphqlbackend/git_ref.go:29.2,29.37 1 0
sourcegraph.com/sourcegraph/sourcegraph/cmd/frontend/internal/graphqlbackend/git_ref.go:32.2,32.11 1 0
sourcegraph.com/sourcegraph/sourcegraph/cmd/frontend/internal/graphqlbackend/git_ref.go:20.43,22.3 1 0
sourcegraph.com/sourcegraph/sourcegraph/cmd/frontend/internal/graphqlbackend/git_ref.go:23.42,25.3 1 0
sourcegraph.com/sourcegraph/sourcegraph/cmd/frontend/internal/graphqlbackend/git_ref.go:26.42,28.3 1 0
sourcegraph.com/sourcegraph/sourcegraph/cmd/frontend/internal/graphqlbackend/git_ref.go:29.37,31.3 1 0
sourcegraph.com/sourcegraph/sourcegraph/cmd/frontend/internal/graphqlbackend/git_ref.go:35.36,36.43 1 0
sourcegraph.com/sourcegraph/sourcegraph/cmd/frontend/internal/graphqlbackend/git_ref.go:39.2,39.42 1 0
sourcegraph.com/sourcegraph/sourcegraph/cmd/frontend/internal/graphqlbackend/git_ref.go:42.2,42.24 1 0
sourcegraph.com/sourcegraph/sourcegraph/cmd/frontend/internal/graphqlbackend/git_ref.go:36.43,38.3 1 0
sourcegraph.com/sourcegraph/sourcegraph/cmd/frontend/internal/graphqlbackend/git_ref.go:39.42,41.3 1 0
sourcegraph.com/sourcegraph/sourcegraph/cmd/frontend/internal/graphqlbackend/git_ref.go:45.43,48.101 2 0
sourcegraph.com/sourcegraph/sourcegraph/cmd/frontend/internal/graphqlbackend/git_ref.go:57.2,57.40 1 0
sourcegraph.com/sourcegraph/sourcegraph/cmd/frontend/internal/graphqlbackend/git_ref.go:48.101,52.17 3 0
sourcegraph.com/sourcegraph/sourcegraph/cmd/frontend/internal/graphqlbackend/git_ref.go:52.17,54.4 1 0
sourcegraph.com/sourcegraph/sourcegraph/cmd/frontend/internal/graphqlbackend/git_ref.go:60.78,62.16 2 0
sourcegraph.com/sourcegraph/sourcegraph/cmd/frontend/internal/graphqlbackend/git_ref.go:65.2,66.16 2 0
sourcegraph.com/sourcegraph/sourcegraph/cmd/frontend/internal/graphqlbackend/git_ref.go:69.2,72.8 1 0
sourcegraph.com/sourcegraph/sourcegraph/cmd/frontend/internal/graphqlbackend/git_ref.go:62.16,64.3 1 0
sourcegraph.com/sourcegraph/sourcegraph/cmd/frontend/internal/graphqlbackend/git_ref.go:66.16,68.3 1 0
sourcegraph.com/sourcegraph/sourcegraph/cmd/frontend/internal/graphqlbackend/git_ref.go:89.62,91.2 1 0
sourcegraph.com/sourcegraph/sourcegraph/cmd/frontend/internal/graphqlbackend/git_ref.go:93.82,97.2 3 0
sourcegraph.com/sourcegraph/sourcegraph/cmd/frontend/internal/graphqlbackend/git_ref.go:99.47,99.94 1 0
sourcegraph.com/sourcegraph/sourcegraph/cmd/frontend/internal/graphqlbackend/git_ref.go:100.47,100.64 1 0
sourcegraph.com/sourcegraph/sourcegraph/cmd/frontend/internal/graphqlbackend/git_ref.go:101.47,101.106 1 0
sourcegraph.com/sourcegraph/sourcegraph/cmd/frontend/internal/graphqlbackend/git_ref.go:102.47,102.83 1 0
sourcegraph.com/sourcegraph/sourcegraph/cmd/frontend/internal/graphqlbackend/git_ref.go:103.47,103.78 1 0
sourcegraph.com/sourcegraph/sourcegraph/cmd/frontend/internal/graphqlbackend/git_ref.go:104.47,104.76 1 0
sourcegraph.com/sourcegraph/sourcegraph/cmd/frontend/internal/graphqlbackend/git_ref.go:108.3,109.20 1 0
sourcegraph.com/sourcegraph/sourcegraph/cmd/frontend/internal/graphqlbackend/git_ref.go:112.2,112.58 1 0
sourcegraph.com/sourcegraph/sourcegraph/cmd/frontend/internal/graphqlbackend/git_ref.go:109.20,111.3 1 0
sourcegraph.com/sourcegraph/sourcegraph/cmd/frontend/internal/graphqlbackend/git_ref.go:114.59,114.76 1 0
sourcegraph.com/sourcegraph/sourcegraph/cmd/frontend/internal/graphqlbackend/symbol.go:12.40,14.2 1 0
sourcegraph.com/sourcegraph/sourcegraph/cmd/frontend/internal/graphqlbackend/symbol.go:16.39,18.2 1 0
sourcegraph.com/sourcegraph/sourcegraph/cmd/frontend/internal/graphqlbackend/symbol.go:20.44,22.2 1 0
sourcegraph.com/sourcegraph/sourcegraph/cmd/frontend/internal/graphqlbackend/symbol.go:24.59,26.2 1 0
sourcegraph.com/sourcegraph/sourcegraph/cmd/frontend/internal/graphqlbackend/user.go:20.74,22.16 2 3
sourcegraph.com/sourcegraph/sourcegraph/cmd/frontend/internal/graphqlbackend/user.go:25.2,25.35 1 3
sourcegraph.com/sourcegraph/sourcegraph/cmd/frontend/internal/graphqlbackend/user.go:22.16,24.3 1 0
sourcegraph.com/sourcegraph/sourcegraph/cmd/frontend/internal/graphqlbackend/user.go:28.74,30.16 2 3
sourcegraph.com/sourcegraph/sourcegraph/cmd/frontend/internal/graphqlbackend/user.go:33.2,33.39 1 3
sourcegraph.com/sourcegraph/sourcegraph/cmd/frontend/internal/graphqlbackend/user.go:30.16,32.3 1 0
sourcegraph.com/sourcegraph/sourcegraph/cmd/frontend/internal/graphqlbackend/user.go:36.40,36.75 1 3
sourcegraph.com/sourcegraph/sourcegraph/cmd/frontend/internal/graphqlbackend/user.go:38.41,38.79 1 3
sourcegraph.com/sourcegraph/sourcegraph/cmd/frontend/internal/graphqlbackend/user.go:40.63,43.2 2 3
sourcegraph.com/sourcegraph/sourcegraph/cmd/frontend/internal/graphqlbackend/user.go:45.45,45.73 1 0
sourcegraph.com/sourcegraph/sourcegraph/cmd/frontend/internal/graphqlbackend/user.go:47.40,49.15 2 0
sourcegraph.com/sourcegraph/sourcegraph/cmd/frontend/internal/graphqlbackend/user.go:52.2,52.12 1 0
sourcegraph.com/sourcegraph/sourcegraph/cmd/frontend/internal/graphqlbackend/user.go:49.15,51.3 1 0
sourcegraph.com/sourcegraph/sourcegraph/cmd/frontend/internal/graphqlbackend/user.go:55.41,57.15 2 0
sourcegraph.com/sourcegraph/sourcegraph/cmd/frontend/internal/graphqlbackend/user.go:60.2,60.12 1 0
sourcegraph.com/sourcegraph/sourcegraph/cmd/frontend/internal/graphqlbackend/user.go:57.15,59.3 1 0
sourcegraph.com/sourcegraph/sourcegraph/cmd/frontend/internal/graphqlbackend/user.go:63.46,63.66 1 5
sourcegraph.com/sourcegraph/sourcegraph/cmd/frontend/internal/graphqlbackend/user.go:65.67,67.16 2 0
sourcegraph.com/sourcegraph/sourcegraph/cmd/frontend/internal/graphqlbackend/user.go:71.2,71.19 1 0
sourcegraph.com/sourcegraph/sourcegraph/cmd/frontend/internal/graphqlbackend/user.go:67.16,69.3 1 0
sourcegraph.com/sourcegraph/sourcegraph/cmd/frontend/internal/graphqlbackend/user.go:74.42,74.68 1 4
sourcegraph.com/sourcegraph/sourcegraph/cmd/frontend/internal/graphqlbackend/user.go:76.46,76.76 1 2
sourcegraph.com/sourcegraph/sourcegraph/cmd/frontend/internal/graphqlbackend/user.go:78.44,78.71 1 1
sourcegraph.com/sourcegraph/sourcegraph/cmd/frontend/internal/graphqlbackend/user.go:80.43,82.2 1 0
sourcegraph.com/sourcegraph/sourcegraph/cmd/frontend/internal/graphqlbackend/user.go:84.44,87.2 2 0
sourcegraph.com/sourcegraph/sourcegraph/cmd/frontend/internal/graphqlbackend/user.go:89.87,91.16 2 3
sourcegraph.com/sourcegraph/sourcegraph/cmd/frontend/internal/graphqlbackend/user.go:94.2,94.21 1 3
sourcegraph.com/sourcegraph/sourcegraph/cmd/frontend/internal/graphqlbackend/user.go:97.2,97.78 1 3
sourcegraph.com/sourcegraph/sourcegraph/cmd/frontend/internal/graphqlbackend/user.go:91.16,93.3 1 0
sourcegraph.com/sourcegraph/sourcegraph/cmd/frontend/internal/graphqlbackend/user.go:94.21,96.3 1 0
sourcegraph.com/sourcegraph/sourcegraph/cmd/frontend/internal/graphqlbackend/user.go:100.68,102.16 2 0
sourcegraph.com/sourcegraph/sourcegraph/cmd/frontend/internal/graphqlbackend/user.go:106.2,106.22 1 0
sourcegraph.com/sourcegraph/sourcegraph/cmd/frontend/internal/graphqlbackend/user.go:102.16,104.3 1 0
sourcegraph.com/sourcegraph/sourcegraph/cmd/frontend/internal/graphqlbackend/user.go:109.41,109.68 1 0
sourcegraph.com/sourcegraph/sourcegraph/cmd/frontend/internal/graphqlbackend/user.go:115.27,117.16 2 0
sourcegraph.com/sourcegraph/sourcegraph/cmd/frontend/internal/graphqlbackend/user.go:121.2,122.16 2 0
sourcegraph.com/sourcegraph/sourcegraph/cmd/frontend/internal/graphqlbackend/user.go:126.2,126.46 1 0
sourcegraph.com/sourcegraph/sourcegraph/cmd/frontend/internal/graphqlbackend/user.go:117.16,119.3 1 0
sourcegraph.com/sourcegraph/sourcegraph/cmd/frontend/internal/graphqlbackend/user.go:122.16,124.3 1 0
sourcegraph.com/sourcegraph/sourcegraph/cmd/frontend/internal/graphqlbackend/user.go:129.62,131.16 2 2
sourcegraph.com/sourcegraph/sourcegraph/cmd/frontend/internal/graphqlbackend/user.go:137.2,137.39 1 2
sourcegraph.com/sourcegraph/sourcegraph/cmd/frontend/internal/graphqlbackend/user.go:131.16,132.44 1 0
sourcegraph.com/sourcegraph/sourcegraph/cmd/frontend/internal/graphqlbackend/user.go:135.3,135.18 1 0
sourcegraph.com/sourcegraph/sourcegraph/cmd/frontend/internal/graphqlbackend/user.go:132.44,134.4 1 0
sourcegraph.com/sourcegraph/sourcegraph/cmd/frontend/internal/graphqlbackend/user.go:140.74,142.16 2 0
sourcegraph.com/sourcegraph/sourcegraph/cmd/frontend/internal/graphqlbackend/user.go:145.2,146.27 2 0
sourcegraph.com/sourcegraph/sourcegraph/cmd/frontend/internal/graphqlbackend/user.go:149.2,149.26 1 0
sourcegraph.com/sourcegraph/sourcegraph/cmd/frontend/internal/graphqlbackend/user.go:142.16,144.3 1 0
sourcegraph.com/sourcegraph/sourcegraph/cmd/frontend/internal/graphqlbackend/user.go:146.27,148.3 1 0
sourcegraph.com/sourcegraph/sourcegraph/cmd/frontend/internal/graphqlbackend/user.go:152.90,154.16 2 0
sourcegraph.com/sourcegraph/sourcegraph/cmd/frontend/internal/graphqlbackend/user.go:157.2,158.33 2 0
sourcegraph.com/sourcegraph/sourcegraph/cmd/frontend/internal/graphqlbackend/user.go:161.2,161.32 1 0
sourcegraph.com/sourcegraph/sourcegraph/cmd/frontend/internal/graphqlbackend/user.go:154.16,156.3 1 0
sourcegraph.com/sourcegraph/sourcegraph/cmd/frontend/internal/graphqlbackend/user.go:158.33,160.3 1 0
sourcegraph.com/sourcegraph/sourcegraph/cmd/frontend/internal/graphqlbackend/user.go:164.78,165.19 1 0
sourcegraph.com/sourcegraph/sourcegraph/cmd/frontend/internal/graphqlbackend/user.go:168.2,169.16 2 0
sourcegraph.com/sourcegraph/sourcegraph/cmd/frontend/internal/graphqlbackend/user.go:172.2,173.27 2 0
sourcegraph.com/sourcegraph/sourcegraph/cmd/frontend/internal/graphqlbackend/user.go:176.2,176.30 1 0
sourcegraph.com/sourcegraph/sourcegraph/cmd/frontend/internal/graphqlbackend/user.go:165.19,167.3 1 0
sourcegraph.com/sourcegraph/sourcegraph/cmd/frontend/internal/graphqlbackend/user.go:169.16,171.3 1 0
sourcegraph.com/sourcegraph/sourcegraph/cmd/frontend/internal/graphqlbackend/user.go:173.27,175.3 1 0
sourcegraph.com/sourcegraph/sourcegraph/cmd/frontend/internal/graphqlbackend/user.go:179.85,181.65 1 1
sourcegraph.com/sourcegraph/sourcegraph/cmd/frontend/internal/graphqlbackend/user.go:184.2,184.19 1 0
sourcegraph.com/sourcegraph/sourcegraph/cmd/frontend/internal/graphqlbackend/user.go:187.2,188.16 2 0
sourcegraph.com/sourcegraph/sourcegraph/cmd/frontend/internal/graphqlbackend/user.go:191.2,191.45 1 0
sourcegraph.com/sourcegraph/sourcegraph/cmd/frontend/internal/graphqlbackend/user.go:181.65,183.3 1 1
sourcegraph.com/sourcegraph/sourcegraph/cmd/frontend/internal/graphqlbackend/user.go:184.19,186.3 1 0
sourcegraph.com/sourcegraph/sourcegraph/cmd/frontend/internal/graphqlbackend/user.go:188.16,190.3 1 0
sourcegraph.com/sourcegraph/sourcegraph/cmd/frontend/internal/graphqlbackend/user.go:197.28,200.16 2 0
sourcegraph.com/sourcegraph/sourcegraph/cmd/frontend/internal/graphqlbackend/user.go:203.2,203.17 1 0
sourcegraph.com/sourcegraph/sourcegraph/cmd/frontend/internal/graphqlbackend/user.go:207.2,207.98 1 0
sourcegraph.com/sourcegraph/sourcegraph/cmd/frontend/internal/graphqlbackend/user.go:210.2,210.30 1 0
sourcegraph.com/sourcegraph/sourcegraph/cmd/frontend/internal/graphqlbackend/user.go:200.16,202.3 1 0
sourcegraph.com/sourcegraph/sourcegraph/cmd/frontend/internal/graphqlbackend/user.go:203.17,205.3 1 0
sourcegraph.com/sourcegraph/sourcegraph/cmd/frontend/internal/graphqlbackend/user.go:207.98,209.3 1 0
sourcegraph.com/sourcegraph/sourcegraph/cmd/frontend/internal/graphqlbackend/highlight.go:11.46,11.63 1 0
sourcegraph.com/sourcegraph/sourcegraph/cmd/frontend/internal/graphqlbackend/highlight.go:12.46,12.68 1 0
sourcegraph.com/sourcegraph/sourcegraph/cmd/frontend/internal/graphqlbackend/highlight.go:13.46,13.65 1 0
sourcegraph.com/sourcegraph/sourcegraph/cmd/frontend/internal/graphqlbackend/highlight.go:20.62,20.80 1 0
sourcegraph.com/sourcegraph/sourcegraph/cmd/frontend/internal/graphqlbackend/highlight.go:21.62,21.85 1 0
sourcegraph.com/sourcegraph/sourcegraph/cmd/frontend/internal/graphqlbackend/highlight.go:23.75,25.35 2 1
sourcegraph.com/sourcegraph/sourcegraph/cmd/frontend/internal/graphqlbackend/highlight.go:32.2,32.19 1 1
sourcegraph.com/sourcegraph/sourcegraph/cmd/frontend/internal/graphqlbackend/highlight.go:25.35,31.3 1 0
sourcegraph.com/sourcegraph/sourcegraph/cmd/frontend/internal/graphqlbackend/org_members.go:18.40,20.2 1 0
sourcegraph.com/sourcegraph/sourcegraph/cmd/frontend/internal/graphqlbackend/org_members.go:22.76,23.18 1 0
sourcegraph.com/sourcegraph/sourcegraph/cmd/frontend/internal/graphqlbackend/org_members.go:30.2,30.33 1 0
sourcegraph.com/sourcegraph/sourcegraph/cmd/frontend/internal/graphqlbackend/org_members.go:23.18,26.17 3 0
sourcegraph.com/sourcegraph/sourcegraph/cmd/frontend/internal/graphqlbackend/org_members.go:26.17,28.4 1 0
sourcegraph.com/sourcegraph/sourcegraph/cmd/frontend/internal/graphqlbackend/org_members.go:33.78,34.19 1 0
sourcegraph.com/sourcegraph/sourcegraph/cmd/frontend/internal/graphqlbackend/org_members.go:41.2,41.35 1 0
sourcegraph.com/sourcegraph/sourcegraph/cmd/frontend/internal/graphqlbackend/org_members.go:34.19,37.17 3 0
sourcegraph.com/sourcegraph/sourcegraph/cmd/frontend/internal/graphqlbackend/org_members.go:37.17,39.4 1 0
sourcegraph.com/sourcegraph/sourcegraph/cmd/frontend/internal/graphqlbackend/org_members.go:44.48,46.2 1 0
sourcegraph.com/sourcegraph/sourcegraph/cmd/frontend/internal/graphqlbackend/org_members.go:48.48,50.2 1 0
sourcegraph.com/sourcegraph/sourcegraph/cmd/frontend/internal/graphqlbackend/org_members.go:54.99,55.32 1 1
sourcegraph.com/sourcegraph/sourcegraph/cmd/frontend/internal/graphqlbackend/org_members.go:59.2,60.16 2 0
sourcegraph.com/sourcegraph/sourcegraph/cmd/frontend/internal/graphqlbackend/org_members.go:63.2,64.37 2 0
sourcegraph.com/sourcegraph/sourcegraph/cmd/frontend/internal/graphqlbackend/org_members.go:67.2,68.28 2 0
sourcegraph.com/sourcegraph/sourcegraph/cmd/frontend/internal/graphqlbackend/org_members.go:81.2,81.20 1 0
sourcegraph.com/sourcegraph/sourcegraph/cmd/frontend/internal/graphqlbackend/org_members.go:55.32,57.3 1 1
sourcegraph.com/sourcegraph/sourcegraph/cmd/frontend/internal/graphqlbackend/org_members.go:60.16,62.3 1 0
sourcegraph.com/sourcegraph/sourcegraph/cmd/frontend/internal/graphqlbackend/org_members.go:64.37,66.3 1 0
sourcegraph.com/sourcegraph/sourcegraph/cmd/frontend/internal/graphqlbackend/org_members.go:68.28,69.37 1 0
sourcegraph.com/sourcegraph/sourcegraph/cmd/frontend/internal/graphqlbackend/org_members.go:72.3,73.17 2 0
sourcegraph.com/sourcegraph/sourcegraph/cmd/frontend/internal/graphqlbackend/org_members.go:79.3,79.33 1 0
sourcegraph.com/sourcegraph/sourcegraph/cmd/frontend/internal/graphqlbackend/org_members.go:69.37,70.12 1 0
sourcegraph.com/sourcegraph/sourcegraph/cmd/frontend/internal/graphqlbackend/org_members.go:73.17,77.12 2 0
sourcegraph.com/sourcegraph/sourcegraph/cmd/frontend/internal/graphqlbackend/person.go:14.40,16.2 1 0
sourcegraph.com/sourcegraph/sourcegraph/cmd/frontend/internal/graphqlbackend/person.go:18.41,20.2 1 0
sourcegraph.com/sourcegraph/sourcegraph/cmd/frontend/internal/graphqlbackend/person.go:22.47,25.51 1 0
sourcegraph.com/sourcegraph/sourcegraph/cmd/frontend/internal/graphqlbackend/person.go:28.2,28.19 1 0
sourcegraph.com/sourcegraph/sourcegraph/cmd/frontend/internal/graphqlbackend/person.go:31.2,31.18 1 0
sourcegraph.com/sourcegraph/sourcegraph/cmd/frontend/internal/graphqlbackend/person.go:25.51,27.3 1 0
sourcegraph.com/sourcegraph/sourcegraph/cmd/frontend/internal/graphqlbackend/person.go:28.19,30.3 1 0
sourcegraph.com/sourcegraph/sourcegraph/cmd/frontend/internal/graphqlbackend/person.go:34.48,36.2 1 0
sourcegraph.com/sourcegraph/sourcegraph/cmd/frontend/internal/graphqlbackend/person.go:38.45,40.2 1 0
sourcegraph.com/sourcegraph/sourcegraph/cmd/frontend/internal/graphqlbackend/person.go:43.49,44.17 1 0
sourcegraph.com/sourcegraph/sourcegraph/cmd/frontend/internal/graphqlbackend/person.go:50.2,50.11 1 0
sourcegraph.com/sourcegraph/sourcegraph/cmd/frontend/internal/graphqlbackend/person.go:44.17,48.3 3 0
sourcegraph.com/sourcegraph/sourcegraph/cmd/frontend/internal/graphqlbackend/pkgs.go:26.41,26.62 1 2
sourcegraph.com/sourcegraph/sourcegraph/cmd/frontend/internal/graphqlbackend/pkgs.go:27.40,29.2 1 0
sourcegraph.com/sourcegraph/sourcegraph/cmd/frontend/internal/graphqlbackend/pkgs.go:30.42,32.2 1 0
sourcegraph.com/sourcegraph/sourcegraph/cmd/frontend/internal/graphqlbackend/pkgs.go:33.42,35.2 1 2
sourcegraph.com/sourcegraph/sourcegraph/cmd/frontend/internal/graphqlbackend/pkgs.go:36.44,38.2 1 0
sourcegraph.com/sourcegraph/sourcegraph/cmd/frontend/internal/graphqlbackend/pkgs.go:39.45,41.2 1 0
sourcegraph.com/sourcegraph/sourcegraph/cmd/frontend/internal/graphqlbackend/pkgs.go:42.45,44.2 1 0
sourcegraph.com/sourcegraph/sourcegraph/cmd/frontend/internal/graphqlbackend/pkgs.go:45.45,47.2 1 0
sourcegraph.com/sourcegraph/sourcegraph/cmd/frontend/internal/graphqlbackend/pkgs.go:49.63,50.53 1 2
sourcegraph.com/sourcegraph/sourcegraph/cmd/frontend/internal/graphqlbackend/pkgs.go:53.2,53.12 1 0
sourcegraph.com/sourcegraph/sourcegraph/cmd/frontend/internal/graphqlbackend/pkgs.go:50.53,52.3 1 2
sourcegraph.com/sourcegraph/sourcegraph/cmd/frontend/internal/graphqlbackend/pkgs.go:56.82,58.16 2 1
sourcegraph.com/sourcegraph/sourcegraph/cmd/frontend/internal/graphqlbackend/pkgs.go:65.2,65.47 1 1
sourcegraph.com/sourcegraph/sourcegraph/cmd/frontend/internal/graphqlbackend/pkgs.go:69.2,69.45 1 1
sourcegraph.com/sourcegraph/sourcegraph/cmd/frontend/internal/graphqlbackend/pkgs.go:58.16,59.77 1 0
sourcegraph.com/sourcegraph/sourcegraph/cmd/frontend/internal/graphqlbackend/pkgs.go:62.3,62.18 1 0
sourcegraph.com/sourcegraph/sourcegraph/cmd/frontend/internal/graphqlbackend/pkgs.go:59.77,61.4 1 0
sourcegraph.com/sourcegraph/sourcegraph/cmd/frontend/internal/graphqlbackend/pkgs.go:65.47,67.3 1 0
sourcegraph.com/sourcegraph/sourcegraph/cmd/frontend/internal/graphqlbackend/pkgs.go:72.62,74.17 2 6
sourcegraph.com/sourcegraph/sourcegraph/cmd/frontend/internal/graphqlbackend/pkgs.go:77.2,77.18 1 6
sourcegraph.com/sourcegraph/sourcegraph/cmd/frontend/internal/graphqlbackend/pkgs.go:80.2,80.19 1 6
sourcegraph.com/sourcegraph/sourcegraph/cmd/frontend/internal/graphqlbackend/pkgs.go:83.2,83.21 1 6
sourcegraph.com/sourcegraph/sourcegraph/cmd/frontend/internal/graphqlbackend/pkgs.go:86.2,86.22 1 6
sourcegraph.com/sourcegraph/sourcegraph/cmd/frontend/internal/graphqlbackend/pkgs.go:89.2,89.22 1 6
sourcegraph.com/sourcegraph/sourcegraph/cmd/frontend/internal/graphqlbackend/pkgs.go:92.2,92.22 1 6
sourcegraph.com/sourcegraph/sourcegraph/cmd/frontend/internal/graphqlbackend/pkgs.go:95.2,95.21 1 6
sourcegraph.com/sourcegraph/sourcegraph/cmd/frontend/internal/graphqlbackend/pkgs.go:98.2,98.17 1 6
sourcegraph.com/sourcegraph/sourcegraph/cmd/frontend/internal/graphqlbackend/pkgs.go:74.17,76.3 1 0
sourcegraph.com/sourcegraph/sourcegraph/cmd/frontend/internal/graphqlbackend/pkgs.go:77.18,79.3 1 0
sourcegraph.com/sourcegraph/sourcegraph/cmd/frontend/internal/graphqlbackend/pkgs.go:80.19,82.3 1 6
sourcegraph.com/sourcegraph/sourcegraph/cmd/frontend/internal/graphqlbackend/pkgs.go:83.21,85.3 1 0
sourcegraph.com/sourcegraph/sourcegraph/cmd/frontend/internal/graphqlbackend/pkgs.go:86.22,88.3 1 0
sourcegraph.com/sourcegraph/sourcegraph/cmd/frontend/internal/graphqlbackend/pkgs.go:89.22,91.3 1 0
sourcegraph.com/sourcegraph/sourcegraph/cmd/frontend/internal/graphqlbackend/pkgs.go:92.22,94.3 1 0
sourcegraph.com/sourcegraph/sourcegraph/cmd/frontend/internal/graphqlbackend/pkgs.go:95.21,97.3 1 0
sourcegraph.com/sourcegraph/sourcegraph/cmd/frontend/internal/graphqlbackend/site_reload.go:19.82,22.65 1 0
sourcegraph.com/sourcegraph/sourcegraph/cmd/frontend/internal/graphqlbackend/site_reload.go:26.2,26.20 1 0
sourcegraph.com/sourcegraph/sourcegraph/cmd/frontend/internal/graphqlbackend/site_reload.go:30.2,32.31 3 0
sourcegraph.com/sourcegraph/sourcegraph/cmd/frontend/internal/graphqlbackend/site_reload.go:39.2,39.30 1 0
sourcegraph.com/sourcegraph/sourcegraph/cmd/frontend/internal/graphqlbackend/site_reload.go:22.65,24.3 1 0
sourcegraph.com/sourcegraph/sourcegraph/cmd/frontend/internal/graphqlbackend/site_reload.go:26.20,28.3 1 0
sourcegraph.com/sourcegraph/sourcegraph/cmd/frontend/internal/graphqlbackend/site_reload.go:32.31,34.50 2 0
sourcegraph.com/sourcegraph/sourcegraph/cmd/frontend/internal/graphqlbackend/site_reload.go:34.50,36.4 1 0
sourcegraph.com/sourcegraph/sourcegraph/cmd/frontend/internal/graphqlbackend/user_tags.go:9.38,11.2 1 0
sourcegraph.com/sourcegraph/sourcegraph/cmd/frontend/internal/graphqlbackend/user_tags.go:13.41,15.2 1 0
sourcegraph.com/sourcegraph/sourcegraph/cmd/frontend/internal/graphqlbackend/comments.go:36.61,38.2 1 0
sourcegraph.com/sourcegraph/sourcegraph/cmd/frontend/internal/graphqlbackend/comments.go:40.45,42.2 1 0
sourcegraph.com/sourcegraph/sourcegraph/cmd/frontend/internal/graphqlbackend/comments.go:44.54,46.2 1 0
sourcegraph.com/sourcegraph/sourcegraph/cmd/frontend/internal/graphqlbackend/comments.go:48.46,50.2 1 0
sourcegraph.com/sourcegraph/sourcegraph/cmd/frontend/internal/graphqlbackend/comments.go:52.46,54.2 1 0
sourcegraph.com/sourcegraph/sourcegraph/cmd/frontend/internal/graphqlbackend/comments.go:56.78,58.16 2 0
sourcegraph.com/sourcegraph/sourcegraph/cmd/frontend/internal/graphqlbackend/comments.go:61.2,61.33 1 0
sourcegraph.com/sourcegraph/sourcegraph/cmd/frontend/internal/graphqlbackend/comments.go:58.16,60.3 1 0
sourcegraph.com/sourcegraph/sourcegraph/cmd/frontend/internal/graphqlbackend/comments.go:68.29,70.2 1 0
sourcegraph.com/sourcegraph/sourcegraph/cmd/frontend/internal/graphqlbackend/comments.go:75.29,85.2 1 2
sourcegraph.com/sourcegraph/sourcegraph/cmd/frontend/internal/graphqlbackend/comments.go:93.29,95.16 2 2
sourcegraph.com/sourcegraph/sourcegraph/cmd/frontend/internal/graphqlbackend/comments.go:99.2,100.16 2 2
sourcegraph.com/sourcegraph/sourcegraph/cmd/frontend/internal/graphqlbackend/comments.go:104.2,105.21 2 1
sourcegraph.com/sourcegraph/sourcegraph/cmd/frontend/internal/graphqlbackend/comments.go:133.2,134.16 2 1
sourcegraph.com/sourcegraph/sourcegraph/cmd/frontend/internal/graphqlbackend/comments.go:137.2,138.16 2 1
sourcegraph.com/sourcegraph/sourcegraph/cmd/frontend/internal/graphqlbackend/comments.go:142.2,143.16 2 1
sourcegraph.com/sourcegraph/sourcegraph/cmd/frontend/internal/graphqlbackend/comments.go:148.2,149.16 2 1
sourcegraph.com/sourcegraph/sourcegraph/cmd/frontend/internal/graphqlbackend/comments.go:153.2,154.16 2 1
sourcegraph.com/sourcegraph/sourcegraph/cmd/frontend/internal/graphqlbackend/comments.go:158.2,159.16 2 1
sourcegraph.com/sourcegraph/sourcegraph/cmd/frontend/internal/graphqlbackend/comments.go:163.2,166.16 3 1
sourcegraph.com/sourcegraph/sourcegraph/cmd/frontend/internal/graphqlbackend/comments.go:170.2,170.47 1 1
sourcegraph.com/sourcegraph/sourcegraph/cmd/frontend/internal/graphqlbackend/comments.go:180.2,180.15 1 1
sourcegraph.com/sourcegraph/sourcegraph/cmd/frontend/internal/graphqlbackend/comments.go:95.16,97.3 1 0
sourcegraph.com/sourcegraph/sourcegraph/cmd/frontend/internal/graphqlbackend/comments.go:100.16,102.3 1 1
sourcegraph.com/sourcegraph/sourcegraph/cmd/frontend/internal/graphqlbackend/comments.go:105.21,108.78 1 1
sourcegraph.com/sourcegraph/sourcegraph/cmd/frontend/internal/graphqlbackend/comments.go:108.78,110.4 1 0
sourcegraph.com/sourcegraph/sourcegraph/cmd/frontend/internal/graphqlbackend/comments.go:111.3,113.31 1 0
sourcegraph.com/sourcegraph/sourcegraph/cmd/frontend/internal/graphqlbackend/comments.go:121.3,122.17 2 0
sourcegraph.com/sourcegraph/sourcegraph/cmd/frontend/internal/graphqlbackend/comments.go:125.3,125.19 1 0
sourcegraph.com/sourcegraph/sourcegraph/cmd/frontend/internal/graphqlbackend/comments.go:113.31,116.4 1 0
sourcegraph.com/sourcegraph/sourcegraph/cmd/frontend/internal/graphqlbackend/comments.go:122.17,124.4 1 0
sourcegraph.com/sourcegraph/sourcegraph/cmd/frontend/internal/graphqlbackend/comments.go:125.19,127.79 1 0
sourcegraph.com/sourcegraph/sourcegraph/cmd/frontend/internal/graphqlbackend/comments.go:127.79,129.5 1 0
sourcegraph.com/sourcegraph/sourcegraph/cmd/frontend/internal/graphqlbackend/comments.go:134.16,136.3 1 0
sourcegraph.com/sourcegraph/sourcegraph/cmd/frontend/internal/graphqlbackend/comments.go:138.16,140.3 1 0
sourcegraph.com/sourcegraph/sourcegraph/cmd/frontend/internal/graphqlbackend/comments.go:143.16,145.3 1 0
sourcegraph.com/sourcegraph/sourcegraph/cmd/frontend/internal/graphqlbackend/comments.go:149.16,151.3 1 0
sourcegraph.com/sourcegraph/sourcegraph/cmd/frontend/internal/graphqlbackend/comments.go:154.16,156.3 1 0
sourcegraph.com/sourcegraph/sourcegraph/cmd/frontend/internal/graphqlbackend/comments.go:159.16,161.3 1 0
sourcegraph.com/sourcegraph/sourcegraph/cmd/frontend/internal/graphqlbackend/comments.go:166.16,169.3 1 0
sourcegraph.com/sourcegraph/sourcegraph/cmd/frontend/internal/graphqlbackend/comments.go:170.47,173.3 1 0
sourcegraph.com/sourcegraph/sourcegraph/cmd/frontend/internal/graphqlbackend/comments.go:173.3,173.27 1 1
sourcegraph.com/sourcegraph/sourcegraph/cmd/frontend/internal/graphqlbackend/comments.go:173.27,178.3 3 1
sourcegraph.com/sourcegraph/sourcegraph/cmd/frontend/internal/graphqlbackend/comments.go:189.58,191.2 1 1
sourcegraph.com/sourcegraph/sourcegraph/cmd/frontend/internal/graphqlbackend/comments.go:193.63,194.31 1 0
sourcegraph.com/sourcegraph/sourcegraph/cmd/frontend/internal/graphqlbackend/comments.go:195.14,198.57 3 0
sourcegraph.com/sourcegraph/sourcegraph/cmd/frontend/internal/graphqlbackend/comments.go:201.3,201.62 1 0
sourcegraph.com/sourcegraph/sourcegraph/cmd/frontend/internal/graphqlbackend/comments.go:204.3,205.13 2 0
sourcegraph.com/sourcegraph/sourcegraph/cmd/frontend/internal/graphqlbackend/comments.go:206.10,207.34 1 0
sourcegraph.com/sourcegraph/sourcegraph/cmd/frontend/internal/graphqlbackend/comments.go:198.57,200.4 1 0
sourcegraph.com/sourcegraph/sourcegraph/cmd/frontend/internal/graphqlbackend/comments.go:201.62,203.4 1 0
sourcegraph.com/sourcegraph/sourcegraph/cmd/frontend/internal/graphqlbackend/comments.go:213.20,215.16 2 0
sourcegraph.com/sourcegraph/sourcegraph/cmd/frontend/internal/graphqlbackend/comments.go:221.2,224.24 4 0
sourcegraph.com/sourcegraph/sourcegraph/cmd/frontend/internal/graphqlbackend/comments.go:215.16,217.3 1 0
sourcegraph.com/sourcegraph/sourcegraph/cmd/frontend/internal/graphqlbackend/comments.go:228.114,230.16 2 0
sourcegraph.com/sourcegraph/sourcegraph/cmd/frontend/internal/graphqlbackend/comments.go:234.2,235.16 2 0
sourcegraph.com/sourcegraph/sourcegraph/cmd/frontend/internal/graphqlbackend/comments.go:239.2,240.16 2 0
sourcegraph.com/sourcegraph/sourcegraph/cmd/frontend/internal/graphqlbackend/comments.go:245.2,245.77 1 0
sourcegraph.com/sourcegraph/sourcegraph/cmd/frontend/internal/graphqlbackend/comments.go:249.2,250.16 2 0
sourcegraph.com/sourcegraph/sourcegraph/cmd/frontend/internal/graphqlbackend/comments.go:254.2,259.4 1 0
sourcegraph.com/sourcegraph/sourcegraph/cmd/frontend/internal/graphqlbackend/comments.go:230.16,232.3 1 0
sourcegraph.com/sourcegraph/sourcegraph/cmd/frontend/internal/graphqlbackend/comments.go:235.16,237.3 1 0
sourcegraph.com/sourcegraph/sourcegraph/cmd/frontend/internal/graphqlbackend/comments.go:240.16,242.3 1 0
sourcegraph.com/sourcegraph/sourcegraph/cmd/frontend/internal/graphqlbackend/comments.go:245.77,247.3 1 0
sourcegraph.com/sourcegraph/sourcegraph/cmd/frontend/internal/graphqlbackend/comments.go:250.16,252.3 1 0
sourcegraph.com/sourcegraph/sourcegraph/cmd/frontend/internal/graphqlbackend/comments.go:269.222,270.33 1 2
sourcegraph.com/sourcegraph/sourcegraph/cmd/frontend/internal/graphqlbackend/comments.go:274.2,275.26 2 1
sourcegraph.com/sourcegraph/sourcegraph/cmd/frontend/internal/graphqlbackend/comments.go:279.2,280.31 2 0
sourcegraph.com/sourcegraph/sourcegraph/cmd/frontend/internal/graphqlbackend/comments.go:286.2,287.16 2 0
sourcegraph.com/sourcegraph/sourcegraph/cmd/frontend/internal/graphqlbackend/comments.go:291.2,294.55 4 0
sourcegraph.com/sourcegraph/sourcegraph/cmd/frontend/internal/graphqlbackend/comments.go:299.2,299.12 1 0
sourcegraph.com/sourcegraph/sourcegraph/cmd/frontend/internal/graphqlbackend/comments.go:336.2,336.78 1 0
sourcegraph.com/sourcegraph/sourcegraph/cmd/frontend/internal/graphqlbackend/comments.go:270.33,272.3 1 1
sourcegraph.com/sourcegraph/sourcegraph/cmd/frontend/internal/graphqlbackend/comments.go:275.26,277.3 1 1
sourcegraph.com/sourcegraph/sourcegraph/cmd/frontend/internal/graphqlbackend/comments.go:280.31,282.3 1 0
sourcegraph.com/sourcegraph/sourcegraph/cmd/frontend/internal/graphqlbackend/comments.go:282.3,284.3 1 0
sourcegraph.com/sourcegraph/sourcegraph/cmd/frontend/internal/graphqlbackend/comments.go:287.16,289.3 1 0
sourcegraph.com/sourcegraph/sourcegraph/cmd/frontend/internal/graphqlbackend/comments.go:294.55,296.3 1 0
sourcegraph.com/sourcegraph/sourcegraph/cmd/frontend/internal/graphqlbackend/comments.go:299.12,302.32 3 0
sourcegraph.com/sourcegraph/sourcegraph/cmd/frontend/internal/graphqlbackend/comments.go:302.32,304.28 2 0
sourcegraph.com/sourcegraph/sourcegraph/cmd/frontend/internal/graphqlbackend/comments.go:307.4,330.19 2 0
sourcegraph.com/sourcegraph/sourcegraph/cmd/frontend/internal/graphqlbackend/comments.go:304.28,306.5 1 0
sourcegraph.com/sourcegraph/sourcegraph/cmd/frontend/internal/graphqlbackend/comments.go:330.19,332.5 1 0
sourcegraph.com/sourcegraph/sourcegraph/cmd/frontend/internal/graphqlbackend/comments.go:370.121,371.31 1 9
sourcegraph.com/sourcegraph/sourcegraph/cmd/frontend/internal/graphqlbackend/comments.go:375.2,384.29 7 8
sourcegraph.com/sourcegraph/sourcegraph/cmd/frontend/internal/graphqlbackend/comments.go:407.2,411.36 4 8
sourcegraph.com/sourcegraph/sourcegraph/cmd/frontend/internal/graphqlbackend/comments.go:419.2,420.16 2 7
sourcegraph.com/sourcegraph/sourcegraph/cmd/frontend/internal/graphqlbackend/comments.go:423.2,424.26 2 7
sourcegraph.com/sourcegraph/sourcegraph/cmd/frontend/internal/graphqlbackend/comments.go:432.2,432.20 1 7
sourcegraph.com/sourcegraph/sourcegraph/cmd/frontend/internal/graphqlbackend/comments.go:371.31,373.3 1 1
sourcegraph.com/sourcegraph/sourcegraph/cmd/frontend/internal/graphqlbackend/comments.go:384.29,386.17 2 37
sourcegraph.com/sourcegraph/sourcegraph/cmd/frontend/internal/graphqlbackend/comments.go:391.3,396.31 3 37
sourcegraph.com/sourcegraph/sourcegraph/cmd/frontend/internal/graphqlbackend/comments.go:401.3,401.27 1 37
sourcegraph.com/sourcegraph/sourcegraph/cmd/frontend/internal/graphqlbackend/comments.go:404.3,404.66 1 37
sourcegraph.com/sourcegraph/sourcegraph/cmd/frontend/internal/graphqlbackend/comments.go:386.17,388.4 1 0
sourcegraph.com/sourcegraph/sourcegraph/cmd/frontend/internal/graphqlbackend/comments.go:396.31,398.4 1 31
sourcegraph.com/sourcegraph/sourcegraph/cmd/frontend/internal/graphqlbackend/comments.go:401.27,403.4 1 8
sourcegraph.com/sourcegraph/sourcegraph/cmd/frontend/internal/graphqlbackend/comments.go:411.36,413.21 2 1
sourcegraph.com/sourcegraph/sourcegraph/cmd/frontend/internal/graphqlbackend/comments.go:416.3,416.47 1 1
sourcegraph.com/sourcegraph/sourcegraph/cmd/frontend/internal/graphqlbackend/comments.go:413.21,415.4 1 1
sourcegraph.com/sourcegraph/sourcegraph/cmd/frontend/internal/graphqlbackend/comments.go:420.16,422.3 1 0
sourcegraph.com/sourcegraph/sourcegraph/cmd/frontend/internal/graphqlbackend/comments.go:424.26,426.17 2 23
sourcegraph.com/sourcegraph/sourcegraph/cmd/frontend/internal/graphqlbackend/comments.go:430.3,430.53 1 23
sourcegraph.com/sourcegraph/sourcegraph/cmd/frontend/internal/graphqlbackend/comments.go:426.17,428.4 1 0
sourcegraph.com/sourcegraph/sourcegraph/cmd/frontend/internal/graphqlbackend/comments.go:439.54,442.15 3 55
sourcegraph.com/sourcegraph/sourcegraph/cmd/frontend/internal/graphqlbackend/comments.go:446.2,447.28 2 55
sourcegraph.com/sourcegraph/sourcegraph/cmd/frontend/internal/graphqlbackend/comments.go:450.2,450.18 1 55
sourcegraph.com/sourcegraph/sourcegraph/cmd/frontend/internal/graphqlbackend/comments.go:442.15,445.3 2 46
sourcegraph.com/sourcegraph/sourcegraph/cmd/frontend/internal/graphqlbackend/comments.go:447.28,449.3 1 46
sourcegraph.com/sourcegraph/sourcegraph/cmd/frontend/internal/graphqlbackend/comments.go:453.65,455.16 2 4
sourcegraph.com/sourcegraph/sourcegraph/cmd/frontend/internal/graphqlbackend/comments.go:458.2,458.13 1 3
sourcegraph.com/sourcegraph/sourcegraph/cmd/frontend/internal/graphqlbackend/comments.go:455.16,457.3 1 1
sourcegraph.com/sourcegraph/sourcegraph/cmd/frontend/internal/graphqlbackend/comments.go:462.77,464.22 2 3
sourcegraph.com/sourcegraph/sourcegraph/cmd/frontend/internal/graphqlbackend/comments.go:469.2,469.21 1 3
sourcegraph.com/sourcegraph/sourcegraph/cmd/frontend/internal/graphqlbackend/comments.go:472.2,472.10 1 3
sourcegraph.com/sourcegraph/sourcegraph/cmd/frontend/internal/graphqlbackend/comments.go:464.22,468.3 3 2
sourcegraph.com/sourcegraph/sourcegraph/cmd/frontend/internal/graphqlbackend/comments.go:469.21,471.3 1 3
sourcegraph.com/sourcegraph/sourcegraph/cmd/frontend/internal/graphqlbackend/comments.go:475.59,480.2 4 3
sourcegraph.com/sourcegraph/sourcegraph/cmd/frontend/internal/graphqlbackend/comments.go:483.90,484.27 1 60
sourcegraph.com/sourcegraph/sourcegraph/cmd/frontend/internal/graphqlbackend/comments.go:491.2,491.14 1 60
sourcegraph.com/sourcegraph/sourcegraph/cmd/frontend/internal/graphqlbackend/comments.go:484.27,485.29 1 54
sourcegraph.com/sourcegraph/sourcegraph/cmd/frontend/internal/graphqlbackend/comments.go:488.3,489.27 2 41
sourcegraph.com/sourcegraph/sourcegraph/cmd/frontend/internal/graphqlbackend/comments.go:485.29,486.12 1 13
sourcegraph.com/sourcegraph/sourcegraph/cmd/frontend/internal/graphqlbackend/comments.go:495.91,496.27 1 37
sourcegraph.com/sourcegraph/sourcegraph/cmd/frontend/internal/graphqlbackend/comments.go:503.2,503.14 1 37
sourcegraph.com/sourcegraph/sourcegraph/cmd/frontend/internal/graphqlbackend/comments.go:496.27,497.29 1 37
sourcegraph.com/sourcegraph/sourcegraph/cmd/frontend/internal/graphqlbackend/comments.go:500.3,501.27 2 9
sourcegraph.com/sourcegraph/sourcegraph/cmd/frontend/internal/graphqlbackend/comments.go:497.29,498.12 1 28
sourcegraph.com/sourcegraph/sourcegraph/cmd/frontend/internal/graphqlbackend/repo_groups.go:14.34,14.51 1 0
sourcegraph.com/sourcegraph/sourcegraph/cmd/frontend/internal/graphqlbackend/repo_groups.go:16.44,16.88 1 0
sourcegraph.com/sourcegraph/sourcegraph/cmd/frontend/internal/graphqlbackend/repo_groups.go:18.80,20.16 2 0
sourcegraph.com/sourcegraph/sourcegraph/cmd/frontend/internal/graphqlbackend/repo_groups.go:24.2,25.40 2 0
sourcegraph.com/sourcegraph/sourcegraph/cmd/frontend/internal/graphqlbackend/repo_groups.go:35.2,35.20 1 0
sourcegraph.com/sourcegraph/sourcegraph/cmd/frontend/internal/graphqlbackend/repo_groups.go:20.16,22.3 1 0
sourcegraph.com/sourcegraph/sourcegraph/cmd/frontend/internal/graphqlbackend/repo_groups.go:25.40,27.30 2 0
sourcegraph.com/sourcegraph/sourcegraph/cmd/frontend/internal/graphqlbackend/repo_groups.go:30.3,33.5 1 0
sourcegraph.com/sourcegraph/sourcegraph/cmd/frontend/internal/graphqlbackend/repo_groups.go:27.30,29.4 1 0
sourcegraph.com/sourcegraph/sourcegraph/cmd/frontend/internal/graphqlbackend/repository_mirror.go:14.73,16.2 1 0
sourcegraph.com/sourcegraph/sourcegraph/cmd/frontend/internal/graphqlbackend/repository_mirror.go:27.115,28.27 1 0
sourcegraph.com/sourcegraph/sourcegraph/cmd/frontend/internal/graphqlbackend/repository_mirror.go:31.2,31.42 1 0
sourcegraph.com/sourcegraph/sourcegraph/cmd/frontend/internal/graphqlbackend/repository_mirror.go:28.27,30.3 1 0
sourcegraph.com/sourcegraph/sourcegraph/cmd/frontend/internal/graphqlbackend/repository_mirror.go:34.87,37.65 1 0
sourcegraph.com/sourcegraph/sourcegraph/cmd/frontend/internal/graphqlbackend/repository_mirror.go:41.2,42.16 2 0
sourcegraph.com/sourcegraph/sourcegraph/cmd/frontend/internal/graphqlbackend/repository_mirror.go:45.2,45.22 1 0
[...]
sourcegraph.com/sourcegraph/sourcegraph/cmd/frontend/internal/graphqlbackend/file.go:277.20,279.16 2 0
sourcegraph.com/sourcegraph/sourcegraph/cmd/frontend/internal/graphqlbackend/file.go:283.2,288.16 2 0
sourcegraph.com/sourcegraph/sourcegraph/cmd/frontend/internal/graphqlbackend/file.go:291.2,291.22 1 0
sourcegraph.com/sourcegraph/sourcegraph/cmd/frontend/internal/graphqlbackend/file.go:279.16,281.3 1 0
sourcegraph.com/sourcegraph/sourcegraph/cmd/frontend/internal/graphqlbackend/file.go:288.16,290.3 1 0
sourcegraph.com/sourcegraph/sourcegraph/cmd/frontend/internal/graphqlbackend/file.go:298.30,301.16 2 0
sourcegraph.com/sourcegraph/sourcegraph/cmd/frontend/internal/graphqlbackend/file.go:305.2,310.16 2 0
sourcegraph.com/sourcegraph/sourcegraph/cmd/frontend/internal/graphqlbackend/file.go:314.2,315.29 2 0
sourcegraph.com/sourcegraph/sourcegraph/cmd/frontend/internal/graphqlbackend/file.go:321.2,321.27 1 0
sourcegraph.com/sourcegraph/sourcegraph/cmd/frontend/internal/graphqlbackend/file.go:301.16,303.3 1 0
sourcegraph.com/sourcegraph/sourcegraph/cmd/frontend/internal/graphqlbackend/file.go:310.16,312.3 1 0
sourcegraph.com/sourcegraph/sourcegraph/cmd/frontend/internal/graphqlbackend/file.go:315.29,319.3 1 0
sourcegraph.com/sourcegraph/sourcegraph/cmd/frontend/internal/graphqlbackend/file.go:328.43,338.16 2 0
sourcegraph.com/sourcegraph/sourcegraph/cmd/frontend/internal/graphqlbackend/file.go:342.2,345.41 4 0
sourcegraph.com/sourcegraph/sourcegraph/cmd/frontend/internal/graphqlbackend/file.go:375.2,376.16 2 0
sourcegraph.com/sourcegraph/sourcegraph/cmd/frontend/internal/graphqlbackend/file.go:380.2,381.16 2 0
sourcegraph.com/sourcegraph/sourcegraph/cmd/frontend/internal/graphqlbackend/file.go:385.2,397.8 1 0
sourcegraph.com/sourcegraph/sourcegraph/cmd/frontend/internal/graphqlbackend/file.go:338.16,340.3 1 0
sourcegraph.com/sourcegraph/sourcegraph/cmd/frontend/internal/graphqlbackend/file.go:345.41,346.52 1 0
sourcegraph.com/sourcegraph/sourcegraph/cmd/frontend/internal/graphqlbackend/file.go:350.3,351.17 2 0
sourcegraph.com/sourcegraph/sourcegraph/cmd/frontend/internal/graphqlbackend/file.go:355.3,359.17 4 0
sourcegraph.com/sourcegraph/sourcegraph/cmd/frontend/internal/graphqlbackend/file.go:363.3,364.17 2 0
sourcegraph.com/sourcegraph/sourcegraph/cmd/frontend/internal/graphqlbackend/file.go:368.3,372.5 1 0
sourcegraph.com/sourcegraph/sourcegraph/cmd/frontend/internal/graphqlbackend/file.go:346.52,347.12 1 0
sourcegraph.com/sourcegraph/sourcegraph/cmd/frontend/internal/graphqlbackend/file.go:351.17,353.4 1 0
sourcegraph.com/sourcegraph/sourcegraph/cmd/frontend/internal/graphqlbackend/file.go:359.17,361.4 1 0
sourcegraph.com/sourcegraph/sourcegraph/cmd/frontend/internal/graphqlbackend/file.go:364.17,366.4 1 0
sourcegraph.com/sourcegraph/sourcegraph/cmd/frontend/internal/graphqlbackend/file.go:376.16,378.3 1 0
sourcegraph.com/sourcegraph/sourcegraph/cmd/frontend/internal/graphqlbackend/file.go:381.16,383.3 1 0
sourcegraph.com/sourcegraph/sourcegraph/cmd/frontend/internal/graphqlbackend/file.go:400.58,402.2 1 2
sourcegraph.com/sourcegraph/sourcegraph/cmd/frontend/internal/graphqlbackend/file.go:409.33,409.50 1 0
sourcegraph.com/sourcegraph/sourcegraph/cmd/frontend/internal/graphqlbackend/file.go:410.33,410.45 1 0
sourcegraph.com/sourcegraph/sourcegraph/cmd/frontend/internal/graphqlbackend/file.go:411.33,411.51 1 0
sourcegraph.com/sourcegraph/sourcegraph/cmd/frontend/internal/graphqlbackend/file.go:412.38,413.15 1 0
sourcegraph.com/sourcegraph/sourcegraph/cmd/frontend/internal/graphqlbackend/file.go:416.2,416.10 1 0
sourcegraph.com/sourcegraph/sourcegraph/cmd/frontend/internal/graphqlbackend/file.go:413.15,415.3 1 0
sourcegraph.com/sourcegraph/sourcegraph/cmd/frontend/internal/graphqlbackend/file.go:418.39,418.60 1 0
sourcegraph.com/sourcegraph/sourcegraph/cmd/frontend/internal/graphqlbackend/file.go:419.39,419.66 1 0
sourcegraph.com/sourcegraph/sourcegraph/cmd/frontend/internal/graphqlbackend/connection.go:12.49,13.43 1 3
sourcegraph.com/sourcegraph/sourcegraph/cmd/frontend/internal/graphqlbackend/connection.go:18.2,18.44 1 3
sourcegraph.com/sourcegraph/sourcegraph/cmd/frontend/internal/graphqlbackend/connection.go:13.43,16.3 2 3
sourcegraph.com/sourcegraph/sourcegraph/cmd/frontend/internal/graphqlbackend/configuration.go:27.98,29.16 2 2
sourcegraph.com/sourcegraph/sourcegraph/cmd/frontend/internal/graphqlbackend/configuration.go:33.2,34.30 2 2
sourcegraph.com/sourcegraph/sourcegraph/cmd/frontend/internal/graphqlbackend/configuration.go:29.16,31.3 1 0
sourcegraph.com/sourcegraph/sourcegraph/cmd/frontend/internal/graphqlbackend/configuration.go:35.21,36.45 1 0
sourcegraph.com/sourcegraph/sourcegraph/cmd/frontend/internal/graphqlbackend/configuration.go:38.21,39.31 1 2
sourcegraph.com/sourcegraph/sourcegraph/cmd/frontend/internal/graphqlbackend/configuration.go:43.3,43.37 1 2
sourcegraph.com/sourcegraph/sourcegraph/cmd/frontend/internal/graphqlbackend/configuration.go:46.3,46.45 1 2
sourcegraph.com/sourcegraph/sourcegraph/cmd/frontend/internal/graphqlbackend/configuration.go:48.20,50.76 1 0
sourcegraph.com/sourcegraph/sourcegraph/cmd/frontend/internal/graphqlbackend/configuration.go:53.3,53.44 1 0
sourcegraph.com/sourcegraph/sourcegraph/cmd/frontend/internal/graphqlbackend/configuration.go:55.10,56.59 1 0
sourcegraph.com/sourcegraph/sourcegraph/cmd/frontend/internal/graphqlbackend/configuration.go:39.31,41.4 1 0
sourcegraph.com/sourcegraph/sourcegraph/cmd/frontend/internal/graphqlbackend/configuration.go:43.37,45.4 1 0
sourcegraph.com/sourcegraph/sourcegraph/cmd/frontend/internal/graphqlbackend/configuration.go:50.76,52.4 1 0
sourcegraph.com/sourcegraph/sourcegraph/cmd/frontend/internal/graphqlbackend/configuration.go:61.85,62.9 1 0
sourcegraph.com/sourcegraph/sourcegraph/cmd/frontend/internal/graphqlbackend/configuration.go:63.27,64.46 1 0
sourcegraph.com/sourcegraph/sourcegraph/cmd/frontend/internal/graphqlbackend/configuration.go:65.27,66.43 1 0
sourcegraph.com/sourcegraph/sourcegraph/cmd/frontend/internal/graphqlbackend/configuration.go:67.26,68.41 1 0
sourcegraph.com/sourcegraph/sourcegraph/cmd/frontend/internal/graphqlbackend/configuration.go:69.10,70.58 1 0
sourcegraph.com/sourcegraph/sourcegraph/cmd/frontend/internal/graphqlbackend/configuration.go:74.71,75.9 1 1
sourcegraph.com/sourcegraph/sourcegraph/cmd/frontend/internal/graphqlbackend/configuration.go:83.2,83.14 1 0
sourcegraph.com/sourcegraph/sourcegraph/cmd/frontend/internal/graphqlbackend/configuration.go:76.38,77.28 1 0
sourcegraph.com/sourcegraph/sourcegraph/cmd/frontend/internal/graphqlbackend/configuration.go:78.38,79.28 1 1
sourcegraph.com/sourcegraph/sourcegraph/cmd/frontend/internal/graphqlbackend/configuration.go:80.36,81.26 1 0
sourcegraph.com/sourcegraph/sourcegraph/cmd/frontend/internal/graphqlbackend/configuration.go:94.109,95.68 1 1
sourcegraph.com/sourcegraph/sourcegraph/cmd/frontend/internal/graphqlbackend/configuration.go:98.2,98.12 1 1
sourcegraph.com/sourcegraph/sourcegraph/cmd/frontend/internal/graphqlbackend/configuration.go:95.68,97.3 1 0
sourcegraph.com/sourcegraph/sourcegraph/cmd/frontend/internal/graphqlbackend/configuration.go:101.63,101.95 1 0
sourcegraph.com/sourcegraph/sourcegraph/cmd/frontend/internal/graphqlbackend/configuration.go:103.61,103.91 1 0
sourcegraph.com/sourcegraph/sourcegraph/cmd/frontend/internal/graphqlbackend/configuration.go:105.63,105.95 1 0
sourcegraph.com/sourcegraph/sourcegraph/cmd/frontend/internal/graphqlbackend/configuration.go:107.71,108.9 1 8
sourcegraph.com/sourcegraph/sourcegraph/cmd/frontend/internal/graphqlbackend/configuration.go:109.21,110.57 1 0
sourcegraph.com/sourcegraph/sourcegraph/cmd/frontend/internal/graphqlbackend/configuration.go:111.20,112.56 1 0
sourcegraph.com/sourcegraph/sourcegraph/cmd/frontend/internal/graphqlbackend/configuration.go:113.21,114.59 1 8
sourcegraph.com/sourcegraph/sourcegraph/cmd/frontend/internal/graphqlbackend/configuration.go:115.10,116.38 1 0
sourcegraph.com/sourcegraph/sourcegraph/cmd/frontend/internal/graphqlbackend/configuration.go:120.48,121.9 1 2
sourcegraph.com/sourcegraph/sourcegraph/cmd/frontend/internal/graphqlbackend/configuration.go:129.2,129.17 1 0
sourcegraph.com/sourcegraph/sourcegraph/cmd/frontend/internal/graphqlbackend/configuration.go:122.21,123.21 1 0
sourcegraph.com/sourcegraph/sourcegraph/cmd/frontend/internal/graphqlbackend/configuration.go:124.20,125.20 1 0
sourcegraph.com/sourcegraph/sourcegraph/cmd/frontend/internal/graphqlbackend/configuration.go:126.21,127.21 1 2
sourcegraph.com/sourcegraph/sourcegraph/cmd/frontend/internal/graphqlbackend/configuration.go:132.95,133.9 1 3
sourcegraph.com/sourcegraph/sourcegraph/cmd/frontend/internal/graphqlbackend/configuration.go:134.21,135.33 1 0
sourcegraph.com/sourcegraph/sourcegraph/cmd/frontend/internal/graphqlbackend/configuration.go:136.20,137.35 1 0
sourcegraph.com/sourcegraph/sourcegraph/cmd/frontend/internal/graphqlbackend/configuration.go:138.21,139.36 1 3
sourcegraph.com/sourcegraph/sourcegraph/cmd/frontend/internal/graphqlbackend/configuration.go:140.10,141.34 1 0
sourcegraph.com/sourcegraph/sourcegraph/cmd/frontend/internal/graphqlbackend/configuration.go:146.92,148.16 2 3
sourcegraph.com/sourcegraph/sourcegraph/cmd/frontend/internal/graphqlbackend/configuration.go:151.2,151.21 1 3
sourcegraph.com/sourcegraph/sourcegraph/cmd/frontend/internal/graphqlbackend/configuration.go:154.2,154.63 1 3
sourcegraph.com/sourcegraph/sourcegraph/cmd/frontend/internal/graphqlbackend/configuration.go:148.16,150.3 1 0
sourcegraph.com/sourcegraph/sourcegraph/cmd/frontend/internal/graphqlbackend/configuration.go:151.21,153.3 1 0
sourcegraph.com/sourcegraph/sourcegraph/cmd/frontend/internal/graphqlbackend/configuration.go:162.51,162.72 1 0
sourcegraph.com/sourcegraph/sourcegraph/cmd/frontend/internal/graphqlbackend/configuration.go:164.53,165.23 1 0
sourcegraph.com/sourcegraph/sourcegraph/cmd/frontend/internal/graphqlbackend/configuration.go:168.2,168.19 1 0
sourcegraph.com/sourcegraph/sourcegraph/cmd/frontend/internal/graphqlbackend/configuration.go:165.23,167.3 1 0
sourcegraph.com/sourcegraph/sourcegraph/cmd/frontend/internal/graphqlbackend/configuration.go:180.74,187.2 1 0
sourcegraph.com/sourcegraph/sourcegraph/cmd/frontend/internal/graphqlbackend/configuration.go:191.103,192.45 1 1
sourcegraph.com/sourcegraph/sourcegraph/cmd/frontend/internal/graphqlbackend/configuration.go:196.2,203.62 3 0
sourcegraph.com/sourcegraph/sourcegraph/cmd/frontend/internal/graphqlbackend/configuration.go:230.2,230.22 1 0
sourcegraph.com/sourcegraph/sourcegraph/cmd/frontend/internal/graphqlbackend/configuration.go:192.45,194.3 1 1
sourcegraph.com/sourcegraph/sourcegraph/cmd/frontend/internal/graphqlbackend/configuration.go:203.62,206.17 2 0
sourcegraph.com/sourcegraph/sourcegraph/cmd/frontend/internal/graphqlbackend/configuration.go:209.3,209.18 1 0
sourcegraph.com/sourcegraph/sourcegraph/cmd/frontend/internal/graphqlbackend/configuration.go:213.3,214.17 2 0
sourcegraph.com/sourcegraph/sourcegraph/cmd/frontend/internal/graphqlbackend/configuration.go:218.3,218.40 1 0
sourcegraph.com/sourcegraph/sourcegraph/cmd/frontend/internal/graphqlbackend/configuration.go:222.3,222.28 1 0
sourcegraph.com/sourcegraph/sourcegraph/cmd/frontend/internal/graphqlbackend/configuration.go:227.3,227.65 1 0
sourcegraph.com/sourcegraph/sourcegraph/cmd/frontend/internal/graphqlbackend/configuration.go:206.17,208.4 1 0
sourcegraph.com/sourcegraph/sourcegraph/cmd/frontend/internal/graphqlbackend/configuration.go:209.18,211.4 1 0
sourcegraph.com/sourcegraph/sourcegraph/cmd/frontend/internal/graphqlbackend/configuration.go:214.17,216.4 1 0
sourcegraph.com/sourcegraph/sourcegraph/cmd/frontend/internal/graphqlbackend/configuration.go:218.40,220.4 1 0
sourcegraph.com/sourcegraph/sourcegraph/cmd/frontend/internal/graphqlbackend/configuration.go:222.28,224.4 1 0
sourcegraph.com/sourcegraph/sourcegraph/cmd/frontend/internal/graphqlbackend/configuration.go:233.100,236.16 3 0
sourcegraph.com/sourcegraph/sourcegraph/cmd/frontend/internal/graphqlbackend/configuration.go:239.2,239.29 1 0
sourcegraph.com/sourcegraph/sourcegraph/cmd/frontend/internal/graphqlbackend/configuration.go:249.2,251.16 3 0
sourcegraph.com/sourcegraph/sourcegraph/cmd/frontend/internal/graphqlbackend/configuration.go:254.2,254.82 1 0
sourcegraph.com/sourcegraph/sourcegraph/cmd/frontend/internal/graphqlbackend/configuration.go:236.16,238.3 1 0
sourcegraph.com/sourcegraph/sourcegraph/cmd/frontend/internal/graphqlbackend/configuration.go:239.29,241.17 2 0
sourcegraph.com/sourcegraph/sourcegraph/cmd/frontend/internal/graphqlbackend/configuration.go:244.3,244.22 1 0
sourcegraph.com/sourcegraph/sourcegraph/cmd/frontend/internal/graphqlbackend/configuration.go:241.17,243.4 1 0
sourcegraph.com/sourcegraph/sourcegraph/cmd/frontend/internal/graphqlbackend/configuration.go:244.22,246.4 1 0
sourcegraph.com/sourcegraph/sourcegraph/cmd/frontend/internal/graphqlbackend/configuration.go:251.16,253.3 1 0
sourcegraph.com/sourcegraph/sourcegraph/cmd/frontend/internal/graphqlbackend/configuration.go:271.41,273.22 2 21
sourcegraph.com/sourcegraph/sourcegraph/cmd/frontend/internal/graphqlbackend/configuration.go:276.2,276.15 1 20
sourcegraph.com/sourcegraph/sourcegraph/cmd/frontend/internal/graphqlbackend/configuration.go:273.22,275.3 1 1
sourcegraph.com/sourcegraph/sourcegraph/cmd/frontend/internal/graphqlbackend/configuration.go:282.63,285.38 3 10
sourcegraph.com/sourcegraph/sourcegraph/cmd/frontend/internal/graphqlbackend/configuration.go:314.2,315.16 2 10
sourcegraph.com/sourcegraph/sourcegraph/cmd/frontend/internal/graphqlbackend/configuration.go:318.2,318.20 1 10
sourcegraph.com/sourcegraph/sourcegraph/cmd/frontend/internal/graphqlbackend/configuration.go:321.2,321.67 1 0
sourcegraph.com/sourcegraph/sourcegraph/cmd/frontend/internal/graphqlbackend/configuration.go:285.38,287.67 2 17
sourcegraph.com/sourcegraph/sourcegraph/cmd/frontend/internal/graphqlbackend/configuration.go:291.3,291.35 1 17
sourcegraph.com/sourcegraph/sourcegraph/cmd/frontend/internal/graphqlbackend/configuration.go:287.67,289.12 2 0
sourcegraph.com/sourcegraph/sourcegraph/cmd/frontend/internal/graphqlbackend/configuration.go:291.35,293.51 1 14
sourcegraph.com/sourcegraph/sourcegraph/cmd/frontend/internal/graphqlbackend/configuration.go:311.4,311.24 1 5
sourcegraph.com/sourcegraph/sourcegraph/cmd/frontend/internal/graphqlbackend/configuration.go:293.51,294.74 1 9
sourcegraph.com/sourcegraph/sourcegraph/cmd/frontend/internal/graphqlbackend/configuration.go:294.74,295.86 1 9
sourcegraph.com/sourcegraph/sourcegraph/cmd/frontend/internal/graphqlbackend/configuration.go:295.86,297.15 2 9
sourcegraph.com/sourcegraph/sourcegraph/cmd/frontend/internal/graphqlbackend/configuration.go:299.6,299.90 1 0
sourcegraph.com/sourcegraph/sourcegraph/cmd/frontend/internal/graphqlbackend/configuration.go:299.90,300.95 1 0
sourcegraph.com/sourcegraph/sourcegraph/cmd/frontend/internal/graphqlbackend/configuration.go:300.95,301.34 1 0
sourcegraph.com/sourcegraph/sourcegraph/cmd/frontend/internal/graphqlbackend/configuration.go:304.7,305.15 2 0
sourcegraph.com/sourcegraph/sourcegraph/cmd/frontend/internal/graphqlbackend/configuration.go:301.34,303.8 1 0
sourcegraph.com/sourcegraph/sourcegraph/cmd/frontend/internal/graphqlbackend/configuration.go:315.16,317.3 1 0
sourcegraph.com/sourcegraph/sourcegraph/cmd/frontend/internal/graphqlbackend/configuration.go:318.20,320.3 1 10
sourcegraph.com/sourcegraph/sourcegraph/cmd/frontend/internal/graphqlbackend/configuration.go:324.69,326.2 1 1
sourcegraph.com/sourcegraph/sourcegraph/cmd/frontend/internal/graphqlbackend/configuration.go:341.44,343.16 2 2
sourcegraph.com/sourcegraph/sourcegraph/cmd/frontend/internal/graphqlbackend/configuration.go:350.2,353.8 1 2
sourcegraph.com/sourcegraph/sourcegraph/cmd/frontend/internal/graphqlbackend/configuration.go:343.16,345.3 1 0
sourcegraph.com/sourcegraph/sourcegraph/cmd/frontend/internal/graphqlbackend/configuration.go:363.58,363.72 1 0
sourcegraph.com/sourcegraph/sourcegraph/cmd/frontend/internal/graphqlbackend/configuration.go:367.41,369.16 2 0
sourcegraph.com/sourcegraph/sourcegraph/cmd/frontend/internal/graphqlbackend/configuration.go:373.2,374.29 2 0
sourcegraph.com/sourcegraph/sourcegraph/cmd/frontend/internal/graphqlbackend/configuration.go:380.2,381.95 2 0
sourcegraph.com/sourcegraph/sourcegraph/cmd/frontend/internal/graphqlbackend/configuration.go:389.2,389.16 1 0
sourcegraph.com/sourcegraph/sourcegraph/cmd/frontend/internal/graphqlbackend/configuration.go:392.2,392.43 1 0
sourcegraph.com/sourcegraph/sourcegraph/cmd/frontend/internal/graphqlbackend/configuration.go:369.16,371.3 1 0
sourcegraph.com/sourcegraph/sourcegraph/cmd/frontend/internal/graphqlbackend/configuration.go:374.29,375.75 1 0
sourcegraph.com/sourcegraph/sourcegraph/cmd/frontend/internal/graphqlbackend/configuration.go:375.75,377.4 1 0
sourcegraph.com/sourcegraph/sourcegraph/cmd/frontend/internal/graphqlbackend/configuration.go:381.95,382.30 1 0
sourcegraph.com/sourcegraph/sourcegraph/cmd/frontend/internal/graphqlbackend/configuration.go:387.3,387.20 1 0
sourcegraph.com/sourcegraph/sourcegraph/cmd/frontend/internal/graphqlbackend/configuration.go:382.30,384.4 1 0
sourcegraph.com/sourcegraph/sourcegraph/cmd/frontend/internal/graphqlbackend/configuration.go:384.4,386.4 1 0
sourcegraph.com/sourcegraph/sourcegraph/cmd/frontend/internal/graphqlbackend/configuration.go:389.16,391.3 1 0
sourcegraph.com/sourcegraph/sourcegraph/cmd/frontend/internal/graphqlbackend/configuration.go:396.176,398.16 2 3
sourcegraph.com/sourcegraph/sourcegraph/cmd/frontend/internal/graphqlbackend/configuration.go:402.2,403.16 2 3
sourcegraph.com/sourcegraph/sourcegraph/cmd/frontend/internal/graphqlbackend/configuration.go:406.2,407.16 2 3
sourcegraph.com/sourcegraph/sourcegraph/cmd/frontend/internal/graphqlbackend/configuration.go:412.2,413.16 2 3
sourcegraph.com/sourcegraph/sourcegraph/cmd/frontend/internal/graphqlbackend/configuration.go:416.2,416.32 1 3
sourcegraph.com/sourcegraph/sourcegraph/cmd/frontend/internal/graphqlbackend/configuration.go:398.16,400.3 1 0
sourcegraph.com/sourcegraph/sourcegraph/cmd/frontend/internal/graphqlbackend/configuration.go:403.16,405.3 1 0
sourcegraph.com/sourcegraph/sourcegraph/cmd/frontend/internal/graphqlbackend/configuration.go:407.16,409.3 1 0
sourcegraph.com/sourcegraph/sourcegraph/cmd/frontend/internal/graphqlbackend/configuration.go:413.16,415.3 1 0
sourcegraph.com/sourcegraph/sourcegraph/cmd/frontend/internal/graphqlbackend/configuration.go:419.95,422.16 2 3
sourcegraph.com/sourcegraph/sourcegraph/cmd/frontend/internal/graphqlbackend/configuration.go:425.2,426.80 2 3
sourcegraph.com/sourcegraph/sourcegraph/cmd/frontend/internal/graphqlbackend/configuration.go:444.2,444.20 1 3
sourcegraph.com/sourcegraph/sourcegraph/cmd/frontend/internal/graphqlbackend/configuration.go:422.16,424.3 1 0
sourcegraph.com/sourcegraph/sourcegraph/cmd/frontend/internal/graphqlbackend/configuration.go:426.80,428.3 1 3
sourcegraph.com/sourcegraph/sourcegraph/cmd/frontend/internal/graphqlbackend/configuration.go:428.3,428.53 1 0
sourcegraph.com/sourcegraph/sourcegraph/cmd/frontend/internal/graphqlbackend/configuration.go:428.53,430.3 0 0
sourcegraph.com/sourcegraph/sourcegraph/cmd/frontend/internal/graphqlbackend/configuration.go:430.3,431.38 1 0
sourcegraph.com/sourcegraph/sourcegraph/cmd/frontend/internal/graphqlbackend/configuration.go:437.3,438.22 2 0
sourcegraph.com/sourcegraph/sourcegraph/cmd/frontend/internal/graphqlbackend/configuration.go:441.3,441.147 1 0
sourcegraph.com/sourcegraph/sourcegraph/cmd/frontend/internal/graphqlbackend/configuration.go:431.38,432.16 1 0
sourcegraph.com/sourcegraph/sourcegraph/cmd/frontend/internal/graphqlbackend/configuration.go:435.4,435.43 1 0
sourcegraph.com/sourcegraph/sourcegraph/cmd/frontend/internal/graphqlbackend/configuration.go:432.16,434.5 1 0
sourcegraph.com/sourcegraph/sourcegraph/cmd/frontend/internal/graphqlbackend/configuration.go:438.22,440.4 1 0
